Started by user [8mha:////4FTCqNFiKLpyn30lOIdVm1IpFtll+75UhAowWr8E/lnxAAAAlx+LCAAAAAAAAP9b85aBtbiIQTGjNKU4P08vOT+vOD8nVc83PyU1x6OyILUoJzMv2y+/JJUBAhiZGBgqihhk0NSjKDWzXb3RdlLBUSYGJk8GtpzUvPSSDB8G5tKinBIGIZ+sxLJE/ZzEvHT94JKizLx0a6BxUmjGOUNodHsLgAz2EgZu/dLi1CL9xJTczDwAHhAahcAAAAA=[0mlakshmi
Running as SYSTEM
Building in workspace /var/lib/jenkins/workspace/Qa-metriccheck
The recommended git tool is: NONE
No credentials specified
Cloning the remote Git repository
Cloning repository https://github.com/lakshmi4025/addressbook.git
 > git init /var/lib/jenkins/workspace/Qa-metriccheck # timeout=10
Fetching upstream changes from https://github.com/lakshmi4025/addressbook.git
 > git --version # timeout=10
 > git --version # 'git version 2.25.1'
 > git fetch --tags --force --progress -- https://github.com/lakshmi4025/addressbook.git +refs/heads/*:refs/remotes/origin/* # timeout=10
 > git config remote.origin.url https://github.com/lakshmi4025/addressbook.git # timeout=10
 > git config --add remote.origin.fetch +refs/heads/*:refs/remotes/origin/* # timeout=10
Avoid second fetch
 > git rev-parse refs/remotes/origin/master^{commit} # timeout=10
Checking out Revision 2dc00f3e6d58238b2c398866c03e445bee71c5d8 (refs/remotes/origin/master)
 > git config core.sparsecheckout # timeout=10
 > git checkout -f 2dc00f3e6d58238b2c398866c03e445bee71c5d8 # timeout=10
Commit message: "Update build.xml"
First time build. Skipping changelog.
[Checks API] No suitable checks publisher found.
[Qa-metriccheck] $ /usr/share/maven/bin/mvn cobertura:cobertura
[[1;34mINFO[m] Scanning for projects...
[[1;34mINFO[m] [1m------------------------------------------------------------------------[m
[[1;34mINFO[m] [1mReactor Build Order:[m
[[1;34mINFO[m] 
[[1;34mINFO[m] Vaadin Addressbook example                                         [war]
[[1;34mINFO[m] Address Book Demo                                                  [pom]
Downloading from central: https://repo.maven.apache.org/maven2/org/codehaus/mojo/cobertura-maven-plugin/maven-metadata.xml
Progress (1): 605 B                   Downloaded from central: https://repo.maven.apache.org/maven2/org/codehaus/mojo/cobertura-maven-plugin/maven-metadata.xml (605 B at 632 B/s)
Downloading from central: https://repo.maven.apache.org/maven2/org/codehaus/mojo/cobertura-maven-plugin/2.7/cobertura-maven-plugin-2.7.pom
Progress (1): 2.7/13 kBProgress (1): 5.5/13 kBProgress (1): 8.2/13 kBProgress (1): 11/13 kB Progress (1): 13 kB                      Downloaded from central: https://repo.maven.apache.org/maven2/org/codehaus/mojo/cobertura-maven-plugin/2.7/cobertura-maven-plugin-2.7.pom (13 kB at 53 kB/s)
Downloading from central: https://repo.maven.apache.org/maven2/org/codehaus/mojo/mojo-parent/34/mojo-parent-34.pom
Progress (1): 2.7/24 kBProgress (1): 5.5/24 kBProgress (1): 8.2/24 kBProgress (1): 11/24 kB Progress (1): 14/24 kBProgress (1): 16/24 kBProgress (1): 19/24 kBProgress (1): 22/24 kBProgress (1): 24 kB                      Downloaded from central: https://repo.maven.apache.org/maven2/org/codehaus/mojo/mojo-parent/34/mojo-parent-34.pom (24 kB at 89 kB/s)
Downloading from central: https://repo.maven.apache.org/maven2/org/codehaus/codehaus-parent/4/codehaus-parent-4.pom
Progress (1): 2.7/4.8 kBProgress (1): 4.8 kB                        Downloaded from central: https://repo.maven.apache.org/maven2/org/codehaus/codehaus-parent/4/codehaus-parent-4.pom (4.8 kB at 20 kB/s)
Downloading from central: https://repo.maven.apache.org/maven2/org/codehaus/mojo/cobertura-maven-plugin/2.7/cobertura-maven-plugin-2.7.jar
Progress (1): 2.7/57 kBProgress (1): 5.5/57 kBProgress (1): 8.2/57 kBProgress (1): 11/57 kB Progress (1): 14/57 kBProgress (1): 16/57 kBProgress (1): 21/57 kBProgress (1): 25/57 kBProgress (1): 29/57 kBProgress (1): 33/57 kBProgress (1): 37/57 kBProgress (1): 41/57 kBProgress (1): 45/57 kBProgress (1): 49/57 kBProgress (1): 53/57 kBProgress (1): 57 kB                      Downloaded from central: https://repo.maven.apache.org/maven2/org/codehaus/mojo/cobertura-maven-plugin/2.7/cobertura-maven-plugin-2.7.jar (57 kB at 163 kB/s)
[[1;34mINFO[m] 
[[1;34mINFO[m] [1m-----------< [0;36mcom.addressbookdemo.tutorial:addressbook_main[0;1m >------------[m
[[1;34mINFO[m] [1mBuilding Vaadin Addressbook example 2.0                            [1/2][m
[[1;34mINFO[m] [1m--------------------------------[ war ]---------------------------------[m
Downloading from vaadin-snapshots: http://oss.sonatype.org/content/repositories/vaadin-snapshots/org/codehaus/mojo/cobertura-maven-plugin/maven-metadata.xml
[[1;34mINFO[m] 
[[1;34mINFO[m] [1m>>> [0;32mcobertura-maven-plugin:2.7:cobertura[m [1m(default-cli)[0;1m > [0;1m[cobertura]test[m @ [36maddressbook_main[0;1m >>>[m
[[1;34mINFO[m] 
[[1;34mINFO[m] [1m--- [0;32mmaven-enforcer-plugin:1.0:enforce[m [1m(enforce-versions)[m @ [36maddressbook_main[0;1m ---[m
[[1;34mINFO[m] 
[[1;34mINFO[m] [1m--- [0;32mmaven-resources-plugin:2.6:resources[m [1m(default-resources)[m @ [36maddressbook_main[0;1m ---[m
[[1;34mINFO[m] Using 'UTF-8' encoding to copy filtered resources.
[[1;34mINFO[m] skip non existing resourceDirectory /var/lib/jenkins/workspace/Qa-metriccheck/addressbook_main/src/main/resources
[[1;34mINFO[m] 
[[1;34mINFO[m] [1m--- [0;32mmaven-compiler-plugin:3.2:compile[m [1m(default-compile)[m @ [36maddressbook_main[0;1m ---[m
[[1;34mINFO[m] Changes detected - recompiling the module!
[[1;34mINFO[m] Compiling 13 source files to /var/lib/jenkins/workspace/Qa-metriccheck/addressbook_main/target/classes
[[1;34mINFO[m] /var/lib/jenkins/workspace/Qa-metriccheck/addressbook_main/src/main/java/com/addressbookdemo/tutorial/addressbook/AddressbookUI.java: Some input files use or override a deprecated API.
[[1;34mINFO[m] /var/lib/jenkins/workspace/Qa-metriccheck/addressbook_main/src/main/java/com/addressbookdemo/tutorial/addressbook/AddressbookUI.java: Recompile with -Xlint:deprecation for details.
[[1;34mINFO[m] /var/lib/jenkins/workspace/Qa-metriccheck/addressbook_main/src/main/java/com/addressbookdemo/tutorial/addressbook/backend/ContactService.java: /var/lib/jenkins/workspace/Qa-metriccheck/addressbook_main/src/main/java/com/addressbookdemo/tutorial/addressbook/backend/ContactService.java uses unchecked or unsafe operations.
[[1;34mINFO[m] /var/lib/jenkins/workspace/Qa-metriccheck/addressbook_main/src/main/java/com/addressbookdemo/tutorial/addressbook/backend/ContactService.java: Recompile with -Xlint:unchecked for details.
[[1;34mINFO[m] 
[[1;34mINFO[m] [1m--- [0;32mcobertura-maven-plugin:2.7:instrument[m [1m(default-cli)[m @ [36maddressbook_main[0;1m ---[m
Downloading from central: https://repo.maven.apache.org/maven2/net/sourceforge/cobertura/cobertura/2.1.1/cobertura-2.1.1.pom
Progress (1): 4.1/20 kBProgress (1): 8.2/20 kBProgress (1): 12/20 kB Progress (1): 16/20 kBProgress (1): 20 kB                      Downloaded from central: https://repo.maven.apache.org/maven2/net/sourceforge/cobertura/cobertura/2.1.1/cobertura-2.1.1.pom (20 kB at 79 kB/s)
Downloading from central: https://repo.maven.apache.org/maven2/org/ow2/asm/asm/5.0.1/asm-5.0.1.pom
Progress (1): 1.9 kB                    Downloaded from central: https://repo.maven.apache.org/maven2/org/ow2/asm/asm/5.0.1/asm-5.0.1.pom (1.9 kB at 8.2 kB/s)
Downloading from central: https://repo.maven.apache.org/maven2/org/ow2/asm/asm-parent/5.0.1/asm-parent-5.0.1.pom
Progress (1): 4.1/5.5 kBProgress (1): 5.5 kB                        Downloaded from central: https://repo.maven.apache.org/maven2/org/ow2/asm/asm-parent/5.0.1/asm-parent-5.0.1.pom (5.5 kB at 23 kB/s)
Downloading from central: https://repo.maven.apache.org/maven2/org/ow2/ow2/1.3/ow2-1.3.pom
Progress (1): 4.1/9.5 kBProgress (1): 8.2/9.5 kBProgress (1): 9.5 kB                        Downloaded from central: https://repo.maven.apache.org/maven2/org/ow2/ow2/1.3/ow2-1.3.pom (9.5 kB at 40 kB/s)
Downloading from central: https://repo.maven.apache.org/maven2/org/ow2/asm/asm-tree/5.0.1/asm-tree-5.0.1.pom
Progress (1): 2.1 kB                    Downloaded from central: https://repo.maven.apache.org/maven2/org/ow2/asm/asm-tree/5.0.1/asm-tree-5.0.1.pom (2.1 kB at 8.7 kB/s)
Downloading from central: https://repo.maven.apache.org/maven2/org/ow2/asm/asm-commons/5.0.1/asm-commons-5.0.1.pom
Progress (1): 2.1 kB                    Downloaded from central: https://repo.maven.apache.org/maven2/org/ow2/asm/asm-commons/5.0.1/asm-commons-5.0.1.pom (2.1 kB at 9.0 kB/s)
Downloading from central: https://repo.maven.apache.org/maven2/org/ow2/asm/asm-util/5.0.1/asm-util-5.0.1.pom
Progress (1): 2.1 kB                    Downloaded from central: https://repo.maven.apache.org/maven2/org/ow2/asm/asm-util/5.0.1/asm-util-5.0.1.pom (2.1 kB at 8.6 kB/s)
Downloading from central: https://repo.maven.apache.org/maven2/org/ow2/asm/asm-analysis/5.0.1/asm-analysis-5.0.1.pom
Progress (1): 2.1 kB                    Downloaded from central: https://repo.maven.apache.org/maven2/org/ow2/asm/asm-analysis/5.0.1/asm-analysis-5.0.1.pom (2.1 kB at 8.8 kB/s)
Downloading from central: https://repo.maven.apache.org/maven2/org/apache/ant/ant/1.8.3/ant-1.8.3.pom
Progress (1): 4.1/9.7 kBProgress (1): 8.2/9.7 kBProgress (1): 9.7 kB                        Downloaded from central: https://repo.maven.apache.org/maven2/org/apache/ant/ant/1.8.3/ant-1.8.3.pom (9.7 kB at 41 kB/s)
Downloading from central: https://repo.maven.apache.org/maven2/org/apache/ant/ant-parent/1.8.3/ant-parent-1.8.3.pom
Progress (1): 4.1/4.6 kBProgress (1): 4.6 kB                        Downloaded from central: https://repo.maven.apache.org/maven2/org/apache/ant/ant-parent/1.8.3/ant-parent-1.8.3.pom (4.6 kB at 20 kB/s)
Downloading from central: https://repo.maven.apache.org/maven2/org/apache/ant/ant-launcher/1.8.3/ant-launcher-1.8.3.pom
Progress (1): 2.4 kB                    Downloaded from central: https://repo.maven.apache.org/maven2/org/apache/ant/ant-launcher/1.8.3/ant-launcher-1.8.3.pom (2.4 kB at 10 kB/s)
Downloading from central: https://repo.maven.apache.org/maven2/org/apache/ant/ant-junit/1.8.3/ant-junit-1.8.3.pom
Progress (1): 4.0 kB                    Downloaded from central: https://repo.maven.apache.org/maven2/org/apache/ant/ant-junit/1.8.3/ant-junit-1.8.3.pom (4.0 kB at 17 kB/s)
Downloading from central: https://repo.maven.apache.org/maven2/org/mortbay/jetty/servlet-api-2.5/6.1.14/servlet-api-2.5-6.1.14.pom
Progress (1): 3.4 kB                    Downloaded from central: https://repo.maven.apache.org/maven2/org/mortbay/jetty/servlet-api-2.5/6.1.14/servlet-api-2.5-6.1.14.pom (3.4 kB at 14 kB/s)
Downloading from central: https://repo.maven.apache.org/maven2/org/mortbay/jetty/project/6.1.14/project-6.1.14.pom
Progress (1): 4.1/8.8 kBProgress (1): 8.2/8.8 kBProgress (1): 8.8 kB                        Downloaded from central: https://repo.maven.apache.org/maven2/org/mortbay/jetty/project/6.1.14/project-6.1.14.pom (8.8 kB at 35 kB/s)
Downloading from central: https://repo.maven.apache.org/maven2/org/mortbay/jetty/jetty-parent/7/jetty-parent-7.pom
Progress (1): 4.1/13 kBProgress (1): 8.2/13 kBProgress (1): 12/13 kB Progress (1): 13 kB                      Downloaded from central: https://repo.maven.apache.org/maven2/org/mortbay/jetty/jetty-parent/7/jetty-parent-7.pom (13 kB at 56 kB/s)
Downloading from central: https://repo.maven.apache.org/maven2/org/mortbay/jetty/jetty/6.1.14/jetty-6.1.14.pom
Progress (1): 4.1/4.3 kBProgress (1): 4.3 kB                        Downloaded from central: https://repo.maven.apache.org/maven2/org/mortbay/jetty/jetty/6.1.14/jetty-6.1.14.pom (4.3 kB at 19 kB/s)
Downloading from central: https://repo.maven.apache.org/maven2/org/mortbay/jetty/jetty-util/6.1.14/jetty-util-6.1.14.pom
Progress (1): 3.5 kB                    Downloaded from central: https://repo.maven.apache.org/maven2/org/mortbay/jetty/jetty-util/6.1.14/jetty-util-6.1.14.pom (3.5 kB at 15 kB/s)
Downloading from central: https://repo.maven.apache.org/maven2/ch/qos/logback/logback-classic/1.0.13/logback-classic-1.0.13.pom
Progress (1): 4.1/12 kBProgress (1): 8.2/12 kBProgress (1): 12 kB                       Downloaded from central: https://repo.maven.apache.org/maven2/ch/qos/logback/logback-classic/1.0.13/logback-classic-1.0.13.pom (12 kB at 50 kB/s)
Downloading from central: https://repo.maven.apache.org/maven2/ch/qos/logback/logback-parent/1.0.13/logback-parent-1.0.13.pom
Progress (1): 4.1/15 kBProgress (1): 8.2/15 kBProgress (1): 12/15 kB Progress (1): 15 kB                      Downloaded from central: https://repo.maven.apache.org/maven2/ch/qos/logback/logback-parent/1.0.13/logback-parent-1.0.13.pom (15 kB at 61 kB/s)
Downloading from central: https://repo.maven.apache.org/maven2/ch/qos/logback/logback-core/1.0.13/logback-core-1.0.13.pom
Progress (1): 4.1/5.0 kBProgress (1): 5.0 kB                        Downloaded from central: https://repo.maven.apache.org/maven2/ch/qos/logback/logback-core/1.0.13/logback-core-1.0.13.pom (5.0 kB at 22 kB/s)
Downloading from central: https://repo.maven.apache.org/maven2/org/apache/commons/commons-lang3/3.3.2/commons-lang3-3.3.2.pom
Progress (1): 4.1/20 kBProgress (1): 8.2/20 kBProgress (1): 12/20 kB Progress (1): 16/20 kBProgress (1): 20 kB                      Downloaded from central: https://repo.maven.apache.org/maven2/org/apache/commons/commons-lang3/3.3.2/commons-lang3-3.3.2.pom (20 kB at 85 kB/s)
Downloading from central: https://repo.maven.apache.org/maven2/org/apache/commons/commons-parent/33/commons-parent-33.pom
Progress (1): 4.1/53 kBProgress (1): 8.2/53 kBProgress (1): 12/53 kB Progress (1): 16/53 kBProgress (1): 20/53 kBProgress (1): 25/53 kBProgress (1): 29/53 kBProgress (1): 33/53 kBProgress (1): 37/53 kBProgress (1): 41/53 kBProgress (1): 45/53 kBProgress (1): 49/53 kBProgress (1): 53 kB                      Downloaded from central: https://repo.maven.apache.org/maven2/org/apache/commons/commons-parent/33/commons-parent-33.pom (53 kB at 206 kB/s)
Downloading from central: https://repo.maven.apache.org/maven2/jaxen/jaxen/1.1.4/jaxen-1.1.4.pom
Progress (1): 4.1/12 kBProgress (1): 8.2/12 kBProgress (1): 12/12 kB Progress (1): 12 kB                      Downloaded from central: https://repo.maven.apache.org/maven2/jaxen/jaxen/1.1.4/jaxen-1.1.4.pom (12 kB at 48 kB/s)
Downloading from central: https://repo.maven.apache.org/maven2/org/jdom/jdom/1.1.3/jdom-1.1.3.pom
Progress (1): 1.8 kB                    Downloaded from central: https://repo.maven.apache.org/maven2/org/jdom/jdom/1.1.3/jdom-1.1.3.pom (1.8 kB at 7.7 kB/s)
Downloading from central: https://repo.maven.apache.org/maven2/net/sourceforge/cobertura/cobertura-runtime/2.1.1/cobertura-runtime-2.1.1.pom
Progress (1): 3.6 kB                    Downloaded from central: https://repo.maven.apache.org/maven2/net/sourceforge/cobertura/cobertura-runtime/2.1.1/cobertura-runtime-2.1.1.pom (3.6 kB at 15 kB/s)
Downloading from central: https://repo.maven.apache.org/maven2/urbanophile/java-getopt/1.0.9/java-getopt-1.0.9.pom
Progress (1): 157 B                   Downloaded from central: https://repo.maven.apache.org/maven2/urbanophile/java-getopt/1.0.9/java-getopt-1.0.9.pom (157 B at 673 B/s)
Downloading from central: https://repo.maven.apache.org/maven2/org/apache/maven/maven-core/2.0.8/maven-core-2.0.8.pom
Progress (1): 4.1/6.8 kBProgress (1): 6.8 kB                        Downloaded from central: https://repo.maven.apache.org/maven2/org/apache/maven/maven-core/2.0.8/maven-core-2.0.8.pom (6.8 kB at 29 kB/s)
Downloading from central: https://repo.maven.apache.org/maven2/org/apache/maven/maven-settings/2.0.8/maven-settings-2.0.8.pom
Progress (1): 2.1 kB                    Downloaded from central: https://repo.maven.apache.org/maven2/org/apache/maven/maven-settings/2.0.8/maven-settings-2.0.8.pom (2.1 kB at 8.8 kB/s)
Downloading from central: https://repo.maven.apache.org/maven2/org/codehaus/plexus/plexus-utils/1.4.6/plexus-utils-1.4.6.pom
Progress (1): 2.3 kB                    Downloaded from central: https://repo.maven.apache.org/maven2/org/codehaus/plexus/plexus-utils/1.4.6/plexus-utils-1.4.6.pom (2.3 kB at 9.8 kB/s)
Downloading from central: https://repo.maven.apache.org/maven2/org/apache/maven/maven-plugin-parameter-documenter/2.0.8/maven-plugin-parameter-documenter-2.0.8.pom
Progress (1): 2.0 kB                    Downloaded from central: https://repo.maven.apache.org/maven2/org/apache/maven/maven-plugin-parameter-documenter/2.0.8/maven-plugin-parameter-documenter-2.0.8.pom (2.0 kB at 8.4 kB/s)
Downloading from central: https://repo.maven.apache.org/maven2/org/apache/maven/reporting/maven-reporting-api/2.0.8/maven-reporting-api-2.0.8.pom
Progress (1): 1.8 kB                    Downloaded from central: https://repo.maven.apache.org/maven2/org/apache/maven/reporting/maven-reporting-api/2.0.8/maven-reporting-api-2.0.8.pom (1.8 kB at 7.7 kB/s)
Downloading from central: https://repo.maven.apache.org/maven2/org/apache/maven/reporting/maven-reporting/2.0.8/maven-reporting-2.0.8.pom
Progress (1): 1.5 kB                    Downloaded from central: https://repo.maven.apache.org/maven2/org/apache/maven/reporting/maven-reporting/2.0.8/maven-reporting-2.0.8.pom (1.5 kB at 6.4 kB/s)
Downloading from central: https://repo.maven.apache.org/maven2/org/apache/maven/doxia/doxia-sink-api/1.0-alpha-9/doxia-sink-api-1.0-alpha-9.pom
Progress (1): 1.3 kB                    Downloaded from central: https://repo.maven.apache.org/maven2/org/apache/maven/doxia/doxia-sink-api/1.0-alpha-9/doxia-sink-api-1.0-alpha-9.pom (1.3 kB at 5.8 kB/s)
Downloading from central: https://repo.maven.apache.org/maven2/org/apache/maven/doxia/doxia/1.0-alpha-9/doxia-1.0-alpha-9.pom
Progress (1): 4.1/9.2 kBProgress (1): 8.2/9.2 kBProgress (1): 9.2 kB                        Downloaded from central: https://repo.maven.apache.org/maven2/org/apache/maven/doxia/doxia/1.0-alpha-9/doxia-1.0-alpha-9.pom (9.2 kB at 39 kB/s)
Downloading from central: https://repo.maven.apache.org/maven2/org/apache/maven/maven-profile/2.0.8/maven-profile-2.0.8.pom
Progress (1): 2.0 kB                    Downloaded from central: https://repo.maven.apache.org/maven2/org/apache/maven/maven-profile/2.0.8/maven-profile-2.0.8.pom (2.0 kB at 8.8 kB/s)
Downloading from central: https://repo.maven.apache.org/maven2/org/apache/maven/maven-artifact/2.0.8/maven-artifact-2.0.8.pom
Progress (1): 1.6 kB                    Downloaded from central: https://repo.maven.apache.org/maven2/org/apache/maven/maven-artifact/2.0.8/maven-artifact-2.0.8.pom (1.6 kB at 7.0 kB/s)
Downloading from central: https://repo.maven.apache.org/maven2/org/apache/maven/maven-repository-metadata/2.0.8/maven-repository-metadata-2.0.8.pom
Progress (1): 1.9 kB                    Downloaded from central: https://repo.maven.apache.org/maven2/org/apache/maven/maven-repository-metadata/2.0.8/maven-repository-metadata-2.0.8.pom (1.9 kB at 8.2 kB/s)
Downloading from central: https://repo.maven.apache.org/maven2/org/apache/maven/maven-error-diagnostics/2.0.8/maven-error-diagnostics-2.0.8.pom
Progress (1): 1.7 kB                    Downloaded from central: https://repo.maven.apache.org/maven2/org/apache/maven/maven-error-diagnostics/2.0.8/maven-error-diagnostics-2.0.8.pom (1.7 kB at 7.5 kB/s)
Downloading from central: https://repo.maven.apache.org/maven2/org/apache/maven/maven-project/2.0.8/maven-project-2.0.8.pom
Progress (1): 2.7 kB                    Downloaded from central: https://repo.maven.apache.org/maven2/org/apache/maven/maven-project/2.0.8/maven-project-2.0.8.pom (2.7 kB at 11 kB/s)
Downloading from central: https://repo.maven.apache.org/maven2/org/apache/maven/maven-artifact-manager/2.0.8/maven-artifact-manager-2.0.8.pom
Progress (1): 2.7 kB                    Downloaded from central: https://repo.maven.apache.org/maven2/org/apache/maven/maven-artifact-manager/2.0.8/maven-artifact-manager-2.0.8.pom (2.7 kB at 12 kB/s)
Downloading from central: https://repo.maven.apache.org/maven2/org/apache/maven/maven-plugin-registry/2.0.8/maven-plugin-registry-2.0.8.pom
Progress (1): 2.0 kB                    Downloaded from central: https://repo.maven.apache.org/maven2/org/apache/maven/maven-plugin-registry/2.0.8/maven-plugin-registry-2.0.8.pom (2.0 kB at 8.6 kB/s)
Downloading from central: https://repo.maven.apache.org/maven2/org/apache/maven/maven-plugin-descriptor/2.0.8/maven-plugin-descriptor-2.0.8.pom
Progress (1): 2.1 kB                    Downloaded from central: https://repo.maven.apache.org/maven2/org/apache/maven/maven-plugin-descriptor/2.0.8/maven-plugin-descriptor-2.0.8.pom (2.1 kB at 8.9 kB/s)
Downloading from central: https://repo.maven.apache.org/maven2/org/apache/maven/maven-monitor/2.0.8/maven-monitor-2.0.8.pom
Progress (1): 1.3 kB                    Downloaded from central: https://repo.maven.apache.org/maven2/org/apache/maven/maven-monitor/2.0.8/maven-monitor-2.0.8.pom (1.3 kB at 5.5 kB/s)
Downloading from central: https://repo.maven.apache.org/maven2/org/apache/maven/maven-plugin-api/2.0.8/maven-plugin-api-2.0.8.pom
Progress (1): 1.5 kB                    Downloaded from central: https://repo.maven.apache.org/maven2/org/apache/maven/maven-plugin-api/2.0.8/maven-plugin-api-2.0.8.pom (1.5 kB at 6.4 kB/s)
Downloading from central: https://repo.maven.apache.org/maven2/org/apache/maven/reporting/maven-reporting-impl/2.0.4.2/maven-reporting-impl-2.0.4.2.pom
Progress (1): 4.1/5.2 kBProgress (1): 5.2 kB                        Downloaded from central: https://repo.maven.apache.org/maven2/org/apache/maven/reporting/maven-reporting-impl/2.0.4.2/maven-reporting-impl-2.0.4.2.pom (5.2 kB at 22 kB/s)
Downloading from central: https://repo.maven.apache.org/maven2/org/apache/maven/maven-project/2.0.4/maven-project-2.0.4.pom
Progress (1): 1.8 kB                    Downloaded from central: https://repo.maven.apache.org/maven2/org/apache/maven/maven-project/2.0.4/maven-project-2.0.4.pom (1.8 kB at 7.9 kB/s)
Downloading from central: https://repo.maven.apache.org/maven2/org/apache/maven/maven/2.0.4/maven-2.0.4.pom
Progress (1): 4.1/12 kBProgress (1): 8.2/12 kBProgress (1): 12 kB                       Downloaded from central: https://repo.maven.apache.org/maven2/org/apache/maven/maven/2.0.4/maven-2.0.4.pom (12 kB at 50 kB/s)
Downloading from central: https://repo.maven.apache.org/maven2/org/apache/maven/maven-settings/2.0.4/maven-settings-2.0.4.pom
Progress (1): 1.6 kB                    Downloaded from central: https://repo.maven.apache.org/maven2/org/apache/maven/maven-settings/2.0.4/maven-settings-2.0.4.pom (1.6 kB at 6.7 kB/s)
Downloading from central: https://repo.maven.apache.org/maven2/org/apache/maven/maven-model/2.0.4/maven-model-2.0.4.pom
Progress (1): 2.7 kB                    Downloaded from central: https://repo.maven.apache.org/maven2/org/apache/maven/maven-model/2.0.4/maven-model-2.0.4.pom (2.7 kB at 12 kB/s)
Downloading from central: https://repo.maven.apache.org/maven2/org/codehaus/plexus/plexus-utils/1.1/plexus-utils-1.1.pom
Progress (1): 767 B                   Downloaded from central: https://repo.maven.apache.org/maven2/org/codehaus/plexus/plexus-utils/1.1/plexus-utils-1.1.pom (767 B at 3.3 kB/s)
Downloading from central: https://repo.maven.apache.org/maven2/org/apache/maven/maven-profile/2.0.4/maven-profile-2.0.4.pom
Progress (1): 1.6 kB                    Downloaded from central: https://repo.maven.apache.org/maven2/org/apache/maven/maven-profile/2.0.4/maven-profile-2.0.4.pom (1.6 kB at 7.0 kB/s)
Downloading from central: https://repo.maven.apache.org/maven2/org/apache/maven/maven-artifact-manager/2.0.4/maven-artifact-manager-2.0.4.pom
Progress (1): 1.4 kB                    Downloaded from central: https://repo.maven.apache.org/maven2/org/apache/maven/maven-artifact-manager/2.0.4/maven-artifact-manager-2.0.4.pom (1.4 kB at 5.9 kB/s)
Downloading from central: https://repo.maven.apache.org/maven2/org/apache/maven/maven-repository-metadata/2.0.4/maven-repository-metadata-2.0.4.pom
Progress (1): 1.5 kB                    Downloaded from central: https://repo.maven.apache.org/maven2/org/apache/maven/maven-repository-metadata/2.0.4/maven-repository-metadata-2.0.4.pom (1.5 kB at 6.4 kB/s)
Downloading from central: https://repo.maven.apache.org/maven2/org/apache/maven/maven-artifact/2.0.4/maven-artifact-2.0.4.pom
Progress (1): 765 B                   Downloaded from central: https://repo.maven.apache.org/maven2/org/apache/maven/maven-artifact/2.0.4/maven-artifact-2.0.4.pom (765 B at 3.3 kB/s)
Downloading from central: https://repo.maven.apache.org/maven2/commons-validator/commons-validator/1.2.0/commons-validator-1.2.0.pom
Progress (1): 4.1/9.1 kBProgress (1): 8.2/9.1 kBProgress (1): 9.1 kB                        Downloaded from central: https://repo.maven.apache.org/maven2/commons-validator/commons-validator/1.2.0/commons-validator-1.2.0.pom (9.1 kB at 38 kB/s)
Downloading from central: https://repo.maven.apache.org/maven2/xml-apis/xml-apis/2.0.2/xml-apis-2.0.2.pom
Progress (1): 346 B                   Downloaded from central: https://repo.maven.apache.org/maven2/xml-apis/xml-apis/2.0.2/xml-apis-2.0.2.pom (346 B at 1.5 kB/s)
Downloading from central: https://repo.maven.apache.org/maven2/org/apache/maven/doxia/doxia-core/1.0/doxia-core-1.0.pom
Progress (1): 2.4 kB                    Downloaded from central: https://repo.maven.apache.org/maven2/org/apache/maven/doxia/doxia-core/1.0/doxia-core-1.0.pom (2.4 kB at 10 kB/s)
Downloading from central: https://repo.maven.apache.org/maven2/org/codehaus/plexus/plexus-utils/1.5.7/plexus-utils-1.5.7.pom
Progress (1): 4.1/8.1 kBProgress (1): 8.1 kB                        Downloaded from central: https://repo.maven.apache.org/maven2/org/codehaus/plexus/plexus-utils/1.5.7/plexus-utils-1.5.7.pom (8.1 kB at 34 kB/s)
Downloading from central: https://repo.maven.apache.org/maven2/org/apache/maven/reporting/maven-reporting-api/2.0.4/maven-reporting-api-2.0.4.pom
Progress (1): 902 B                   Downloaded from central: https://repo.maven.apache.org/maven2/org/apache/maven/reporting/maven-reporting-api/2.0.4/maven-reporting-api-2.0.4.pom (902 B at 3.9 kB/s)
Downloading from central: https://repo.maven.apache.org/maven2/org/apache/maven/reporting/maven-reporting/2.0.4/maven-reporting-2.0.4.pom
Progress (1): 700 B                   Downloaded from central: https://repo.maven.apache.org/maven2/org/apache/maven/reporting/maven-reporting/2.0.4/maven-reporting-2.0.4.pom (700 B at 3.0 kB/s)
Downloading from central: https://repo.maven.apache.org/maven2/org/apache/maven/doxia/doxia-site-renderer/1.0/doxia-site-renderer-1.0.pom
Progress (1): 4.1/4.4 kBProgress (1): 4.4 kB                        Downloaded from central: https://repo.maven.apache.org/maven2/org/apache/maven/doxia/doxia-site-renderer/1.0/doxia-site-renderer-1.0.pom (4.4 kB at 19 kB/s)
Downloading from central: https://repo.maven.apache.org/maven2/org/apache/maven/doxia/doxia-sitetools/1.0/doxia-sitetools-1.0.pom
Progress (1): 4.1/9.6 kBProgress (1): 8.2/9.6 kBProgress (1): 9.6 kB                        Downloaded from central: https://repo.maven.apache.org/maven2/org/apache/maven/doxia/doxia-sitetools/1.0/doxia-sitetools-1.0.pom (9.6 kB at 41 kB/s)
Downloading from central: https://repo.maven.apache.org/maven2/org/codehaus/plexus/plexus-velocity/1.1.7/plexus-velocity-1.1.7.pom
Progress (1): 2.0 kB                    Downloaded from central: https://repo.maven.apache.org/maven2/org/codehaus/plexus/plexus-velocity/1.1.7/plexus-velocity-1.1.7.pom (2.0 kB at 8.4 kB/s)
Downloading from central: https://repo.maven.apache.org/maven2/org/codehaus/plexus/plexus-container-default/1.0-alpha-20/plexus-container-default-1.0-alpha-20.pom
Progress (1): 3.0 kB                    Downloaded from central: https://repo.maven.apache.org/maven2/org/codehaus/plexus/plexus-container-default/1.0-alpha-20/plexus-container-default-1.0-alpha-20.pom (3.0 kB at 13 kB/s)
Downloading from central: https://repo.maven.apache.org/maven2/org/codehaus/plexus/plexus-containers/1.0-alpha-20/plexus-containers-1.0-alpha-20.pom
Progress (1): 1.9 kB                    Downloaded from central: https://repo.maven.apache.org/maven2/org/codehaus/plexus/plexus-containers/1.0-alpha-20/plexus-containers-1.0-alpha-20.pom (1.9 kB at 8.2 kB/s)
Downloading from central: https://repo.maven.apache.org/maven2/org/codehaus/plexus/plexus-utils/1.3/plexus-utils-1.3.pom
Progress (1): 1.0 kB                    Downloaded from central: https://repo.maven.apache.org/maven2/org/codehaus/plexus/plexus-utils/1.3/plexus-utils-1.3.pom (1.0 kB at 4.5 kB/s)
Downloading from central: https://repo.maven.apache.org/maven2/org/codehaus/plexus/plexus-classworlds/1.2-alpha-7/plexus-classworlds-1.2-alpha-7.pom
Progress (1): 2.4 kB                    Downloaded from central: https://repo.maven.apache.org/maven2/org/codehaus/plexus/plexus-classworlds/1.2-alpha-7/plexus-classworlds-1.2-alpha-7.pom (2.4 kB at 10 kB/s)
Downloading from central: https://repo.maven.apache.org/maven2/org/codehaus/plexus/plexus/1.0.9/plexus-1.0.9.pom
Progress (1): 4.1/7.7 kBProgress (1): 7.7 kB                        Downloaded from central: https://repo.maven.apache.org/maven2/org/codehaus/plexus/plexus/1.0.9/plexus-1.0.9.pom (7.7 kB at 33 kB/s)
Downloading from central: https://repo.maven.apache.org/maven2/org/apache/velocity/velocity/1.5/velocity-1.5.pom
Progress (1): 4.1/7.8 kBProgress (1): 7.8 kB                        Downloaded from central: https://repo.maven.apache.org/maven2/org/apache/velocity/velocity/1.5/velocity-1.5.pom (7.8 kB at 33 kB/s)
Downloading from central: https://repo.maven.apache.org/maven2/org/apache/maven/doxia/doxia-decoration-model/1.0/doxia-decoration-model-1.0.pom
Progress (1): 3.2 kB                    Downloaded from central: https://repo.maven.apache.org/maven2/org/apache/maven/doxia/doxia-decoration-model/1.0/doxia-decoration-model-1.0.pom (3.2 kB at 14 kB/s)
Downloading from central: https://repo.maven.apache.org/maven2/org/apache/maven/doxia/doxia-module-apt/1.0/doxia-module-apt-1.0.pom
Progress (1): 2.3 kB                    Downloaded from central: https://repo.maven.apache.org/maven2/org/apache/maven/doxia/doxia-module-apt/1.0/doxia-module-apt-1.0.pom (2.3 kB at 9.8 kB/s)
Downloading from central: https://repo.maven.apache.org/maven2/org/apache/maven/doxia/doxia-modules/1.0/doxia-modules-1.0.pom
Progress (1): 2.4 kB                    Downloaded from central: https://repo.maven.apache.org/maven2/org/apache/maven/doxia/doxia-modules/1.0/doxia-modules-1.0.pom (2.4 kB at 10 kB/s)
Downloading from central: https://repo.maven.apache.org/maven2/org/apache/maven/doxia/doxia-module-fml/1.0/doxia-module-fml-1.0.pom
Progress (1): 2.7 kB                    Downloaded from central: https://repo.maven.apache.org/maven2/org/apache/maven/doxia/doxia-module-fml/1.0/doxia-module-fml-1.0.pom (2.7 kB at 12 kB/s)
Downloading from central: https://repo.maven.apache.org/maven2/org/apache/maven/doxia/doxia-module-xdoc/1.0/doxia-module-xdoc-1.0.pom
Progress (1): 2.2 kB                    Downloaded from central: https://repo.maven.apache.org/maven2/org/apache/maven/doxia/doxia-module-xdoc/1.0/doxia-module-xdoc-1.0.pom (2.2 kB at 9.7 kB/s)
Downloading from central: https://repo.maven.apache.org/maven2/org/apache/maven/doxia/doxia-module-xhtml/1.0/doxia-module-xhtml-1.0.pom
Progress (1): 1.6 kB                    Downloaded from central: https://repo.maven.apache.org/maven2/org/apache/maven/doxia/doxia-module-xhtml/1.0/doxia-module-xhtml-1.0.pom (1.6 kB at 6.9 kB/s)
Downloading from central: https://repo.maven.apache.org/maven2/org/codehaus/plexus/plexus-utils/2.0.2/plexus-utils-2.0.2.pom
Progress (1): 3.3 kB                    Downloaded from central: https://repo.maven.apache.org/maven2/org/codehaus/plexus/plexus-utils/2.0.2/plexus-utils-2.0.2.pom (3.3 kB at 14 kB/s)
Downloading from central: https://repo.maven.apache.org/maven2/org/apache/maven/shared/maven-invoker/2.0.11/maven-invoker-2.0.11.pom
Progress (1): 4.1/5.1 kBProgress (1): 5.1 kB                        Downloaded from central: https://repo.maven.apache.org/maven2/org/apache/maven/shared/maven-invoker/2.0.11/maven-invoker-2.0.11.pom (5.1 kB at 21 kB/s)
Downloading from central: https://repo.maven.apache.org/maven2/org/codehaus/plexus/plexus-utils/1.5.6/plexus-utils-1.5.6.pom
Progress (1): 4.1/5.3 kBProgress (1): 5.3 kB                        Downloaded from central: https://repo.maven.apache.org/maven2/org/codehaus/plexus/plexus-utils/1.5.6/plexus-utils-1.5.6.pom (5.3 kB at 23 kB/s)
Downloading from central: https://repo.maven.apache.org/maven2/org/codehaus/plexus/plexus/1.0.12/plexus-1.0.12.pom
Progress (1): 4.1/9.8 kBProgress (1): 8.2/9.8 kBProgress (1): 9.8 kB                        Downloaded from central: https://repo.maven.apache.org/maven2/org/codehaus/plexus/plexus/1.0.12/plexus-1.0.12.pom (9.8 kB at 41 kB/s)
Downloading from central: https://repo.maven.apache.org/maven2/net/sourceforge/cobertura/cobertura/2.1.1/cobertura-2.1.1.jar
Downloading from central: https://repo.maven.apache.org/maven2/org/ow2/asm/asm-commons/5.0.1/asm-commons-5.0.1.jar
Downloading from central: https://repo.maven.apache.org/maven2/org/ow2/asm/asm-tree/5.0.1/asm-tree-5.0.1.jar
Downloading from central: https://repo.maven.apache.org/maven2/org/ow2/asm/asm/5.0.1/asm-5.0.1.jar
Downloading from central: https://repo.maven.apache.org/maven2/org/ow2/asm/asm-util/5.0.1/asm-util-5.0.1.jar
Progress (1): 4.1/29 kBProgress (1): 8.2/29 kBProgress (1): 12/29 kB Progress (1): 16/29 kBProgress (1): 20/29 kBProgress (1): 25/29 kBProgress (1): 29/29 kBProgress (1): 29 kB                      Downloaded from central: https://repo.maven.apache.org/maven2/org/ow2/asm/asm-tree/5.0.1/asm-tree-5.0.1.jar (29 kB at 116 kB/s)
Downloading from central: https://repo.maven.apache.org/maven2/org/ow2/asm/asm-analysis/5.0.1/asm-analysis-5.0.1.jar
Progress (1): 2.7/42 kBProgress (1): 5.5/42 kBProgress (1): 8.2/42 kBProgress (1): 11/42 kB Progress (2): 11/42 kB | 2.7/53 kBProgress (2): 11/42 kB | 5.5/53 kBProgress (2): 11/42 kB | 8.2/53 kBProgress (2): 11/42 kB | 11/53 kB Progress (3): 11/42 kB | 11/53 kB | 2.7/43 kBProgress (3): 11/42 kB | 11/53 kB | 5.5/43 kBProgress (3): 11/42 kB | 11/53 kB | 8.2/43 kBProgress (3): 11/42 kB | 11/53 kB | 11/43 kB Progress (3): 14/42 kB | 11/53 kB | 11/43 kBProgress (3): 16/42 kB | 11/53 kB | 11/43 kBProgress (3): 19/42 kB | 11/53 kB | 11/43 kBProgress (3): 19/42 kB | 14/53 kB | 11/43 kBProgress (3): 19/42 kB | 16/53 kB | 11/43 kBProgress (3): 19/42 kB | 16/53 kB | 14/43 kBProgress (3): 19/42 kB | 16/53 kB | 16/43 kBProgress (3): 22/42 kB | 16/53 kB | 16/43 kBProgress (3): 22/42 kB | 16/53 kB | 19/43 kBProgress (3): 22/42 kB | 19/53 kB | 19/43 kBProgress (3): 25/42 kB | 19/53 kB | 19/43 kBProgress (3): 25/42 kB | 19/53 kB | 22/43 kBProgress (3): 25/42 kB | 22/53 kB | 22/43 kBProgress (3): 27/42 kB | 22/53 kB | 22/43 kBProgress (3): 27/42 kB | 22/53 kB | 25/43 kBProgress (3): 30/42 kB | 22/53 kB | 25/43 kBProgress (3): 30/42 kB | 22/53 kB | 27/43 kBProgress (4): 30/42 kB | 22/53 kB | 27/43 kB | 2.7/565 kBProgress (4): 30/42 kB | 22/53 kB | 27/43 kB | 5.5/565 kBProgress (4): 30/42 kB | 25/53 kB | 27/43 kB | 5.5/565 kBProgress (4): 30/42 kB | 25/53 kB | 27/43 kB | 8.2/565 kBProgress (4): 30/42 kB | 25/53 kB | 27/43 kB | 11/565 kB Progress (5): 30/42 kB | 25/53 kB | 27/43 kB | 11/565 kB | 4.1/20 kBProgress (5): 30/42 kB | 25/53 kB | 27/43 kB | 11/565 kB | 8.2/20 kBProgress (5): 30/42 kB | 25/53 kB | 27/43 kB | 11/565 kB | 12/20 kB Progress (5): 30/42 kB | 25/53 kB | 27/43 kB | 11/565 kB | 16/20 kBProgress (5): 30/42 kB | 25/53 kB | 30/43 kB | 11/565 kB | 16/20 kBProgress (5): 30/42 kB | 25/53 kB | 33/43 kB | 11/565 kB | 16/20 kBProgress (5): 30/42 kB | 25/53 kB | 33/43 kB | 11/565 kB | 20 kB   Progress (5): 33/42 kB | 25/53 kB | 33/43 kB | 11/565 kB | 20 kBProgress (5): 33/42 kB | 25/53 kB | 33/43 kB | 14/565 kB | 20 kBProgress (5): 33/42 kB | 27/53 kB | 33/43 kB | 14/565 kB | 20 kBProgress (5): 33/42 kB | 27/53 kB | 36/43 kB | 14/565 kB | 20 kBProgress (5): 36/42 kB | 27/53 kB | 36/43 kB | 14/565 kB | 20 kBProgress (5): 36/42 kB | 27/53 kB | 36/43 kB | 16/565 kB | 20 kBProgress (5): 36/42 kB | 30/53 kB | 36/43 kB | 16/565 kB | 20 kBProgress (5): 36/42 kB | 30/53 kB | 36/43 kB | 19/565 kB | 20 kBProgress (5): 36/42 kB | 30/53 kB | 38/43 kB | 19/565 kB | 20 kBProgress (5): 38/42 kB | 30/53 kB | 38/43 kB | 19/565 kB | 20 kBProgress (5): 41/42 kB | 30/53 kB | 38/43 kB | 19/565 kB | 20 kBProgress (5): 41/42 kB | 33/53 kB | 38/43 kB | 19/565 kB | 20 kBProgress (5): 42 kB | 33/53 kB | 38/43 kB | 19/565 kB | 20 kB   Progress (5): 42 kB | 33/53 kB | 38/43 kB | 22/565 kB | 20 kBProgress (5): 42 kB | 33/53 kB | 41/43 kB | 22/565 kB | 20 kBProgress (5): 42 kB | 36/53 kB | 41/43 kB | 22/565 kB | 20 kBProgress (5): 42 kB | 36/53 kB | 43 kB | 22/565 kB | 20 kB   Progress (5): 42 kB | 36/53 kB | 43 kB | 25/565 kB | 20 kBProgress (5): 42 kB | 38/53 kB | 43 kB | 25/565 kB | 20 kBProgress (5): 42 kB | 38/53 kB | 43 kB | 27/565 kB | 20 kBProgress (5): 42 kB | 38/53 kB | 43 kB | 30/565 kB | 20 kBProgress (5): 42 kB | 41/53 kB | 43 kB | 30/565 kB | 20 kBProgress (5): 42 kB | 41/53 kB | 43 kB | 33/565 kB | 20 kBProgress (5): 42 kB | 41/53 kB | 43 kB | 36/565 kB | 20 kBProgress (5): 42 kB | 41/53 kB | 43 kB | 38/565 kB | 20 kBProgress (5): 42 kB | 41/53 kB | 43 kB | 41/565 kB | 20 kBProgress (5): 42 kB | 44/53 kB | 43 kB | 41/565 kB | 20 kBProgress (5): 42 kB | 47/53 kB | 43 kB | 41/565 kB | 20 kBProgress (5): 42 kB | 49/53 kB | 43 kB | 41/565 kB | 20 kBProgress (5): 42 kB | 52/53 kB | 43 kB | 41/565 kB | 20 kBProgress (5): 42 kB | 53 kB | 43 kB | 41/565 kB | 20 kB   Progress (5): 42 kB | 53 kB | 43 kB | 44/565 kB | 20 kBProgress (5): 42 kB | 53 kB | 43 kB | 47/565 kB | 20 kBProgress (5): 42 kB | 53 kB | 43 kB | 49/565 kB | 20 kBProgress (5): 42 kB | 53 kB | 43 kB | 52/565 kB | 20 kB                                                       Downloaded from central: https://repo.maven.apache.org/maven2/org/ow2/asm/asm-analysis/5.0.1/asm-analysis-5.0.1.jar (20 kB at 42 kB/s)
Downloading from central: https://repo.maven.apache.org/maven2/org/apache/ant/ant/1.8.3/ant-1.8.3.jar
Progress (4): 42 kB | 53 kB | 43 kB | 55/565 kBProgress (4): 42 kB | 53 kB | 43 kB | 58/565 kB                                               Downloaded from central: https://repo.maven.apache.org/maven2/org/ow2/asm/asm-util/5.0.1/asm-util-5.0.1.jar (43 kB at 87 kB/s)
Downloading from central: https://repo.maven.apache.org/maven2/org/apache/ant/ant-launcher/1.8.3/ant-launcher-1.8.3.jar
Progress (3): 42 kB | 53 kB | 60/565 kBProgress (3): 42 kB | 53 kB | 63/565 kBProgress (3): 42 kB | 53 kB | 66/565 kB                                       Downloaded from central: https://repo.maven.apache.org/maven2/org/ow2/asm/asm-commons/5.0.1/asm-commons-5.0.1.jar (42 kB at 82 kB/s)
Downloading from central: https://repo.maven.apache.org/maven2/org/apache/ant/ant-junit/1.8.3/ant-junit-1.8.3.jar
Progress (2): 53 kB | 70/565 kBProgress (2): 53 kB | 74/565 kBProgress (2): 53 kB | 78/565 kBProgress (2): 53 kB | 82/565 kB                               Downloaded from central: https://repo.maven.apache.org/maven2/org/ow2/asm/asm/5.0.1/asm-5.0.1.jar (53 kB at 90 kB/s)
Downloading from central: https://repo.maven.apache.org/maven2/org/mortbay/jetty/servlet-api-2.5/6.1.14/servlet-api-2.5-6.1.14.jar
Progress (1): 86/565 kBProgress (1): 90/565 kBProgress (1): 94/565 kBProgress (1): 99/565 kBProgress (1): 103/565 kBProgress (1): 107/565 kBProgress (1): 111/565 kBProgress (1): 115/565 kBProgress (2): 115/565 kB | 2.7/18 kBProgress (3): 115/565 kB | 2.7/18 kB | 0/1.9 MBProgress (3): 115/565 kB | 2.7/18 kB | 0/1.9 MBProgress (3): 115/565 kB | 5.5/18 kB | 0/1.9 MBProgress (3): 115/565 kB | 8.2/18 kB | 0/1.9 MBProgress (3): 115/565 kB | 11/18 kB | 0/1.9 MB Progress (4): 115/565 kB | 11/18 kB | 0/1.9 MB | 2.7/108 kBProgress (4): 115/565 kB | 14/18 kB | 0/1.9 MB | 2.7/108 kBProgress (4): 115/565 kB | 16/18 kB | 0/1.9 MB | 2.7/108 kBProgress (4): 115/565 kB | 16/18 kB | 0/1.9 MB | 2.7/108 kBProgress (4): 115/565 kB | 16/18 kB | 0/1.9 MB | 2.7/108 kBProgress (4): 115/565 kB | 16/18 kB | 0/1.9 MB | 5.5/108 kBProgress (4): 119/565 kB | 16/18 kB | 0/1.9 MB | 5.5/108 kBProgress (4): 123/565 kB | 16/18 kB | 0/1.9 MB | 5.5/108 kBProgress (4): 127/565 kB | 16/18 kB | 0/1.9 MB | 5.5/108 kBProgress (4): 131/565 kB | 16/18 kB | 0/1.9 MB | 5.5/108 kBProgress (4): 131/565 kB | 18 kB | 0/1.9 MB | 5.5/108 kB   Progress (4): 131/565 kB | 18 kB | 0/1.9 MB | 8.2/108 kBProgress (4): 131/565 kB | 18 kB | 0/1.9 MB | 11/108 kB Progress (4): 131/565 kB | 18 kB | 0/1.9 MB | 11/108 kBProgress (4): 131/565 kB | 18 kB | 0/1.9 MB | 11/108 kBProgress (4): 131/565 kB | 18 kB | 0/1.9 MB | 14/108 kBProgress (4): 131/565 kB | 18 kB | 0/1.9 MB | 16/108 kBProgress (4): 131/565 kB | 18 kB | 0/1.9 MB | 19/108 kBProgress (4): 135/565 kB | 18 kB | 0/1.9 MB | 19/108 kBProgress (4): 140/565 kB | 18 kB | 0/1.9 MB | 19/108 kBProgress (4): 144/565 kB | 18 kB | 0/1.9 MB | 19/108 kBProgress (4): 148/565 kB | 18 kB | 0/1.9 MB | 19/108 kBProgress (4): 148/565 kB | 18 kB | 0/1.9 MB | 22/108 kBProgress (4): 148/565 kB | 18 kB | 0.1/1.9 MB | 22/108 kBProgress (4): 148/565 kB | 18 kB | 0.1/1.9 MB | 22/108 kBProgress (4): 148/565 kB | 18 kB | 0.1/1.9 MB | 22/108 kBProgress (4): 148/565 kB | 18 kB | 0.1/1.9 MB | 22/108 kBProgress (4): 148/565 kB | 18 kB | 0.1/1.9 MB | 22/108 kBProgress (4): 148/565 kB | 18 kB | 0.1/1.9 MB | 22/108 kBProgress (4): 148/565 kB | 18 kB | 0.1/1.9 MB | 26/108 kBProgress (4): 148/565 kB | 18 kB | 0.1/1.9 MB | 30/108 kBProgress (4): 148/565 kB | 18 kB | 0.1/1.9 MB | 34/108 kBProgress (4): 148/565 kB | 18 kB | 0.1/1.9 MB | 38/108 kBProgress (5): 148/565 kB | 18 kB | 0.1/1.9 MB | 38/108 kB | 2.7/132 kBProgress (5): 148/565 kB | 18 kB | 0.1/1.9 MB | 38/108 kB | 5.5/132 kBProgress (5): 148/565 kB | 18 kB | 0.1/1.9 MB | 38/108 kB | 8.2/132 kBProgress (5): 148/565 kB | 18 kB | 0.1/1.9 MB | 38/108 kB | 11/132 kB Progress (5): 148/565 kB | 18 kB | 0.1/1.9 MB | 38/108 kB | 15/132 kBProgress (5): 148/565 kB | 18 kB | 0.1/1.9 MB | 38/108 kB | 19/132 kBProgress (5): 148/565 kB | 18 kB | 0.1/1.9 MB | 38/108 kB | 23/132 kBProgress (5): 148/565 kB | 18 kB | 0.1/1.9 MB | 38/108 kB | 27/132 kBProgress (5): 148/565 kB | 18 kB | 0.1/1.9 MB | 38/108 kB | 31/132 kB                                                                     Downloaded from central: https://repo.maven.apache.org/maven2/org/apache/ant/ant-launcher/1.8.3/ant-launcher-1.8.3.jar (18 kB at 25 kB/s)
Downloading from central: https://repo.maven.apache.org/maven2/org/mortbay/jetty/jetty/6.1.14/jetty-6.1.14.jar
Progress (4): 152/565 kB | 0.1/1.9 MB | 38/108 kB | 31/132 kBProgress (4): 156/565 kB | 0.1/1.9 MB | 38/108 kB | 31/132 kBProgress (4): 160/565 kB | 0.1/1.9 MB | 38/108 kB | 31/132 kBProgress (4): 164/565 kB | 0.1/1.9 MB | 38/108 kB | 31/132 kBProgress (4): 164/565 kB | 0.1/1.9 MB | 42/108 kB | 31/132 kBProgress (4): 164/565 kB | 0.1/1.9 MB | 47/108 kB | 31/132 kBProgress (4): 164/565 kB | 0.1/1.9 MB | 51/108 kB | 31/132 kBProgress (4): 164/565 kB | 0.1/1.9 MB | 55/108 kB | 31/132 kBProgress (4): 164/565 kB | 0.1/1.9 MB | 55/108 kB | 31/132 kBProgress (4): 164/565 kB | 0.1/1.9 MB | 55/108 kB | 31/132 kBProgress (4): 164/565 kB | 0.1/1.9 MB | 55/108 kB | 31/132 kBProgress (4): 164/565 kB | 0.1/1.9 MB | 55/108 kB | 31/132 kBProgress (4): 164/565 kB | 0.1/1.9 MB | 55/108 kB | 31/132 kBProgress (4): 164/565 kB | 0.1/1.9 MB | 55/108 kB | 31/132 kBProgress (4): 164/565 kB | 0.2/1.9 MB | 55/108 kB | 31/132 kBProgress (4): 164/565 kB | 0.2/1.9 MB | 55/108 kB | 31/132 kBProgress (4): 164/565 kB | 0.2/1.9 MB | 55/108 kB | 31/132 kBProgress (4): 164/565 kB | 0.2/1.9 MB | 55/108 kB | 31/132 kBProgress (4): 164/565 kB | 0.2/1.9 MB | 59/108 kB | 31/132 kBProgress (4): 164/565 kB | 0.2/1.9 MB | 63/108 kB | 31/132 kBProgress (4): 164/565 kB | 0.2/1.9 MB | 67/108 kB | 31/132 kBProgress (4): 164/565 kB | 0.2/1.9 MB | 71/108 kB | 31/132 kBProgress (4): 168/565 kB | 0.2/1.9 MB | 71/108 kB | 31/132 kBProgress (4): 172/565 kB | 0.2/1.9 MB | 71/108 kB | 31/132 kBProgress (4): 176/565 kB | 0.2/1.9 MB | 71/108 kB | 31/132 kBProgress (4): 180/565 kB | 0.2/1.9 MB | 71/108 kB | 31/132 kBProgress (4): 185/565 kB | 0.2/1.9 MB | 71/108 kB | 31/132 kBProgress (4): 189/565 kB | 0.2/1.9 MB | 71/108 kB | 31/132 kBProgress (4): 193/565 kB | 0.2/1.9 MB | 71/108 kB | 31/132 kBProgress (4): 197/565 kB | 0.2/1.9 MB | 71/108 kB | 31/132 kBProgress (4): 197/565 kB | 0.2/1.9 MB | 71/108 kB | 31/132 kBProgress (4): 197/565 kB | 0.2/1.9 MB | 71/108 kB | 31/132 kBProgress (4): 197/565 kB | 0.2/1.9 MB | 71/108 kB | 36/132 kBProgress (4): 197/565 kB | 0.2/1.9 MB | 71/108 kB | 40/132 kBProgress (4): 197/565 kB | 0.2/1.9 MB | 71/108 kB | 44/132 kBProgress (4): 197/565 kB | 0.2/1.9 MB | 71/108 kB | 44/132 kBProgress (4): 197/565 kB | 0.2/1.9 MB | 71/108 kB | 44/132 kBProgress (4): 197/565 kB | 0.2/1.9 MB | 75/108 kB | 44/132 kBProgress (4): 197/565 kB | 0.2/1.9 MB | 79/108 kB | 44/132 kBProgress (4): 197/565 kB | 0.2/1.9 MB | 83/108 kB | 44/132 kBProgress (4): 197/565 kB | 0.2/1.9 MB | 87/108 kB | 44/132 kBProgress (4): 197/565 kB | 0.2/1.9 MB | 87/108 kB | 44/132 kBProgress (4): 197/565 kB | 0.2/1.9 MB | 87/108 kB | 44/132 kBProgress (4): 197/565 kB | 0.2/1.9 MB | 87/108 kB | 44/132 kBProgress (4): 197/565 kB | 0.2/1.9 MB | 87/108 kB | 44/132 kBProgress (4): 197/565 kB | 0.3/1.9 MB | 87/108 kB | 44/132 kBProgress (4): 197/565 kB | 0.3/1.9 MB | 87/108 kB | 44/132 kBProgress (4): 197/565 kB | 0.3/1.9 MB | 87/108 kB | 44/132 kBProgress (4): 197/565 kB | 0.3/1.9 MB | 87/108 kB | 44/132 kBProgress (4): 197/565 kB | 0.3/1.9 MB | 92/108 kB | 44/132 kBProgress (4): 197/565 kB | 0.3/1.9 MB | 96/108 kB | 44/132 kBProgress (4): 197/565 kB | 0.3/1.9 MB | 100/108 kB | 44/132 kBProgress (4): 197/565 kB | 0.3/1.9 MB | 104/108 kB | 44/132 kBProgress (4): 197/565 kB | 0.3/1.9 MB | 108/108 kB | 44/132 kBProgress (4): 197/565 kB | 0.3/1.9 MB | 108 kB | 44/132 kB    Progress (4): 197/565 kB | 0.3/1.9 MB | 108 kB | 44/132 kBProgress (4): 197/565 kB | 0.3/1.9 MB | 108 kB | 44/132 kBProgress (4): 197/565 kB | 0.3/1.9 MB | 108 kB | 44/132 kBProgress (4): 197/565 kB | 0.3/1.9 MB | 108 kB | 44/132 kBProgress (4): 197/565 kB | 0.3/1.9 MB | 108 kB | 48/132 kBProgress (4): 197/565 kB | 0.3/1.9 MB | 108 kB | 52/132 kBProgress (4): 197/565 kB | 0.3/1.9 MB | 108 kB | 56/132 kBProgress (4): 197/565 kB | 0.3/1.9 MB | 108 kB | 60/132 kBProgress (4): 201/565 kB | 0.3/1.9 MB | 108 kB | 60/132 kBProgress (4): 205/565 kB | 0.3/1.9 MB | 108 kB | 60/132 kBProgress (4): 209/565 kB | 0.3/1.9 MB | 108 kB | 60/132 kBProgress (4): 213/565 kB | 0.3/1.9 MB | 108 kB | 60/132 kBProgress (4): 213/565 kB | 0.3/1.9 MB | 108 kB | 64/132 kBProgress (4): 213/565 kB | 0.3/1.9 MB | 108 kB | 68/132 kBProgress (4): 213/565 kB | 0.3/1.9 MB | 108 kB | 72/132 kBProgress (4): 213/565 kB | 0.3/1.9 MB | 108 kB | 77/132 kBProgress (4): 213/565 kB | 0.3/1.9 MB | 108 kB | 77/132 kBProgress (4): 213/565 kB | 0.3/1.9 MB | 108 kB | 77/132 kBProgress (4): 213/565 kB | 0.3/1.9 MB | 108 kB | 77/132 kBProgress (4): 213/565 kB | 0.3/1.9 MB | 108 kB | 77/132 kBProgress (4): 213/565 kB | 0.4/1.9 MB | 108 kB | 77/132 kBProgress (4): 213/565 kB | 0.4/1.9 MB | 108 kB | 77/132 kBProgress (4): 213/565 kB | 0.4/1.9 MB | 108 kB | 77/132 kBProgress (4): 213/565 kB | 0.4/1.9 MB | 108 kB | 77/132 kBProgress (4): 217/565 kB | 0.4/1.9 MB | 108 kB | 77/132 kBProgress (4): 221/565 kB | 0.4/1.9 MB | 108 kB | 77/132 kBProgress (4): 226/565 kB | 0.4/1.9 MB | 108 kB | 77/132 kBProgress (4): 230/565 kB | 0.4/1.9 MB | 108 kB | 77/132 kBProgress (4): 230/565 kB | 0.4/1.9 MB | 108 kB | 77/132 kBProgress (4): 230/565 kB | 0.4/1.9 MB | 108 kB | 77/132 kBProgress (4): 230/565 kB | 0.4/1.9 MB | 108 kB | 77/132 kBProgress (4): 230/565 kB | 0.4/1.9 MB | 108 kB | 77/132 kBProgress (4): 230/565 kB | 0.4/1.9 MB | 108 kB | 77/132 kBProgress (4): 230/565 kB | 0.4/1.9 MB | 108 kB | 77/132 kBProgress (5): 230/565 kB | 0.4/1.9 MB | 108 kB | 77/132 kB | 4.1/516 kBProgress (5): 230/565 kB | 0.4/1.9 MB | 108 kB | 77/132 kB | 8.2/516 kBProgress (5): 230/565 kB | 0.4/1.9 MB | 108 kB | 77/132 kB | 8.2/516 kBProgress (5): 230/565 kB | 0.4/1.9 MB | 108 kB | 77/132 kB | 12/516 kB Progress (5): 230/565 kB | 0.4/1.9 MB | 108 kB | 77/132 kB | 12/516 kBProgress (5): 230/565 kB | 0.4/1.9 MB | 108 kB | 77/132 kB | 16/516 kBProgress (5): 230/565 kB | 0.5/1.9 MB | 108 kB | 77/132 kB | 16/516 kBProgress (5): 230/565 kB | 0.5/1.9 MB | 108 kB | 77/132 kB | 16/516 kBProgress (5): 230/565 kB | 0.5/1.9 MB | 108 kB | 77/132 kB | 16/516 kBProgress (5): 230/565 kB | 0.5/1.9 MB | 108 kB | 77/132 kB | 16/516 kBProgress (5): 230/565 kB | 0.5/1.9 MB | 108 kB | 77/132 kB | 16/516 kBProgress (5): 230/565 kB | 0.5/1.9 MB | 108 kB | 77/132 kB | 16/516 kBProgress (5): 230/565 kB | 0.5/1.9 MB | 108 kB | 77/132 kB | 16/516 kBProgress (5): 230/565 kB | 0.5/1.9 MB | 108 kB | 77/132 kB | 16/516 kBProgress (5): 230/565 kB | 0.5/1.9 MB | 108 kB | 77/132 kB | 16/516 kBProgress (5): 230/565 kB | 0.5/1.9 MB | 108 kB | 77/132 kB | 16/516 kBProgress (5): 230/565 kB | 0.5/1.9 MB | 108 kB | 77/132 kB | 16/516 kBProgress (5): 230/565 kB | 0.5/1.9 MB | 108 kB | 77/132 kB | 16/516 kBProgress (5): 230/565 kB | 0.5/1.9 MB | 108 kB | 77/132 kB | 20/516 kBProgress (5): 230/565 kB | 0.5/1.9 MB | 108 kB | 77/132 kB | 25/516 kBProgress (5): 230/565 kB | 0.5/1.9 MB | 108 kB | 77/132 kB | 29/516 kBProgress (5): 230/565 kB | 0.5/1.9 MB | 108 kB | 77/132 kB | 33/516 kBProgress (5): 230/565 kB | 0.5/1.9 MB | 108 kB | 77/132 kB | 33/516 kBProgress (5): 230/565 kB | 0.6/1.9 MB | 108 kB | 77/132 kB | 33/516 kBProgress (5): 230/565 kB | 0.6/1.9 MB | 108 kB | 77/132 kB | 33/516 kBProgress (5): 230/565 kB | 0.6/1.9 MB | 108 kB | 77/132 kB | 33/516 kB                                                                      Downloaded from central: https://repo.maven.apache.org/maven2/org/apache/ant/ant-junit/1.8.3/ant-junit-1.8.3.jar (108 kB at 120 kB/s)
Downloading from central: https://repo.maven.apache.org/maven2/org/mortbay/jetty/jetty-util/6.1.14/jetty-util-6.1.14.jar
Progress (4): 230/565 kB | 0.6/1.9 MB | 77/132 kB | 33/516 kBProgress (4): 230/565 kB | 0.6/1.9 MB | 77/132 kB | 33/516 kBProgress (4): 230/565 kB | 0.6/1.9 MB | 77/132 kB | 33/516 kBProgress (4): 230/565 kB | 0.6/1.9 MB | 77/132 kB | 33/516 kBProgress (4): 230/565 kB | 0.6/1.9 MB | 77/132 kB | 33/516 kBProgress (4): 230/565 kB | 0.6/1.9 MB | 77/132 kB | 33/516 kBProgress (4): 230/565 kB | 0.6/1.9 MB | 77/132 kB | 33/516 kBProgress (4): 230/565 kB | 0.6/1.9 MB | 77/132 kB | 33/516 kBProgress (4): 230/565 kB | 0.6/1.9 MB | 77/132 kB | 37/516 kBProgress (4): 230/565 kB | 0.6/1.9 MB | 77/132 kB | 41/516 kBProgress (4): 230/565 kB | 0.6/1.9 MB | 77/132 kB | 45/516 kBProgress (4): 230/565 kB | 0.6/1.9 MB | 77/132 kB | 49/516 kBProgress (4): 230/565 kB | 0.6/1.9 MB | 77/132 kB | 49/516 kBProgress (4): 230/565 kB | 0.7/1.9 MB | 77/132 kB | 49/516 kBProgress (4): 230/565 kB | 0.7/1.9 MB | 77/132 kB | 49/516 kBProgress (4): 230/565 kB | 0.7/1.9 MB | 77/132 kB | 49/516 kBProgress (4): 230/565 kB | 0.7/1.9 MB | 77/132 kB | 49/516 kBProgress (4): 230/565 kB | 0.7/1.9 MB | 77/132 kB | 49/516 kBProgress (4): 230/565 kB | 0.7/1.9 MB | 77/132 kB | 49/516 kBProgress (4): 230/565 kB | 0.7/1.9 MB | 77/132 kB | 49/516 kBProgress (4): 230/565 kB | 0.7/1.9 MB | 77/132 kB | 49/516 kBProgress (4): 230/565 kB | 0.7/1.9 MB | 77/132 kB | 49/516 kBProgress (4): 230/565 kB | 0.7/1.9 MB | 77/132 kB | 49/516 kBProgress (4): 230/565 kB | 0.7/1.9 MB | 77/132 kB | 49/516 kBProgress (4): 230/565 kB | 0.7/1.9 MB | 77/132 kB | 49/516 kBProgress (4): 230/565 kB | 0.8/1.9 MB | 77/132 kB | 49/516 kBProgress (4): 230/565 kB | 0.8/1.9 MB | 81/132 kB | 49/516 kBProgress (4): 230/565 kB | 0.8/1.9 MB | 85/132 kB | 49/516 kBProgress (4): 230/565 kB | 0.8/1.9 MB | 89/132 kB | 49/516 kBProgress (4): 230/565 kB | 0.8/1.9 MB | 93/132 kB | 49/516 kBProgress (4): 230/565 kB | 0.8/1.9 MB | 97/132 kB | 49/516 kBProgress (4): 230/565 kB | 0.8/1.9 MB | 101/132 kB | 49/516 kBProgress (4): 230/565 kB | 0.8/1.9 MB | 105/132 kB | 49/516 kBProgress (4): 230/565 kB | 0.8/1.9 MB | 109/132 kB | 49/516 kBProgress (4): 234/565 kB | 0.8/1.9 MB | 109/132 kB | 49/516 kBProgress (4): 238/565 kB | 0.8/1.9 MB | 109/132 kB | 49/516 kBProgress (4): 242/565 kB | 0.8/1.9 MB | 109/132 kB | 49/516 kBProgress (4): 246/565 kB | 0.8/1.9 MB | 109/132 kB | 49/516 kBProgress (4): 246/565 kB | 0.8/1.9 MB | 113/132 kB | 49/516 kBProgress (4): 246/565 kB | 0.8/1.9 MB | 117/132 kB | 49/516 kBProgress (4): 246/565 kB | 0.8/1.9 MB | 122/132 kB | 49/516 kBProgress (4): 246/565 kB | 0.8/1.9 MB | 126/132 kB | 49/516 kBProgress (4): 246/565 kB | 0.8/1.9 MB | 130/132 kB | 49/516 kBProgress (4): 246/565 kB | 0.8/1.9 MB | 132 kB | 49/516 kB    Progress (4): 250/565 kB | 0.8/1.9 MB | 132 kB | 49/516 kBProgress (4): 254/565 kB | 0.8/1.9 MB | 132 kB | 49/516 kBProgress (4): 258/565 kB | 0.8/1.9 MB | 132 kB | 49/516 kBProgress (4): 262/565 kB | 0.8/1.9 MB | 132 kB | 49/516 kBProgress (4): 262/565 kB | 0.8/1.9 MB | 132 kB | 49/516 kBProgress (4): 262/565 kB | 0.8/1.9 MB | 132 kB | 49/516 kBProgress (4): 267/565 kB | 0.8/1.9 MB | 132 kB | 49/516 kBProgress (4): 271/565 kB | 0.8/1.9 MB | 132 kB | 49/516 kBProgress (4): 275/565 kB | 0.8/1.9 MB | 132 kB | 49/516 kBProgress (4): 279/565 kB | 0.8/1.9 MB | 132 kB | 49/516 kBProgress (4): 279/565 kB | 0.8/1.9 MB | 132 kB | 49/516 kBProgress (4): 279/565 kB | 0.8/1.9 MB | 132 kB | 49/516 kBProgress (4): 279/565 kB | 0.8/1.9 MB | 132 kB | 49/516 kBProgress (4): 279/565 kB | 0.8/1.9 MB | 132 kB | 49/516 kBProgress (4): 279/565 kB | 0.8/1.9 MB | 132 kB | 49/516 kBProgress (4): 279/565 kB | 0.8/1.9 MB | 132 kB | 49/516 kBProgress (4): 279/565 kB | 0.8/1.9 MB | 132 kB | 49/516 kBProgress (4): 279/565 kB | 0.8/1.9 MB | 132 kB | 49/516 kBProgress (4): 279/565 kB | 0.8/1.9 MB | 132 kB | 53/516 kBProgress (4): 279/565 kB | 0.8/1.9 MB | 132 kB | 57/516 kBProgress (4): 279/565 kB | 0.8/1.9 MB | 132 kB | 61/516 kBProgress (4): 279/565 kB | 0.8/1.9 MB | 132 kB | 66/516 kBProgress (4): 279/565 kB | 0.8/1.9 MB | 132 kB | 66/516 kBProgress (4): 279/565 kB | 0.9/1.9 MB | 132 kB | 66/516 kBProgress (4): 279/565 kB | 0.9/1.9 MB | 132 kB | 66/516 kBProgress (4): 279/565 kB | 0.9/1.9 MB | 132 kB | 66/516 kBProgress (4): 279/565 kB | 0.9/1.9 MB | 132 kB | 66/516 kBProgress (4): 279/565 kB | 0.9/1.9 MB | 132 kB | 66/516 kBProgress (4): 279/565 kB | 0.9/1.9 MB | 132 kB | 66/516 kBProgress (4): 279/565 kB | 0.9/1.9 MB | 132 kB | 66/516 kBProgress (4): 279/565 kB | 0.9/1.9 MB | 132 kB | 66/516 kBProgress (4): 279/565 kB | 0.9/1.9 MB | 132 kB | 66/516 kBProgress (4): 279/565 kB | 0.9/1.9 MB | 132 kB | 66/516 kBProgress (4): 279/565 kB | 0.9/1.9 MB | 132 kB | 66/516 kBProgress (4): 279/565 kB | 0.9/1.9 MB | 132 kB | 66/516 kBProgress (4): 279/565 kB | 1.0/1.9 MB | 132 kB | 66/516 kBProgress (4): 279/565 kB | 1.0/1.9 MB | 132 kB | 66/516 kBProgress (4): 279/565 kB | 1.0/1.9 MB | 132 kB | 66/516 kBProgress (4): 279/565 kB | 1.0/1.9 MB | 132 kB | 66/516 kBProgress (4): 279/565 kB | 1.0/1.9 MB | 132 kB | 66/516 kBProgress (4): 279/565 kB | 1.0/1.9 MB | 132 kB | 66/516 kBProgress (4): 279/565 kB | 1.0/1.9 MB | 132 kB | 70/516 kBProgress (4): 279/565 kB | 1.0/1.9 MB | 132 kB | 70/516 kBProgress (4): 279/565 kB | 1.0/1.9 MB | 132 kB | 74/516 kBProgress (4): 279/565 kB | 1.0/1.9 MB | 132 kB | 74/516 kBProgress (4): 279/565 kB | 1.0/1.9 MB | 132 kB | 78/516 kBProgress (4): 279/565 kB | 1.0/1.9 MB | 132 kB | 82/516 kBProgress (4): 279/565 kB | 1.0/1.9 MB | 132 kB | 82/516 kBProgress (4): 279/565 kB | 1.0/1.9 MB | 132 kB | 82/516 kBProgress (4): 279/565 kB | 1.0/1.9 MB | 132 kB | 82/516 kBProgress (4): 279/565 kB | 1.0/1.9 MB | 132 kB | 82/516 kBProgress (4): 279/565 kB | 1.1/1.9 MB | 132 kB | 82/516 kBProgress (4): 279/565 kB | 1.1/1.9 MB | 132 kB | 82/516 kBProgress (4): 279/565 kB | 1.1/1.9 MB | 132 kB | 82/516 kBProgress (4): 279/565 kB | 1.1/1.9 MB | 132 kB | 82/516 kBProgress (4): 279/565 kB | 1.1/1.9 MB | 132 kB | 82/516 kBProgress (4): 279/565 kB | 1.1/1.9 MB | 132 kB | 82/516 kBProgress (4): 279/565 kB | 1.1/1.9 MB | 132 kB | 82/516 kBProgress (4): 279/565 kB | 1.1/1.9 MB | 132 kB | 82/516 kBProgress (4): 279/565 kB | 1.1/1.9 MB | 132 kB | 82/516 kBProgress (4): 279/565 kB | 1.1/1.9 MB | 132 kB | 82/516 kBProgress (4): 279/565 kB | 1.1/1.9 MB | 132 kB | 82/516 kBProgress (4): 279/565 kB | 1.1/1.9 MB | 132 kB | 82/516 kBProgress (4): 279/565 kB | 1.1/1.9 MB | 132 kB | 86/516 kBProgress (4): 279/565 kB | 1.1/1.9 MB | 132 kB | 90/516 kBProgress (4): 279/565 kB | 1.1/1.9 MB | 132 kB | 94/516 kBProgress (4): 279/565 kB | 1.1/1.9 MB | 132 kB | 98/516 kBProgress (4): 279/565 kB | 1.2/1.9 MB | 132 kB | 98/516 kBProgress (4): 279/565 kB | 1.2/1.9 MB | 132 kB | 98/516 kBProgress (4): 279/565 kB | 1.2/1.9 MB | 132 kB | 98/516 kBProgress (4): 279/565 kB | 1.2/1.9 MB | 132 kB | 98/516 kBProgress (4): 279/565 kB | 1.2/1.9 MB | 132 kB | 98/516 kBProgress (4): 279/565 kB | 1.2/1.9 MB | 132 kB | 98/516 kBProgress (4): 279/565 kB | 1.2/1.9 MB | 132 kB | 98/516 kBProgress (4): 279/565 kB | 1.2/1.9 MB | 132 kB | 98/516 kBProgress (4): 279/565 kB | 1.2/1.9 MB | 132 kB | 98/516 kBProgress (4): 279/565 kB | 1.2/1.9 MB | 132 kB | 98/516 kBProgress (4): 279/565 kB | 1.2/1.9 MB | 132 kB | 98/516 kBProgress (4): 279/565 kB | 1.2/1.9 MB | 132 kB | 98/516 kBProgress (4): 279/565 kB | 1.3/1.9 MB | 132 kB | 98/516 kBProgress (4): 279/565 kB | 1.3/1.9 MB | 132 kB | 98/516 kBProgress (4): 279/565 kB | 1.3/1.9 MB | 132 kB | 98/516 kBProgress (4): 279/565 kB | 1.3/1.9 MB | 132 kB | 98/516 kBProgress (4): 279/565 kB | 1.3/1.9 MB | 132 kB | 98/516 kBProgress (4): 279/565 kB | 1.3/1.9 MB | 132 kB | 98/516 kBProgress (4): 279/565 kB | 1.3/1.9 MB | 132 kB | 98/516 kBProgress (4): 279/565 kB | 1.3/1.9 MB | 132 kB | 98/516 kBProgress (4): 279/565 kB | 1.3/1.9 MB | 132 kB | 98/516 kBProgress (4): 279/565 kB | 1.3/1.9 MB | 132 kB | 98/516 kBProgress (5): 279/565 kB | 1.3/1.9 MB | 132 kB | 98/516 kB | 4.1/163 kBProgress (5): 279/565 kB | 1.3/1.9 MB | 132 kB | 98/516 kB | 4.1/163 kBProgress (5): 279/565 kB | 1.3/1.9 MB | 132 kB | 98/516 kB | 8.2/163 kBProgress (5): 279/565 kB | 1.3/1.9 MB | 132 kB | 98/516 kB | 8.2/163 kBProgress (5): 279/565 kB | 1.3/1.9 MB | 132 kB | 102/516 kB | 8.2/163 kBProgress (5): 279/565 kB | 1.3/1.9 MB | 132 kB | 106/516 kB | 8.2/163 kBProgress (5): 279/565 kB | 1.3/1.9 MB | 132 kB | 111/516 kB | 8.2/163 kBProgress (5): 279/565 kB | 1.3/1.9 MB | 132 kB | 111/516 kB | 12/163 kB Progress (5): 279/565 kB | 1.3/1.9 MB | 132 kB | 111/516 kB | 16/163 kBProgress (5): 279/565 kB | 1.3/1.9 MB | 132 kB | 115/516 kB | 16/163 kBProgress (5): 279/565 kB | 1.4/1.9 MB | 132 kB | 115/516 kB | 16/163 kBProgress (5): 279/565 kB | 1.4/1.9 MB | 132 kB | 115/516 kB | 16/163 kBProgress (5): 279/565 kB | 1.4/1.9 MB | 132 kB | 115/516 kB | 16/163 kBProgress (5): 279/565 kB | 1.4/1.9 MB | 132 kB | 115/516 kB | 16/163 kBProgress (5): 279/565 kB | 1.4/1.9 MB | 132 kB | 115/516 kB | 16/163 kBProgress (5): 279/565 kB | 1.4/1.9 MB | 132 kB | 115/516 kB | 16/163 kBProgress (5): 279/565 kB | 1.4/1.9 MB | 132 kB | 115/516 kB | 20/163 kBProgress (5): 279/565 kB | 1.4/1.9 MB | 132 kB | 115/516 kB | 25/163 kBProgress (5): 279/565 kB | 1.4/1.9 MB | 132 kB | 115/516 kB | 29/163 kBProgress (5): 279/565 kB | 1.4/1.9 MB | 132 kB | 115/516 kB | 33/163 kBProgress (5): 279/565 kB | 1.4/1.9 MB | 132 kB | 115/516 kB | 33/163 kBProgress (5): 279/565 kB | 1.4/1.9 MB | 132 kB | 115/516 kB | 33/163 kBProgress (5): 279/565 kB | 1.4/1.9 MB | 132 kB | 115/516 kB | 33/163 kBProgress (5): 279/565 kB | 1.4/1.9 MB | 132 kB | 115/516 kB | 33/163 kBProgress (5): 279/565 kB | 1.4/1.9 MB | 132 kB | 115/516 kB | 33/163 kBProgress (5): 279/565 kB | 1.4/1.9 MB | 132 kB | 115/516 kB | 33/163 kBProgress (5): 279/565 kB | 1.4/1.9 MB | 132 kB | 115/516 kB | 33/163 kBProgress (5): 279/565 kB | 1.5/1.9 MB | 132 kB | 115/516 kB | 33/163 kBProgress (5): 279/565 kB | 1.5/1.9 MB | 132 kB | 115/516 kB | 33/163 kBProgress (5): 279/565 kB | 1.5/1.9 MB | 132 kB | 115/516 kB | 33/163 kBProgress (5): 279/565 kB | 1.5/1.9 MB | 132 kB | 115/516 kB | 33/163 kBProgress (5): 279/565 kB | 1.5/1.9 MB | 132 kB | 115/516 kB | 33/163 kBProgress (5): 279/565 kB | 1.5/1.9 MB | 132 kB | 115/516 kB | 33/163 kBProgress (5): 279/565 kB | 1.5/1.9 MB | 132 kB | 115/516 kB | 33/163 kBProgress (5): 279/565 kB | 1.5/1.9 MB | 132 kB | 119/516 kB | 33/163 kBProgress (5): 279/565 kB | 1.5/1.9 MB | 132 kB | 123/516 kB | 33/163 kBProgress (5): 279/565 kB | 1.5/1.9 MB | 132 kB | 127/516 kB | 33/163 kBProgress (5): 279/565 kB | 1.5/1.9 MB | 132 kB | 131/516 kB | 33/163 kBProgress (5): 279/565 kB | 1.5/1.9 MB | 132 kB | 131/516 kB | 33/163 kBProgress (5): 279/565 kB | 1.5/1.9 MB | 132 kB | 131/516 kB | 33/163 kBProgress (5): 279/565 kB | 1.5/1.9 MB | 132 kB | 131/516 kB | 33/163 kBProgress (5): 279/565 kB | 1.5/1.9 MB | 132 kB | 131/516 kB | 33/163 kBProgress (5): 279/565 kB | 1.5/1.9 MB | 132 kB | 131/516 kB | 33/163 kBProgress (5): 279/565 kB | 1.6/1.9 MB | 132 kB | 131/516 kB | 33/163 kBProgress (5): 279/565 kB | 1.6/1.9 MB | 132 kB | 131/516 kB | 33/163 kBProgress (5): 279/565 kB | 1.6/1.9 MB | 132 kB | 131/516 kB | 33/163 kBProgress (5): 279/565 kB | 1.6/1.9 MB | 132 kB | 131/516 kB | 33/163 kBProgress (5): 279/565 kB | 1.6/1.9 MB | 132 kB | 131/516 kB | 33/163 kBProgress (5): 279/565 kB | 1.6/1.9 MB | 132 kB | 131/516 kB | 33/163 kBProgress (5): 279/565 kB | 1.6/1.9 MB | 132 kB | 131/516 kB | 33/163 kBProgress (5): 283/565 kB | 1.6/1.9 MB | 132 kB | 131/516 kB | 33/163 kBProgress (5): 287/565 kB | 1.6/1.9 MB | 132 kB | 131/516 kB | 33/163 kBProgress (5): 291/565 kB | 1.6/1.9 MB | 132 kB | 131/516 kB | 33/163 kBProgress (5): 295/565 kB | 1.6/1.9 MB | 132 kB | 131/516 kB | 33/163 kBProgress (5): 295/565 kB | 1.6/1.9 MB | 132 kB | 131/516 kB | 37/163 kBProgress (5): 295/565 kB | 1.6/1.9 MB | 132 kB | 131/516 kB | 41/163 kBProgress (5): 295/565 kB | 1.6/1.9 MB | 132 kB | 131/516 kB | 45/163 kBProgress (5): 295/565 kB | 1.6/1.9 MB | 132 kB | 131/516 kB | 49/163 kBProgress (5): 295/565 kB | 1.6/1.9 MB | 132 kB | 131/516 kB | 49/163 kBProgress (5): 295/565 kB | 1.6/1.9 MB | 132 kB | 131/516 kB | 49/163 kBProgress (5): 299/565 kB | 1.6/1.9 MB | 132 kB | 131/516 kB | 49/163 kBProgress (5): 303/565 kB | 1.6/1.9 MB | 132 kB | 131/516 kB | 49/163 kBProgress (5): 307/565 kB | 1.6/1.9 MB | 132 kB | 131/516 kB | 49/163 kBProgress (5): 312/565 kB | 1.6/1.9 MB | 132 kB | 131/516 kB | 49/163 kBProgress (5): 312/565 kB | 1.6/1.9 MB | 132 kB | 135/516 kB | 49/163 kBProgress (5): 312/565 kB | 1.6/1.9 MB | 132 kB | 139/516 kB | 49/163 kBProgress (5): 312/565 kB | 1.6/1.9 MB | 132 kB | 143/516 kB | 49/163 kBProgress (5): 312/565 kB | 1.6/1.9 MB | 132 kB | 147/516 kB | 49/163 kB                                                                       Downloaded from central: https://repo.maven.apache.org/maven2/org/mortbay/jetty/servlet-api-2.5/6.1.14/servlet-api-2.5-6.1.14.jar (132 kB at 125 kB/s)
Downloading from central: https://repo.maven.apache.org/maven2/ch/qos/logback/logback-classic/1.0.13/logback-classic-1.0.13.jar
Progress (4): 312/565 kB | 1.6/1.9 MB | 147/516 kB | 49/163 kBProgress (4): 312/565 kB | 1.6/1.9 MB | 147/516 kB | 49/163 kBProgress (4): 312/565 kB | 1.6/1.9 MB | 147/516 kB | 49/163 kBProgress (4): 312/565 kB | 1.7/1.9 MB | 147/516 kB | 49/163 kBProgress (4): 316/565 kB | 1.7/1.9 MB | 147/516 kB | 49/163 kBProgress (4): 320/565 kB | 1.7/1.9 MB | 147/516 kB | 49/163 kBProgress (4): 324/565 kB | 1.7/1.9 MB | 147/516 kB | 49/163 kBProgress (4): 328/565 kB | 1.7/1.9 MB | 147/516 kB | 49/163 kBProgress (4): 328/565 kB | 1.7/1.9 MB | 152/516 kB | 49/163 kBProgress (4): 328/565 kB | 1.7/1.9 MB | 156/516 kB | 49/163 kBProgress (4): 328/565 kB | 1.7/1.9 MB | 160/516 kB | 49/163 kBProgress (4): 328/565 kB | 1.7/1.9 MB | 164/516 kB | 49/163 kBProgress (4): 328/565 kB | 1.7/1.9 MB | 164/516 kB | 49/163 kBProgress (4): 328/565 kB | 1.7/1.9 MB | 164/516 kB | 49/163 kBProgress (4): 328/565 kB | 1.7/1.9 MB | 164/516 kB | 49/163 kBProgress (4): 328/565 kB | 1.7/1.9 MB | 164/516 kB | 49/163 kBProgress (4): 328/565 kB | 1.7/1.9 MB | 164/516 kB | 49/163 kBProgress (4): 328/565 kB | 1.7/1.9 MB | 164/516 kB | 49/163 kBProgress (4): 328/565 kB | 1.7/1.9 MB | 168/516 kB | 49/163 kBProgress (4): 328/565 kB | 1.7/1.9 MB | 172/516 kB | 49/163 kBProgress (4): 328/565 kB | 1.7/1.9 MB | 176/516 kB | 49/163 kBProgress (4): 328/565 kB | 1.7/1.9 MB | 180/516 kB | 49/163 kBProgress (4): 328/565 kB | 1.7/1.9 MB | 180/516 kB | 49/163 kBProgress (4): 328/565 kB | 1.7/1.9 MB | 180/516 kB | 49/163 kBProgress (4): 328/565 kB | 1.7/1.9 MB | 180/516 kB | 49/163 kBProgress (4): 328/565 kB | 1.7/1.9 MB | 180/516 kB | 49/163 kBProgress (4): 328/565 kB | 1.7/1.9 MB | 180/516 kB | 49/163 kBProgress (4): 328/565 kB | 1.8/1.9 MB | 180/516 kB | 49/163 kBProgress (4): 328/565 kB | 1.8/1.9 MB | 180/516 kB | 49/163 kBProgress (4): 328/565 kB | 1.8/1.9 MB | 180/516 kB | 49/163 kBProgress (4): 328/565 kB | 1.8/1.9 MB | 180/516 kB | 49/163 kBProgress (4): 328/565 kB | 1.8/1.9 MB | 180/516 kB | 49/163 kBProgress (4): 328/565 kB | 1.8/1.9 MB | 180/516 kB | 49/163 kBProgress (4): 328/565 kB | 1.8/1.9 MB | 180/516 kB | 49/163 kBProgress (4): 328/565 kB | 1.8/1.9 MB | 180/516 kB | 49/163 kBProgress (4): 328/565 kB | 1.8/1.9 MB | 180/516 kB | 49/163 kBProgress (4): 328/565 kB | 1.8/1.9 MB | 180/516 kB | 49/163 kBProgress (4): 328/565 kB | 1.8/1.9 MB | 180/516 kB | 49/163 kBProgress (4): 328/565 kB | 1.8/1.9 MB | 180/516 kB | 49/163 kBProgress (4): 328/565 kB | 1.9/1.9 MB | 180/516 kB | 49/163 kBProgress (4): 328/565 kB | 1.9/1.9 MB | 180/516 kB | 49/163 kBProgress (4): 328/565 kB | 1.9/1.9 MB | 180/516 kB | 49/163 kBProgress (4): 328/565 kB | 1.9/1.9 MB | 180/516 kB | 49/163 kBProgress (4): 328/565 kB | 1.9/1.9 MB | 180/516 kB | 49/163 kBProgress (4): 328/565 kB | 1.9/1.9 MB | 180/516 kB | 49/163 kBProgress (4): 328/565 kB | 1.9/1.9 MB | 180/516 kB | 49/163 kBProgress (4): 328/565 kB | 1.9/1.9 MB | 184/516 kB | 49/163 kBProgress (4): 328/565 kB | 1.9/1.9 MB | 188/516 kB | 49/163 kBProgress (4): 328/565 kB | 1.9/1.9 MB | 193/516 kB | 49/163 kBProgress (4): 328/565 kB | 1.9/1.9 MB | 197/516 kB | 49/163 kBProgress (4): 332/565 kB | 1.9/1.9 MB | 197/516 kB | 49/163 kBProgress (4): 332/565 kB | 1.9/1.9 MB | 197/516 kB | 49/163 kBProgress (4): 336/565 kB | 1.9/1.9 MB | 197/516 kB | 49/163 kBProgress (4): 336/565 kB | 1.9/1.9 MB | 197/516 kB | 49/163 kBProgress (4): 340/565 kB | 1.9/1.9 MB | 197/516 kB | 49/163 kBProgress (4): 344/565 kB | 1.9/1.9 MB | 197/516 kB | 49/163 kBProgress (4): 344/565 kB | 1.9/1.9 MB | 197/516 kB | 49/163 kBProgress (4): 344/565 kB | 1.9/1.9 MB | 197/516 kB | 49/163 kBProgress (4): 344/565 kB | 1.9 MB | 197/516 kB | 49/163 kB    Progress (4): 344/565 kB | 1.9 MB | 201/516 kB | 49/163 kBProgress (4): 344/565 kB | 1.9 MB | 205/516 kB | 49/163 kBProgress (4): 344/565 kB | 1.9 MB | 209/516 kB | 49/163 kBProgress (4): 344/565 kB | 1.9 MB | 213/516 kB | 49/163 kBProgress (4): 344/565 kB | 1.9 MB | 217/516 kB | 49/163 kBProgress (4): 344/565 kB | 1.9 MB | 221/516 kB | 49/163 kBProgress (4): 344/565 kB | 1.9 MB | 225/516 kB | 49/163 kBProgress (4): 344/565 kB | 1.9 MB | 229/516 kB | 49/163 kBProgress (4): 344/565 kB | 1.9 MB | 233/516 kB | 49/163 kBProgress (4): 344/565 kB | 1.9 MB | 238/516 kB | 49/163 kBProgress (4): 344/565 kB | 1.9 MB | 242/516 kB | 49/163 kBProgress (4): 344/565 kB | 1.9 MB | 246/516 kB | 49/163 kBProgress (4): 344/565 kB | 1.9 MB | 246/516 kB | 53/163 kBProgress (4): 344/565 kB | 1.9 MB | 246/516 kB | 57/163 kBProgress (4): 344/565 kB | 1.9 MB | 246/516 kB | 61/163 kBProgress (4): 344/565 kB | 1.9 MB | 246/516 kB | 66/163 kBProgress (4): 344/565 kB | 1.9 MB | 250/516 kB | 66/163 kBProgress (4): 344/565 kB | 1.9 MB | 254/516 kB | 66/163 kBProgress (4): 344/565 kB | 1.9 MB | 258/516 kB | 66/163 kBProgress (4): 344/565 kB | 1.9 MB | 262/516 kB | 66/163 kBProgress (4): 344/565 kB | 1.9 MB | 262/516 kB | 70/163 kBProgress (4): 344/565 kB | 1.9 MB | 262/516 kB | 74/163 kBProgress (4): 344/565 kB | 1.9 MB | 262/516 kB | 78/163 kBProgress (4): 344/565 kB | 1.9 MB | 262/516 kB | 82/163 kBProgress (4): 344/565 kB | 1.9 MB | 266/516 kB | 82/163 kBProgress (4): 344/565 kB | 1.9 MB | 270/516 kB | 82/163 kBProgress (4): 344/565 kB | 1.9 MB | 274/516 kB | 82/163 kBProgress (4): 344/565 kB | 1.9 MB | 279/516 kB | 82/163 kBProgress (4): 344/565 kB | 1.9 MB | 279/516 kB | 86/163 kBProgress (4): 344/565 kB | 1.9 MB | 279/516 kB | 90/163 kBProgress (4): 344/565 kB | 1.9 MB | 279/516 kB | 94/163 kBProgress (4): 344/565 kB | 1.9 MB | 279/516 kB | 98/163 kBProgress (4): 344/565 kB | 1.9 MB | 283/516 kB | 98/163 kBProgress (4): 344/565 kB | 1.9 MB | 287/516 kB | 98/163 kBProgress (4): 344/565 kB | 1.9 MB | 291/516 kB | 98/163 kBProgress (4): 344/565 kB | 1.9 MB | 295/516 kB | 98/163 kBProgress (4): 348/565 kB | 1.9 MB | 295/516 kB | 98/163 kBProgress (4): 353/565 kB | 1.9 MB | 295/516 kB | 98/163 kBProgress (4): 357/565 kB | 1.9 MB | 295/516 kB | 98/163 kBProgress (4): 361/565 kB | 1.9 MB | 295/516 kB | 98/163 kBProgress (4): 361/565 kB | 1.9 MB | 299/516 kB | 98/163 kBProgress (4): 361/565 kB | 1.9 MB | 303/516 kB | 98/163 kBProgress (4): 361/565 kB | 1.9 MB | 307/516 kB | 98/163 kBProgress (4): 361/565 kB | 1.9 MB | 311/516 kB | 98/163 kBProgress (4): 365/565 kB | 1.9 MB | 311/516 kB | 98/163 kBProgress (4): 369/565 kB | 1.9 MB | 311/516 kB | 98/163 kBProgress (4): 373/565 kB | 1.9 MB | 311/516 kB | 98/163 kBProgress (4): 377/565 kB | 1.9 MB | 311/516 kB | 98/163 kBProgress (4): 377/565 kB | 1.9 MB | 315/516 kB | 98/163 kBProgress (4): 377/565 kB | 1.9 MB | 319/516 kB | 98/163 kBProgress (4): 377/565 kB | 1.9 MB | 324/516 kB | 98/163 kBProgress (4): 377/565 kB | 1.9 MB | 328/516 kB | 98/163 kBProgress (5): 377/565 kB | 1.9 MB | 328/516 kB | 98/163 kB | 4.1/265 kBProgress (5): 377/565 kB | 1.9 MB | 328/516 kB | 98/163 kB | 8.2/265 kBProgress (5): 377/565 kB | 1.9 MB | 328/516 kB | 98/163 kB | 12/265 kB Progress (5): 377/565 kB | 1.9 MB | 328/516 kB | 98/163 kB | 16/265 kBProgress (5): 377/565 kB | 1.9 MB | 332/516 kB | 98/163 kB | 16/265 kBProgress (5): 377/565 kB | 1.9 MB | 336/516 kB | 98/163 kB | 16/265 kBProgress (5): 377/565 kB | 1.9 MB | 340/516 kB | 98/163 kB | 16/265 kBProgress (5): 377/565 kB | 1.9 MB | 344/516 kB | 98/163 kB | 16/265 kBProgress (5): 377/565 kB | 1.9 MB | 344/516 kB | 98/163 kB | 20/265 kBProgress (5): 377/565 kB | 1.9 MB | 344/516 kB | 98/163 kB | 25/265 kBProgress (5): 377/565 kB | 1.9 MB | 344/516 kB | 98/163 kB | 29/265 kBProgress (5): 377/565 kB | 1.9 MB | 344/516 kB | 98/163 kB | 33/265 kBProgress (5): 377/565 kB | 1.9 MB | 348/516 kB | 98/163 kB | 33/265 kBProgress (5): 377/565 kB | 1.9 MB | 352/516 kB | 98/163 kB | 33/265 kBProgress (5): 377/565 kB | 1.9 MB | 356/516 kB | 98/163 kB | 33/265 kBProgress (5): 377/565 kB | 1.9 MB | 360/516 kB | 98/163 kB | 33/265 kBProgress (5): 377/565 kB | 1.9 MB | 360/516 kB | 98/163 kB | 37/265 kBProgress (5): 377/565 kB | 1.9 MB | 360/516 kB | 98/163 kB | 41/265 kBProgress (5): 377/565 kB | 1.9 MB | 360/516 kB | 98/163 kB | 45/265 kBProgress (5): 377/565 kB | 1.9 MB | 360/516 kB | 98/163 kB | 49/265 kBProgress (5): 377/565 kB | 1.9 MB | 365/516 kB | 98/163 kB | 49/265 kBProgress (5): 377/565 kB | 1.9 MB | 369/516 kB | 98/163 kB | 49/265 kBProgress (5): 377/565 kB | 1.9 MB | 373/516 kB | 98/163 kB | 49/265 kBProgress (5): 377/565 kB | 1.9 MB | 377/516 kB | 98/163 kB | 49/265 kBProgress (5): 381/565 kB | 1.9 MB | 377/516 kB | 98/163 kB | 49/265 kBProgress (5): 385/565 kB | 1.9 MB | 377/516 kB | 98/163 kB | 49/265 kBProgress (5): 389/565 kB | 1.9 MB | 377/516 kB | 98/163 kB | 49/265 kBProgress (5): 393/565 kB | 1.9 MB | 377/516 kB | 98/163 kB | 49/265 kBProgress (5): 393/565 kB | 1.9 MB | 381/516 kB | 98/163 kB | 49/265 kBProgress (5): 393/565 kB | 1.9 MB | 385/516 kB | 98/163 kB | 49/265 kBProgress (5): 393/565 kB | 1.9 MB | 389/516 kB | 98/163 kB | 49/265 kBProgress (5): 393/565 kB | 1.9 MB | 393/516 kB | 98/163 kB | 49/265 kBProgress (5): 393/565 kB | 1.9 MB | 397/516 kB | 98/163 kB | 49/265 kBProgress (5): 393/565 kB | 1.9 MB | 401/516 kB | 98/163 kB | 49/265 kBProgress (5): 393/565 kB | 1.9 MB | 406/516 kB | 98/163 kB | 49/265 kBProgress (5): 393/565 kB | 1.9 MB | 410/516 kB | 98/163 kB | 49/265 kB                                                                      Downloaded from central: https://repo.maven.apache.org/maven2/org/apache/ant/ant/1.8.3/ant-1.8.3.jar (1.9 MB at 1.6 MB/s)
Downloading from central: https://repo.maven.apache.org/maven2/ch/qos/logback/logback-core/1.0.13/logback-core-1.0.13.jar
Progress (4): 393/565 kB | 414/516 kB | 98/163 kB | 49/265 kBProgress (4): 393/565 kB | 418/516 kB | 98/163 kB | 49/265 kBProgress (4): 393/565 kB | 422/516 kB | 98/163 kB | 49/265 kBProgress (4): 393/565 kB | 426/516 kB | 98/163 kB | 49/265 kBProgress (4): 393/565 kB | 430/516 kB | 98/163 kB | 49/265 kBProgress (4): 393/565 kB | 434/516 kB | 98/163 kB | 49/265 kBProgress (4): 393/565 kB | 438/516 kB | 98/163 kB | 49/265 kBProgress (4): 393/565 kB | 442/516 kB | 98/163 kB | 49/265 kBProgress (4): 393/565 kB | 446/516 kB | 98/163 kB | 49/265 kBProgress (4): 393/565 kB | 451/516 kB | 98/163 kB | 49/265 kBProgress (4): 393/565 kB | 455/516 kB | 98/163 kB | 49/265 kBProgress (4): 393/565 kB | 459/516 kB | 98/163 kB | 49/265 kBProgress (4): 393/565 kB | 463/516 kB | 98/163 kB | 49/265 kBProgress (4): 393/565 kB | 467/516 kB | 98/163 kB | 49/265 kBProgress (4): 393/565 kB | 471/516 kB | 98/163 kB | 49/265 kBProgress (4): 393/565 kB | 475/516 kB | 98/163 kB | 49/265 kBProgress (4): 393/565 kB | 479/516 kB | 98/163 kB | 49/265 kBProgress (4): 393/565 kB | 483/516 kB | 98/163 kB | 49/265 kBProgress (4): 393/565 kB | 487/516 kB | 98/163 kB | 49/265 kBProgress (4): 393/565 kB | 492/516 kB | 98/163 kB | 49/265 kBProgress (4): 393/565 kB | 492/516 kB | 102/163 kB | 49/265 kBProgress (4): 393/565 kB | 492/516 kB | 106/163 kB | 49/265 kBProgress (4): 393/565 kB | 492/516 kB | 111/163 kB | 49/265 kBProgress (4): 393/565 kB | 492/516 kB | 115/163 kB | 49/265 kBProgress (4): 393/565 kB | 496/516 kB | 115/163 kB | 49/265 kBProgress (4): 393/565 kB | 500/516 kB | 115/163 kB | 49/265 kBProgress (4): 393/565 kB | 504/516 kB | 115/163 kB | 49/265 kBProgress (4): 393/565 kB | 508/516 kB | 115/163 kB | 49/265 kBProgress (4): 393/565 kB | 512/516 kB | 115/163 kB | 49/265 kBProgress (4): 393/565 kB | 516/516 kB | 115/163 kB | 49/265 kBProgress (4): 393/565 kB | 516 kB | 115/163 kB | 49/265 kB    Progress (4): 393/565 kB | 516 kB | 119/163 kB | 49/265 kBProgress (4): 393/565 kB | 516 kB | 123/163 kB | 49/265 kBProgress (4): 393/565 kB | 516 kB | 127/163 kB | 49/265 kBProgress (4): 393/565 kB | 516 kB | 131/163 kB | 49/265 kBProgress (4): 393/565 kB | 516 kB | 135/163 kB | 49/265 kBProgress (4): 393/565 kB | 516 kB | 139/163 kB | 49/265 kBProgress (4): 393/565 kB | 516 kB | 143/163 kB | 49/265 kBProgress (4): 393/565 kB | 516 kB | 147/163 kB | 49/265 kBProgress (4): 398/565 kB | 516 kB | 147/163 kB | 49/265 kBProgress (4): 402/565 kB | 516 kB | 147/163 kB | 49/265 kBProgress (4): 406/565 kB | 516 kB | 147/163 kB | 49/265 kBProgress (4): 410/565 kB | 516 kB | 147/163 kB | 49/265 kBProgress (4): 410/565 kB | 516 kB | 152/163 kB | 49/265 kBProgress (4): 410/565 kB | 516 kB | 156/163 kB | 49/265 kBProgress (4): 410/565 kB | 516 kB | 160/163 kB | 49/265 kBProgress (4): 410/565 kB | 516 kB | 163 kB | 49/265 kB    Progress (4): 414/565 kB | 516 kB | 163 kB | 49/265 kBProgress (4): 418/565 kB | 516 kB | 163 kB | 49/265 kBProgress (4): 422/565 kB | 516 kB | 163 kB | 49/265 kBProgress (4): 426/565 kB | 516 kB | 163 kB | 49/265 kBProgress (4): 426/565 kB | 516 kB | 163 kB | 53/265 kBProgress (4): 426/565 kB | 516 kB | 163 kB | 57/265 kBProgress (4): 426/565 kB | 516 kB | 163 kB | 61/265 kBProgress (4): 426/565 kB | 516 kB | 163 kB | 66/265 kBProgress (4): 430/565 kB | 516 kB | 163 kB | 66/265 kBProgress (4): 434/565 kB | 516 kB | 163 kB | 66/265 kBProgress (4): 439/565 kB | 516 kB | 163 kB | 66/265 kBProgress (4): 443/565 kB | 516 kB | 163 kB | 66/265 kBProgress (4): 443/565 kB | 516 kB | 163 kB | 70/265 kBProgress (4): 443/565 kB | 516 kB | 163 kB | 74/265 kBProgress (4): 443/565 kB | 516 kB | 163 kB | 78/265 kBProgress (4): 443/565 kB | 516 kB | 163 kB | 82/265 kBProgress (4): 443/565 kB | 516 kB | 163 kB | 86/265 kBProgress (4): 443/565 kB | 516 kB | 163 kB | 90/265 kBProgress (4): 443/565 kB | 516 kB | 163 kB | 94/265 kBProgress (4): 443/565 kB | 516 kB | 163 kB | 98/265 kBProgress (4): 447/565 kB | 516 kB | 163 kB | 98/265 kBProgress (4): 451/565 kB | 516 kB | 163 kB | 98/265 kBProgress (4): 455/565 kB | 516 kB | 163 kB | 98/265 kBProgress (4): 459/565 kB | 516 kB | 163 kB | 98/265 kBProgress (5): 459/565 kB | 516 kB | 163 kB | 98/265 kB | 4.1/419 kBProgress (5): 459/565 kB | 516 kB | 163 kB | 98/265 kB | 8.2/419 kBProgress (5): 459/565 kB | 516 kB | 163 kB | 98/265 kB | 12/419 kB Progress (5): 459/565 kB | 516 kB | 163 kB | 98/265 kB | 16/419 kBProgress (5): 459/565 kB | 516 kB | 163 kB | 98/265 kB | 20/419 kBProgress (5): 459/565 kB | 516 kB | 163 kB | 98/265 kB | 25/419 kBProgress (5): 459/565 kB | 516 kB | 163 kB | 98/265 kB | 29/419 kBProgress (5): 459/565 kB | 516 kB | 163 kB | 98/265 kB | 33/419 kBProgress (5): 459/565 kB | 516 kB | 163 kB | 98/265 kB | 37/419 kBProgress (5): 459/565 kB | 516 kB | 163 kB | 98/265 kB | 41/419 kBProgress (5): 459/565 kB | 516 kB | 163 kB | 98/265 kB | 45/419 kBProgress (5): 459/565 kB | 516 kB | 163 kB | 98/265 kB | 49/419 kBProgress (5): 459/565 kB | 516 kB | 163 kB | 98/265 kB | 53/419 kBProgress (5): 459/565 kB | 516 kB | 163 kB | 98/265 kB | 57/419 kBProgress (5): 459/565 kB | 516 kB | 163 kB | 98/265 kB | 61/419 kBProgress (5): 459/565 kB | 516 kB | 163 kB | 98/265 kB | 66/419 kBProgress (5): 459/565 kB | 516 kB | 163 kB | 98/265 kB | 70/419 kBProgress (5): 459/565 kB | 516 kB | 163 kB | 98/265 kB | 74/419 kBProgress (5): 459/565 kB | 516 kB | 163 kB | 98/265 kB | 78/419 kBProgress (5): 459/565 kB | 516 kB | 163 kB | 98/265 kB | 82/419 kBProgress (5): 459/565 kB | 516 kB | 163 kB | 98/265 kB | 86/419 kBProgress (5): 459/565 kB | 516 kB | 163 kB | 98/265 kB | 90/419 kBProgress (5): 459/565 kB | 516 kB | 163 kB | 98/265 kB | 94/419 kBProgress (5): 459/565 kB | 516 kB | 163 kB | 98/265 kB | 98/419 kBProgress (5): 459/565 kB | 516 kB | 163 kB | 98/265 kB | 102/419 kBProgress (5): 459/565 kB | 516 kB | 163 kB | 98/265 kB | 106/419 kBProgress (5): 459/565 kB | 516 kB | 163 kB | 98/265 kB | 111/419 kBProgress (5): 459/565 kB | 516 kB | 163 kB | 98/265 kB | 115/419 kBProgress (5): 459/565 kB | 516 kB | 163 kB | 98/265 kB | 119/419 kBProgress (5): 459/565 kB | 516 kB | 163 kB | 98/265 kB | 123/419 kBProgress (5): 459/565 kB | 516 kB | 163 kB | 98/265 kB | 127/419 kBProgress (5): 459/565 kB | 516 kB | 163 kB | 98/265 kB | 131/419 kBProgress (5): 459/565 kB | 516 kB | 163 kB | 98/265 kB | 135/419 kBProgress (5): 459/565 kB | 516 kB | 163 kB | 98/265 kB | 139/419 kBProgress (5): 459/565 kB | 516 kB | 163 kB | 98/265 kB | 143/419 kBProgress (5): 459/565 kB | 516 kB | 163 kB | 98/265 kB | 147/419 kBProgress (5): 459/565 kB | 516 kB | 163 kB | 98/265 kB | 152/419 kBProgress (5): 459/565 kB | 516 kB | 163 kB | 98/265 kB | 156/419 kBProgress (5): 459/565 kB | 516 kB | 163 kB | 98/265 kB | 160/419 kBProgress (5): 459/565 kB | 516 kB | 163 kB | 98/265 kB | 164/419 kBProgress (5): 459/565 kB | 516 kB | 163 kB | 98/265 kB | 168/419 kBProgress (5): 459/565 kB | 516 kB | 163 kB | 98/265 kB | 172/419 kBProgress (5): 459/565 kB | 516 kB | 163 kB | 98/265 kB | 176/419 kBProgress (5): 459/565 kB | 516 kB | 163 kB | 98/265 kB | 180/419 kBProgress (5): 459/565 kB | 516 kB | 163 kB | 98/265 kB | 184/419 kBProgress (5): 459/565 kB | 516 kB | 163 kB | 98/265 kB | 188/419 kBProgress (5): 459/565 kB | 516 kB | 163 kB | 98/265 kB | 193/419 kBProgress (5): 459/565 kB | 516 kB | 163 kB | 98/265 kB | 197/419 kBProgress (5): 459/565 kB | 516 kB | 163 kB | 98/265 kB | 201/419 kBProgress (5): 459/565 kB | 516 kB | 163 kB | 98/265 kB | 205/419 kBProgress (5): 459/565 kB | 516 kB | 163 kB | 98/265 kB | 209/419 kBProgress (5): 459/565 kB | 516 kB | 163 kB | 98/265 kB | 213/419 kBProgress (5): 459/565 kB | 516 kB | 163 kB | 98/265 kB | 217/419 kBProgress (5): 459/565 kB | 516 kB | 163 kB | 98/265 kB | 221/419 kBProgress (5): 459/565 kB | 516 kB | 163 kB | 98/265 kB | 225/419 kBProgress (5): 459/565 kB | 516 kB | 163 kB | 98/265 kB | 229/419 kBProgress (5): 459/565 kB | 516 kB | 163 kB | 98/265 kB | 233/419 kBProgress (5): 459/565 kB | 516 kB | 163 kB | 98/265 kB | 238/419 kBProgress (5): 459/565 kB | 516 kB | 163 kB | 98/265 kB | 242/419 kBProgress (5): 459/565 kB | 516 kB | 163 kB | 98/265 kB | 246/419 kBProgress (5): 459/565 kB | 516 kB | 163 kB | 98/265 kB | 250/419 kBProgress (5): 459/565 kB | 516 kB | 163 kB | 98/265 kB | 254/419 kBProgress (5): 459/565 kB | 516 kB | 163 kB | 98/265 kB | 258/419 kBProgress (5): 459/565 kB | 516 kB | 163 kB | 98/265 kB | 262/419 kBProgress (5): 459/565 kB | 516 kB | 163 kB | 98/265 kB | 266/419 kBProgress (5): 459/565 kB | 516 kB | 163 kB | 98/265 kB | 270/419 kBProgress (5): 459/565 kB | 516 kB | 163 kB | 98/265 kB | 274/419 kBProgress (5): 459/565 kB | 516 kB | 163 kB | 98/265 kB | 279/419 kBProgress (5): 459/565 kB | 516 kB | 163 kB | 98/265 kB | 283/419 kBProgress (5): 459/565 kB | 516 kB | 163 kB | 98/265 kB | 287/419 kBProgress (5): 459/565 kB | 516 kB | 163 kB | 98/265 kB | 291/419 kBProgress (5): 459/565 kB | 516 kB | 163 kB | 98/265 kB | 295/419 kBProgress (5): 459/565 kB | 516 kB | 163 kB | 98/265 kB | 299/419 kBProgress (5): 459/565 kB | 516 kB | 163 kB | 98/265 kB | 303/419 kBProgress (5): 459/565 kB | 516 kB | 163 kB | 98/265 kB | 307/419 kBProgress (5): 459/565 kB | 516 kB | 163 kB | 98/265 kB | 311/419 kBProgress (5): 459/565 kB | 516 kB | 163 kB | 98/265 kB | 315/419 kBProgress (5): 459/565 kB | 516 kB | 163 kB | 98/265 kB | 319/419 kBProgress (5): 459/565 kB | 516 kB | 163 kB | 98/265 kB | 324/419 kBProgress (5): 459/565 kB | 516 kB | 163 kB | 98/265 kB | 328/419 kBProgress (5): 459/565 kB | 516 kB | 163 kB | 98/265 kB | 332/419 kBProgress (5): 459/565 kB | 516 kB | 163 kB | 98/265 kB | 336/419 kBProgress (5): 459/565 kB | 516 kB | 163 kB | 98/265 kB | 340/419 kBProgress (5): 459/565 kB | 516 kB | 163 kB | 98/265 kB | 344/419 kBProgress (5): 459/565 kB | 516 kB | 163 kB | 98/265 kB | 348/419 kBProgress (5): 459/565 kB | 516 kB | 163 kB | 98/265 kB | 352/419 kBProgress (5): 459/565 kB | 516 kB | 163 kB | 98/265 kB | 356/419 kBProgress (5): 459/565 kB | 516 kB | 163 kB | 98/265 kB | 360/419 kBProgress (5): 459/565 kB | 516 kB | 163 kB | 98/265 kB | 365/419 kBProgress (5): 459/565 kB | 516 kB | 163 kB | 98/265 kB | 369/419 kBProgress (5): 459/565 kB | 516 kB | 163 kB | 98/265 kB | 373/419 kBProgress (5): 459/565 kB | 516 kB | 163 kB | 98/265 kB | 377/419 kBProgress (5): 459/565 kB | 516 kB | 163 kB | 98/265 kB | 381/419 kBProgress (5): 459/565 kB | 516 kB | 163 kB | 98/265 kB | 385/419 kBProgress (5): 459/565 kB | 516 kB | 163 kB | 98/265 kB | 389/419 kBProgress (5): 459/565 kB | 516 kB | 163 kB | 98/265 kB | 393/419 kBProgress (5): 459/565 kB | 516 kB | 163 kB | 98/265 kB | 397/419 kBProgress (5): 459/565 kB | 516 kB | 163 kB | 98/265 kB | 401/419 kBProgress (5): 459/565 kB | 516 kB | 163 kB | 98/265 kB | 406/419 kBProgress (5): 459/565 kB | 516 kB | 163 kB | 98/265 kB | 410/419 kBProgress (5): 459/565 kB | 516 kB | 163 kB | 98/265 kB | 414/419 kBProgress (5): 459/565 kB | 516 kB | 163 kB | 98/265 kB | 418/419 kBProgress (5): 459/565 kB | 516 kB | 163 kB | 98/265 kB | 419 kB                                                                   Downloaded from central: https://repo.maven.apache.org/maven2/org/mortbay/jetty/jetty/6.1.14/jetty-6.1.14.jar (516 kB at 379 kB/s)
Downloading from central: https://repo.maven.apache.org/maven2/org/apache/commons/commons-lang3/3.3.2/commons-lang3-3.3.2.jar
Progress (4): 463/565 kB | 163 kB | 98/265 kB | 419 kBProgress (4): 467/565 kB | 163 kB | 98/265 kB | 419 kBProgress (4): 471/565 kB | 163 kB | 98/265 kB | 419 kBProgress (4): 475/565 kB | 163 kB | 98/265 kB | 419 kB                                                      Downloaded from central: https://repo.maven.apache.org/maven2/org/mortbay/jetty/jetty-util/6.1.14/jetty-util-6.1.14.jar (163 kB at 117 kB/s)
Downloading from central: https://repo.maven.apache.org/maven2/jaxen/jaxen/1.1.4/jaxen-1.1.4.jar
Progress (3): 475/565 kB | 102/265 kB | 419 kBProgress (3): 475/565 kB | 106/265 kB | 419 kBProgress (3): 475/565 kB | 111/265 kB | 419 kBProgress (3): 475/565 kB | 115/265 kB | 419 kBProgress (3): 475/565 kB | 119/265 kB | 419 kBProgress (3): 475/565 kB | 123/265 kB | 419 kBProgress (3): 475/565 kB | 127/265 kB | 419 kBProgress (3): 475/565 kB | 131/265 kB | 419 kBProgress (3): 480/565 kB | 131/265 kB | 419 kBProgress (3): 484/565 kB | 131/265 kB | 419 kBProgress (3): 488/565 kB | 131/265 kB | 419 kBProgress (3): 492/565 kB | 131/265 kB | 419 kBProgress (3): 492/565 kB | 135/265 kB | 419 kBProgress (3): 492/565 kB | 139/265 kB | 419 kBProgress (3): 492/565 kB | 143/265 kB | 419 kBProgress (3): 492/565 kB | 147/265 kB | 419 kBProgress (3): 492/565 kB | 152/265 kB | 419 kBProgress (3): 492/565 kB | 156/265 kB | 419 kBProgress (3): 492/565 kB | 160/265 kB | 419 kBProgress (3): 492/565 kB | 164/265 kB | 419 kBProgress (3): 492/565 kB | 168/265 kB | 419 kBProgress (3): 492/565 kB | 172/265 kB | 419 kBProgress (3): 492/565 kB | 176/265 kB | 419 kBProgress (3): 492/565 kB | 180/265 kB | 419 kBProgress (3): 492/565 kB | 184/265 kB | 419 kBProgress (3): 492/565 kB | 188/265 kB | 419 kBProgress (3): 492/565 kB | 193/265 kB | 419 kBProgress (3): 492/565 kB | 197/265 kB | 419 kBProgress (3): 492/565 kB | 201/265 kB | 419 kBProgress (3): 492/565 kB | 205/265 kB | 419 kBProgress (3): 492/565 kB | 209/265 kB | 419 kBProgress (3): 492/565 kB | 213/265 kB | 419 kBProgress (3): 496/565 kB | 213/265 kB | 419 kBProgress (3): 500/565 kB | 213/265 kB | 419 kBProgress (3): 504/565 kB | 213/265 kB | 419 kBProgress (3): 508/565 kB | 213/265 kB | 419 kBProgress (3): 508/565 kB | 217/265 kB | 419 kBProgress (3): 508/565 kB | 221/265 kB | 419 kBProgress (3): 508/565 kB | 225/265 kB | 419 kBProgress (3): 508/565 kB | 229/265 kB | 419 kBProgress (3): 508/565 kB | 233/265 kB | 419 kBProgress (3): 508/565 kB | 238/265 kB | 419 kBProgress (3): 508/565 kB | 242/265 kB | 419 kBProgress (3): 508/565 kB | 246/265 kB | 419 kB                                              Downloaded from central: https://repo.maven.apache.org/maven2/ch/qos/logback/logback-core/1.0.13/logback-core-1.0.13.jar (419 kB at 284 kB/s)
Downloading from central: https://repo.maven.apache.org/maven2/org/jdom/jdom/1.1.3/jdom-1.1.3.jar
Progress (3): 508/565 kB | 246/265 kB | 4.1/413 kBProgress (3): 508/565 kB | 246/265 kB | 8.2/413 kBProgress (3): 508/565 kB | 246/265 kB | 12/413 kB Progress (3): 508/565 kB | 246/265 kB | 16/413 kBProgress (3): 508/565 kB | 246/265 kB | 20/413 kBProgress (3): 508/565 kB | 246/265 kB | 25/413 kBProgress (3): 508/565 kB | 246/265 kB | 29/413 kBProgress (3): 508/565 kB | 246/265 kB | 33/413 kBProgress (3): 508/565 kB | 246/265 kB | 37/413 kBProgress (3): 508/565 kB | 246/265 kB | 41/413 kBProgress (3): 508/565 kB | 246/265 kB | 45/413 kBProgress (3): 508/565 kB | 246/265 kB | 49/413 kBProgress (3): 508/565 kB | 246/265 kB | 53/413 kBProgress (3): 508/565 kB | 246/265 kB | 57/413 kBProgress (3): 508/565 kB | 246/265 kB | 61/413 kBProgress (3): 508/565 kB | 246/265 kB | 66/413 kBProgress (3): 508/565 kB | 246/265 kB | 70/413 kBProgress (3): 508/565 kB | 246/265 kB | 74/413 kBProgress (3): 508/565 kB | 246/265 kB | 78/413 kBProgress (3): 508/565 kB | 246/265 kB | 82/413 kBProgress (3): 508/565 kB | 246/265 kB | 86/413 kBProgress (3): 508/565 kB | 246/265 kB | 90/413 kBProgress (3): 508/565 kB | 246/265 kB | 94/413 kBProgress (3): 508/565 kB | 246/265 kB | 98/413 kBProgress (3): 508/565 kB | 246/265 kB | 102/413 kBProgress (3): 508/565 kB | 246/265 kB | 106/413 kBProgress (3): 508/565 kB | 246/265 kB | 111/413 kBProgress (3): 508/565 kB | 246/265 kB | 115/413 kBProgress (3): 508/565 kB | 246/265 kB | 119/413 kBProgress (3): 508/565 kB | 246/265 kB | 123/413 kBProgress (3): 508/565 kB | 246/265 kB | 127/413 kBProgress (3): 508/565 kB | 246/265 kB | 131/413 kBProgress (3): 508/565 kB | 246/265 kB | 135/413 kBProgress (3): 512/565 kB | 246/265 kB | 135/413 kBProgress (3): 516/565 kB | 246/265 kB | 135/413 kBProgress (3): 520/565 kB | 246/265 kB | 135/413 kBProgress (3): 525/565 kB | 246/265 kB | 135/413 kBProgress (3): 525/565 kB | 246/265 kB | 139/413 kBProgress (3): 525/565 kB | 246/265 kB | 143/413 kBProgress (3): 525/565 kB | 246/265 kB | 147/413 kBProgress (3): 525/565 kB | 246/265 kB | 152/413 kBProgress (3): 525/565 kB | 246/265 kB | 156/413 kBProgress (3): 525/565 kB | 246/265 kB | 160/413 kBProgress (3): 525/565 kB | 246/265 kB | 164/413 kBProgress (3): 525/565 kB | 250/265 kB | 164/413 kBProgress (3): 525/565 kB | 254/265 kB | 164/413 kBProgress (3): 525/565 kB | 258/265 kB | 164/413 kBProgress (3): 525/565 kB | 262/265 kB | 164/413 kBProgress (3): 525/565 kB | 265 kB | 164/413 kB    Progress (3): 525/565 kB | 265 kB | 168/413 kBProgress (3): 525/565 kB | 265 kB | 172/413 kBProgress (3): 525/565 kB | 265 kB | 176/413 kBProgress (3): 525/565 kB | 265 kB | 180/413 kBProgress (3): 525/565 kB | 265 kB | 184/413 kBProgress (3): 525/565 kB | 265 kB | 188/413 kBProgress (3): 525/565 kB | 265 kB | 193/413 kBProgress (3): 525/565 kB | 265 kB | 197/413 kBProgress (3): 529/565 kB | 265 kB | 197/413 kBProgress (3): 533/565 kB | 265 kB | 197/413 kBProgress (3): 537/565 kB | 265 kB | 197/413 kBProgress (3): 541/565 kB | 265 kB | 197/413 kBProgress (3): 541/565 kB | 265 kB | 201/413 kBProgress (3): 541/565 kB | 265 kB | 205/413 kBProgress (3): 541/565 kB | 265 kB | 209/413 kBProgress (3): 541/565 kB | 265 kB | 213/413 kBProgress (3): 541/565 kB | 265 kB | 217/413 kBProgress (3): 541/565 kB | 265 kB | 221/413 kBProgress (3): 541/565 kB | 265 kB | 225/413 kBProgress (3): 541/565 kB | 265 kB | 229/413 kBProgress (3): 541/565 kB | 265 kB | 233/413 kBProgress (3): 541/565 kB | 265 kB | 238/413 kBProgress (3): 541/565 kB | 265 kB | 242/413 kBProgress (3): 541/565 kB | 265 kB | 246/413 kBProgress (3): 541/565 kB | 265 kB | 250/413 kBProgress (4): 541/565 kB | 265 kB | 250/413 kB | 4.1/226 kBProgress (4): 541/565 kB | 265 kB | 250/413 kB | 8.2/226 kBProgress (4): 541/565 kB | 265 kB | 250/413 kB | 12/226 kB Progress (4): 541/565 kB | 265 kB | 250/413 kB | 16/226 kBProgress (4): 541/565 kB | 265 kB | 254/413 kB | 16/226 kBProgress (4): 541/565 kB | 265 kB | 258/413 kB | 16/226 kBProgress (4): 541/565 kB | 265 kB | 262/413 kB | 16/226 kBProgress (4): 541/565 kB | 265 kB | 266/413 kB | 16/226 kBProgress (4): 541/565 kB | 265 kB | 270/413 kB | 16/226 kBProgress (4): 541/565 kB | 265 kB | 274/413 kB | 16/226 kBProgress (4): 541/565 kB | 265 kB | 279/413 kB | 16/226 kBProgress (4): 541/565 kB | 265 kB | 283/413 kB | 16/226 kBProgress (4): 541/565 kB | 265 kB | 287/413 kB | 16/226 kBProgress (4): 541/565 kB | 265 kB | 291/413 kB | 16/226 kBProgress (4): 541/565 kB | 265 kB | 295/413 kB | 16/226 kBProgress (4): 541/565 kB | 265 kB | 299/413 kB | 16/226 kBProgress (4): 541/565 kB | 265 kB | 303/413 kB | 16/226 kBProgress (4): 541/565 kB | 265 kB | 307/413 kB | 16/226 kBProgress (4): 541/565 kB | 265 kB | 311/413 kB | 16/226 kBProgress (4): 541/565 kB | 265 kB | 315/413 kB | 16/226 kBProgress (4): 541/565 kB | 265 kB | 319/413 kB | 16/226 kBProgress (4): 541/565 kB | 265 kB | 324/413 kB | 16/226 kBProgress (4): 541/565 kB | 265 kB | 328/413 kB | 16/226 kBProgress (4): 541/565 kB | 265 kB | 332/413 kB | 16/226 kBProgress (4): 541/565 kB | 265 kB | 332/413 kB | 20/226 kBProgress (4): 541/565 kB | 265 kB | 332/413 kB | 25/226 kBProgress (4): 541/565 kB | 265 kB | 332/413 kB | 29/226 kBProgress (4): 541/565 kB | 265 kB | 332/413 kB | 33/226 kBProgress (4): 541/565 kB | 265 kB | 336/413 kB | 33/226 kBProgress (4): 541/565 kB | 265 kB | 340/413 kB | 33/226 kBProgress (4): 541/565 kB | 265 kB | 344/413 kB | 33/226 kBProgress (4): 541/565 kB | 265 kB | 348/413 kB | 33/226 kBProgress (4): 541/565 kB | 265 kB | 352/413 kB | 33/226 kBProgress (4): 541/565 kB | 265 kB | 356/413 kB | 33/226 kBProgress (4): 541/565 kB | 265 kB | 360/413 kB | 33/226 kBProgress (4): 541/565 kB | 265 kB | 365/413 kB | 33/226 kBProgress (4): 541/565 kB | 265 kB | 369/413 kB | 33/226 kBProgress (4): 541/565 kB | 265 kB | 373/413 kB | 33/226 kBProgress (4): 541/565 kB | 265 kB | 377/413 kB | 33/226 kBProgress (4): 541/565 kB | 265 kB | 381/413 kB | 33/226 kBProgress (4): 541/565 kB | 265 kB | 385/413 kB | 33/226 kBProgress (4): 541/565 kB | 265 kB | 389/413 kB | 33/226 kBProgress (4): 541/565 kB | 265 kB | 393/413 kB | 33/226 kBProgress (4): 541/565 kB | 265 kB | 397/413 kB | 33/226 kBProgress (4): 541/565 kB | 265 kB | 401/413 kB | 33/226 kBProgress (4): 541/565 kB | 265 kB | 406/413 kB | 33/226 kBProgress (4): 541/565 kB | 265 kB | 410/413 kB | 33/226 kBProgress (4): 541/565 kB | 265 kB | 413 kB | 33/226 kB    Progress (4): 541/565 kB | 265 kB | 413 kB | 37/226 kBProgress (4): 541/565 kB | 265 kB | 413 kB | 41/226 kBProgress (4): 541/565 kB | 265 kB | 413 kB | 45/226 kBProgress (4): 541/565 kB | 265 kB | 413 kB | 49/226 kBProgress (4): 545/565 kB | 265 kB | 413 kB | 49/226 kBProgress (4): 549/565 kB | 265 kB | 413 kB | 49/226 kBProgress (4): 553/565 kB | 265 kB | 413 kB | 49/226 kBProgress (4): 557/565 kB | 265 kB | 413 kB | 49/226 kBProgress (4): 561/565 kB | 265 kB | 413 kB | 49/226 kBProgress (4): 565 kB | 265 kB | 413 kB | 49/226 kB    Progress (5): 565 kB | 265 kB | 413 kB | 49/226 kB | 4.1/151 kBProgress (5): 565 kB | 265 kB | 413 kB | 49/226 kB | 8.2/151 kBProgress (5): 565 kB | 265 kB | 413 kB | 49/226 kB | 12/151 kB Progress (5): 565 kB | 265 kB | 413 kB | 49/226 kB | 16/151 kBProgress (5): 565 kB | 265 kB | 413 kB | 49/226 kB | 20/151 kBProgress (5): 565 kB | 265 kB | 413 kB | 49/226 kB | 25/151 kBProgress (5): 565 kB | 265 kB | 413 kB | 49/226 kB | 29/151 kBProgress (5): 565 kB | 265 kB | 413 kB | 49/226 kB | 33/151 kBProgress (5): 565 kB | 265 kB | 413 kB | 49/226 kB | 37/151 kBProgress (5): 565 kB | 265 kB | 413 kB | 49/226 kB | 41/151 kBProgress (5): 565 kB | 265 kB | 413 kB | 49/226 kB | 45/151 kBProgress (5): 565 kB | 265 kB | 413 kB | 49/226 kB | 49/151 kBProgress (5): 565 kB | 265 kB | 413 kB | 49/226 kB | 53/151 kBProgress (5): 565 kB | 265 kB | 413 kB | 49/226 kB | 57/151 kBProgress (5): 565 kB | 265 kB | 413 kB | 49/226 kB | 61/151 kBProgress (5): 565 kB | 265 kB | 413 kB | 49/226 kB | 66/151 kBProgress (5): 565 kB | 265 kB | 413 kB | 49/226 kB | 70/151 kBProgress (5): 565 kB | 265 kB | 413 kB | 49/226 kB | 74/151 kBProgress (5): 565 kB | 265 kB | 413 kB | 49/226 kB | 78/151 kBProgress (5): 565 kB | 265 kB | 413 kB | 49/226 kB | 82/151 kBProgress (5): 565 kB | 265 kB | 413 kB | 49/226 kB | 86/151 kBProgress (5): 565 kB | 265 kB | 413 kB | 49/226 kB | 90/151 kBProgress (5): 565 kB | 265 kB | 413 kB | 49/226 kB | 94/151 kBProgress (5): 565 kB | 265 kB | 413 kB | 49/226 kB | 98/151 kBProgress (5): 565 kB | 265 kB | 413 kB | 49/226 kB | 102/151 kBProgress (5): 565 kB | 265 kB | 413 kB | 49/226 kB | 106/151 kBProgress (5): 565 kB | 265 kB | 413 kB | 49/226 kB | 111/151 kBProgress (5): 565 kB | 265 kB | 413 kB | 49/226 kB | 115/151 kBProgress (5): 565 kB | 265 kB | 413 kB | 49/226 kB | 119/151 kBProgress (5): 565 kB | 265 kB | 413 kB | 49/226 kB | 123/151 kBProgress (5): 565 kB | 265 kB | 413 kB | 49/226 kB | 127/151 kBProgress (5): 565 kB | 265 kB | 413 kB | 49/226 kB | 131/151 kBProgress (5): 565 kB | 265 kB | 413 kB | 49/226 kB | 135/151 kBProgress (5): 565 kB | 265 kB | 413 kB | 49/226 kB | 139/151 kBProgress (5): 565 kB | 265 kB | 413 kB | 49/226 kB | 143/151 kBProgress (5): 565 kB | 265 kB | 413 kB | 49/226 kB | 147/151 kBProgress (5): 565 kB | 265 kB | 413 kB | 49/226 kB | 151 kB                                                               Downloaded from central: https://repo.maven.apache.org/maven2/ch/qos/logback/logback-classic/1.0.13/logback-classic-1.0.13.jar (265 kB at 163 kB/s)
Downloading from central: https://repo.maven.apache.org/maven2/urbanophile/java-getopt/1.0.9/java-getopt-1.0.9.jar
Progress (4): 565 kB | 413 kB | 53/226 kB | 151 kBProgress (4): 565 kB | 413 kB | 57/226 kB | 151 kBProgress (4): 565 kB | 413 kB | 61/226 kB | 151 kBProgress (4): 565 kB | 413 kB | 66/226 kB | 151 kBProgress (4): 565 kB | 413 kB | 70/226 kB | 151 kBProgress (4): 565 kB | 413 kB | 74/226 kB | 151 kBProgress (4): 565 kB | 413 kB | 78/226 kB | 151 kBProgress (4): 565 kB | 413 kB | 82/226 kB | 151 kBProgress (4): 565 kB | 413 kB | 86/226 kB | 151 kBProgress (4): 565 kB | 413 kB | 90/226 kB | 151 kBProgress (4): 565 kB | 413 kB | 94/226 kB | 151 kBProgress (4): 565 kB | 413 kB | 98/226 kB | 151 kB                                                  Downloaded from central: https://repo.maven.apache.org/maven2/org/apache/commons/commons-lang3/3.3.2/commons-lang3-3.3.2.jar (413 kB at 249 kB/s)
Downloading from central: https://repo.maven.apache.org/maven2/org/apache/maven/maven-core/2.0.8/maven-core-2.0.8.jar
Downloaded from central: https://repo.maven.apache.org/maven2/net/sourceforge/cobertura/cobertura/2.1.1/cobertura-2.1.1.jar (565 kB at 338 kB/s)
Downloading from central: https://repo.maven.apache.org/maven2/org/apache/maven/maven-settings/2.0.8/maven-settings-2.0.8.jar
Downloaded from central: https://repo.maven.apache.org/maven2/org/jdom/jdom/1.1.3/jdom-1.1.3.jar (151 kB at 88 kB/s)
Downloading from central: https://repo.maven.apache.org/maven2/org/apache/maven/maven-plugin-parameter-documenter/2.0.8/maven-plugin-parameter-documenter-2.0.8.jar
Progress (2): 98/226 kB | 4.1/54 kBProgress (2): 98/226 kB | 8.2/54 kBProgress (2): 98/226 kB | 12/54 kB Progress (2): 98/226 kB | 16/54 kBProgress (2): 102/226 kB | 16/54 kBProgress (2): 106/226 kB | 16/54 kBProgress (2): 111/226 kB | 16/54 kBProgress (2): 115/226 kB | 16/54 kBProgress (2): 115/226 kB | 20/54 kBProgress (2): 115/226 kB | 25/54 kBProgress (2): 115/226 kB | 29/54 kBProgress (2): 115/226 kB | 33/54 kBProgress (2): 115/226 kB | 37/54 kBProgress (2): 115/226 kB | 41/54 kBProgress (2): 115/226 kB | 45/54 kBProgress (2): 115/226 kB | 49/54 kBProgress (2): 115/226 kB | 53/54 kBProgress (2): 115/226 kB | 54 kB   Progress (2): 119/226 kB | 54 kBProgress (2): 123/226 kB | 54 kBProgress (2): 127/226 kB | 54 kBProgress (2): 131/226 kB | 54 kBProgress (3): 131/226 kB | 54 kB | 4.1/154 kBProgress (3): 131/226 kB | 54 kB | 8.2/154 kBProgress (3): 131/226 kB | 54 kB | 12/154 kB Progress (3): 131/226 kB | 54 kB | 16/154 kBProgress (3): 131/226 kB | 54 kB | 20/154 kBProgress (3): 131/226 kB | 54 kB | 25/154 kBProgress (3): 131/226 kB | 54 kB | 29/154 kBProgress (3): 131/226 kB | 54 kB | 33/154 kBProgress (3): 131/226 kB | 54 kB | 37/154 kBProgress (3): 131/226 kB | 54 kB | 41/154 kBProgress (3): 131/226 kB | 54 kB | 45/154 kBProgress (3): 131/226 kB | 54 kB | 49/154 kBProgress (3): 131/226 kB | 54 kB | 53/154 kBProgress (3): 131/226 kB | 54 kB | 57/154 kBProgress (3): 131/226 kB | 54 kB | 61/154 kBProgress (3): 131/226 kB | 54 kB | 66/154 kBProgress (3): 131/226 kB | 54 kB | 70/154 kBProgress (3): 131/226 kB | 54 kB | 74/154 kBProgress (3): 131/226 kB | 54 kB | 78/154 kBProgress (3): 131/226 kB | 54 kB | 82/154 kBProgress (3): 131/226 kB | 54 kB | 86/154 kBProgress (3): 131/226 kB | 54 kB | 90/154 kBProgress (3): 131/226 kB | 54 kB | 94/154 kBProgress (3): 131/226 kB | 54 kB | 98/154 kBProgress (3): 131/226 kB | 54 kB | 102/154 kBProgress (3): 131/226 kB | 54 kB | 106/154 kBProgress (3): 131/226 kB | 54 kB | 111/154 kBProgress (3): 131/226 kB | 54 kB | 115/154 kBProgress (4): 131/226 kB | 54 kB | 115/154 kB | 4.1/49 kBProgress (4): 131/226 kB | 54 kB | 115/154 kB | 8.2/49 kBProgress (4): 131/226 kB | 54 kB | 115/154 kB | 12/49 kB Progress (4): 131/226 kB | 54 kB | 115/154 kB | 16/49 kBProgress (4): 131/226 kB | 54 kB | 119/154 kB | 16/49 kBProgress (4): 131/226 kB | 54 kB | 123/154 kB | 16/49 kBProgress (4): 131/226 kB | 54 kB | 127/154 kB | 16/49 kBProgress (4): 131/226 kB | 54 kB | 131/154 kB | 16/49 kBProgress (4): 131/226 kB | 54 kB | 135/154 kB | 16/49 kBProgress (4): 131/226 kB | 54 kB | 139/154 kB | 16/49 kBProgress (4): 131/226 kB | 54 kB | 143/154 kB | 16/49 kBProgress (4): 131/226 kB | 54 kB | 147/154 kB | 16/49 kBProgress (4): 131/226 kB | 54 kB | 152/154 kB | 16/49 kBProgress (4): 131/226 kB | 54 kB | 154 kB | 16/49 kB    Progress (4): 131/226 kB | 54 kB | 154 kB | 20/49 kBProgress (4): 131/226 kB | 54 kB | 154 kB | 25/49 kBProgress (4): 131/226 kB | 54 kB | 154 kB | 29/49 kBProgress (4): 131/226 kB | 54 kB | 154 kB | 33/49 kBProgress (4): 135/226 kB | 54 kB | 154 kB | 33/49 kBProgress (4): 139/226 kB | 54 kB | 154 kB | 33/49 kBProgress (4): 143/226 kB | 54 kB | 154 kB | 33/49 kBProgress (4): 147/226 kB | 54 kB | 154 kB | 33/49 kBProgress (4): 147/226 kB | 54 kB | 154 kB | 37/49 kBProgress (4): 147/226 kB | 54 kB | 154 kB | 41/49 kBProgress (4): 147/226 kB | 54 kB | 154 kB | 45/49 kBProgress (4): 147/226 kB | 54 kB | 154 kB | 49 kB   Progress (4): 152/226 kB | 54 kB | 154 kB | 49 kBProgress (4): 156/226 kB | 54 kB | 154 kB | 49 kBProgress (4): 160/226 kB | 54 kB | 154 kB | 49 kBProgress (4): 164/226 kB | 54 kB | 154 kB | 49 kBProgress (5): 164/226 kB | 54 kB | 154 kB | 49 kB | 4.1/21 kBProgress (5): 164/226 kB | 54 kB | 154 kB | 49 kB | 8.2/21 kBProgress (5): 164/226 kB | 54 kB | 154 kB | 49 kB | 12/21 kB Progress (5): 164/226 kB | 54 kB | 154 kB | 49 kB | 16/21 kBProgress (5): 164/226 kB | 54 kB | 154 kB | 49 kB | 20/21 kBProgress (5): 164/226 kB | 54 kB | 154 kB | 49 kB | 21 kB                                                            Downloaded from central: https://repo.maven.apache.org/maven2/urbanophile/java-getopt/1.0.9/java-getopt-1.0.9.jar (54 kB at 29 kB/s)
Downloading from central: https://repo.maven.apache.org/maven2/org/apache/maven/maven-profile/2.0.8/maven-profile-2.0.8.jar
Progress (4): 168/226 kB | 154 kB | 49 kB | 21 kBProgress (4): 172/226 kB | 154 kB | 49 kB | 21 kBProgress (4): 176/226 kB | 154 kB | 49 kB | 21 kBProgress (4): 180/226 kB | 154 kB | 49 kB | 21 kBProgress (4): 184/226 kB | 154 kB | 49 kB | 21 kBProgress (4): 188/226 kB | 154 kB | 49 kB | 21 kBProgress (4): 193/226 kB | 154 kB | 49 kB | 21 kBProgress (4): 197/226 kB | 154 kB | 49 kB | 21 kB                                                 Downloaded from central: https://repo.maven.apache.org/maven2/org/apache/maven/maven-core/2.0.8/maven-core-2.0.8.jar (154 kB at 80 kB/s)
Downloading from central: https://repo.maven.apache.org/maven2/org/apache/maven/maven-model/2.0.8/maven-model-2.0.8.jar
Downloaded from central: https://repo.maven.apache.org/maven2/org/apache/maven/maven-settings/2.0.8/maven-settings-2.0.8.jar (49 kB at 26 kB/s)
Downloading from central: https://repo.maven.apache.org/maven2/org/apache/maven/maven-repository-metadata/2.0.8/maven-repository-metadata-2.0.8.jar
Progress (2): 201/226 kB | 21 kBProgress (2): 205/226 kB | 21 kBProgress (2): 209/226 kB | 21 kBProgress (2): 213/226 kB | 21 kB                                Downloaded from central: https://repo.maven.apache.org/maven2/org/apache/maven/maven-plugin-parameter-documenter/2.0.8/maven-plugin-parameter-documenter-2.0.8.jar (21 kB at 11 kB/s)
Downloading from central: https://repo.maven.apache.org/maven2/org/apache/maven/maven-error-diagnostics/2.0.8/maven-error-diagnostics-2.0.8.jar
Progress (1): 217/226 kBProgress (1): 221/226 kBProgress (1): 225/226 kBProgress (1): 226 kB    Progress (2): 226 kB | 4.1/35 kBProgress (2): 226 kB | 8.2/35 kBProgress (2): 226 kB | 12/35 kB Progress (2): 226 kB | 16/35 kBProgress (2): 226 kB | 20/35 kBProgress (2): 226 kB | 25/35 kBProgress (2): 226 kB | 29/35 kBProgress (2): 226 kB | 33/35 kBProgress (2): 226 kB | 35 kB   Progress (3): 226 kB | 35 kB | 4.1/87 kBProgress (3): 226 kB | 35 kB | 8.2/87 kBProgress (3): 226 kB | 35 kB | 12/87 kB Progress (3): 226 kB | 35 kB | 16/87 kBProgress (3): 226 kB | 35 kB | 20/87 kBProgress (3): 226 kB | 35 kB | 25/87 kBProgress (3): 226 kB | 35 kB | 29/87 kBProgress (3): 226 kB | 35 kB | 33/87 kBProgress (3): 226 kB | 35 kB | 37/87 kBProgress (3): 226 kB | 35 kB | 41/87 kBProgress (3): 226 kB | 35 kB | 45/87 kBProgress (3): 226 kB | 35 kB | 49/87 kBProgress (3): 226 kB | 35 kB | 53/87 kBProgress (3): 226 kB | 35 kB | 57/87 kBProgress (3): 226 kB | 35 kB | 61/87 kBProgress (3): 226 kB | 35 kB | 66/87 kBProgress (3): 226 kB | 35 kB | 70/87 kBProgress (3): 226 kB | 35 kB | 73/87 kBProgress (3): 226 kB | 35 kB | 77/87 kBProgress (3): 226 kB | 35 kB | 81/87 kBProgress (3): 226 kB | 35 kB | 85/87 kBProgress (3): 226 kB | 35 kB | 87 kB   Progress (4): 226 kB | 35 kB | 87 kB | 4.1/25 kBProgress (4): 226 kB | 35 kB | 87 kB | 8.2/25 kBProgress (4): 226 kB | 35 kB | 87 kB | 12/25 kB Progress (4): 226 kB | 35 kB | 87 kB | 16/25 kBProgress (4): 226 kB | 35 kB | 87 kB | 20/25 kBProgress (4): 226 kB | 35 kB | 87 kB | 25 kB   Progress (5): 226 kB | 35 kB | 87 kB | 25 kB | 4.1/14 kBProgress (5): 226 kB | 35 kB | 87 kB | 25 kB | 8.2/14 kBProgress (5): 226 kB | 35 kB | 87 kB | 25 kB | 12/14 kB Progress (5): 226 kB | 35 kB | 87 kB | 25 kB | 14 kB                                                       Downloaded from central: https://repo.maven.apache.org/maven2/jaxen/jaxen/1.1.4/jaxen-1.1.4.jar (226 kB at 108 kB/s)
Downloading from central: https://repo.maven.apache.org/maven2/org/apache/maven/maven-plugin-descriptor/2.0.8/maven-plugin-descriptor-2.0.8.jar
Downloaded from central: https://repo.maven.apache.org/maven2/org/apache/maven/maven-profile/2.0.8/maven-profile-2.0.8.jar (35 kB at 17 kB/s)
Downloading from central: https://repo.maven.apache.org/maven2/org/apache/maven/maven-artifact-manager/2.0.8/maven-artifact-manager-2.0.8.jar
Downloaded from central: https://repo.maven.apache.org/maven2/org/apache/maven/maven-model/2.0.8/maven-model-2.0.8.jar (87 kB at 40 kB/s)
Downloading from central: https://repo.maven.apache.org/maven2/org/apache/maven/maven-monitor/2.0.8/maven-monitor-2.0.8.jar
Downloaded from central: https://repo.maven.apache.org/maven2/org/apache/maven/maven-repository-metadata/2.0.8/maven-repository-metadata-2.0.8.jar (25 kB at 11 kB/s)
Downloading from central: https://repo.maven.apache.org/maven2/org/apache/maven/maven-artifact/2.0.8/maven-artifact-2.0.8.jar
Downloaded from central: https://repo.maven.apache.org/maven2/org/apache/maven/maven-error-diagnostics/2.0.8/maven-error-diagnostics-2.0.8.jar (14 kB at 6.3 kB/s)
Downloading from central: https://repo.maven.apache.org/maven2/org/apache/maven/maven-plugin-api/2.0.8/maven-plugin-api-2.0.8.jar
Progress (1): 4.1/57 kBProgress (1): 8.2/57 kBProgress (1): 12/57 kB Progress (1): 16/57 kBProgress (1): 20/57 kBProgress (1): 25/57 kBProgress (1): 29/57 kBProgress (1): 33/57 kBProgress (1): 37/57 kBProgress (1): 41/57 kBProgress (1): 45/57 kBProgress (1): 49/57 kBProgress (1): 53/57 kBProgress (1): 57 kB   Progress (2): 57 kB | 4.1/37 kBProgress (2): 57 kB | 8.2/37 kBProgress (2): 57 kB | 12/37 kB Progress (2): 57 kB | 16/37 kBProgress (2): 57 kB | 20/37 kBProgress (2): 57 kB | 25/37 kBProgress (2): 57 kB | 29/37 kBProgress (2): 57 kB | 33/37 kBProgress (3): 57 kB | 33/37 kB | 4.1/10 kBProgress (3): 57 kB | 33/37 kB | 8.2/10 kBProgress (3): 57 kB | 33/37 kB | 10 kB    Progress (3): 57 kB | 37/37 kB | 10 kBProgress (3): 57 kB | 37 kB | 10 kB   Progress (4): 57 kB | 37 kB | 10 kB | 4.1/88 kBProgress (4): 57 kB | 37 kB | 10 kB | 8.2/88 kBProgress (4): 57 kB | 37 kB | 10 kB | 12/88 kB Progress (4): 57 kB | 37 kB | 10 kB | 16/88 kBProgress (4): 57 kB | 37 kB | 10 kB | 20/88 kBProgress (4): 57 kB | 37 kB | 10 kB | 25/88 kBProgress (4): 57 kB | 37 kB | 10 kB | 29/88 kBProgress (4): 57 kB | 37 kB | 10 kB | 33/88 kBProgress (4): 57 kB | 37 kB | 10 kB | 37/88 kBProgress (4): 57 kB | 37 kB | 10 kB | 41/88 kBProgress (4): 57 kB | 37 kB | 10 kB | 45/88 kBProgress (4): 57 kB | 37 kB | 10 kB | 49/88 kBProgress (5): 57 kB | 37 kB | 10 kB | 49/88 kB | 4.1/13 kBProgress (5): 57 kB | 37 kB | 10 kB | 49/88 kB | 8.2/13 kBProgress (5): 57 kB | 37 kB | 10 kB | 49/88 kB | 12/13 kB Progress (5): 57 kB | 37 kB | 10 kB | 49/88 kB | 13 kB                                                         Downloaded from central: https://repo.maven.apache.org/maven2/org/apache/maven/maven-artifact-manager/2.0.8/maven-artifact-manager-2.0.8.jar (57 kB at 24 kB/s)
Downloading from central: https://repo.maven.apache.org/maven2/org/apache/maven/reporting/maven-reporting-api/2.0.8/maven-reporting-api-2.0.8.jar
Downloaded from central: https://repo.maven.apache.org/maven2/org/apache/maven/maven-monitor/2.0.8/maven-monitor-2.0.8.jar (10 kB at 4.3 kB/s)
Downloading from central: https://repo.maven.apache.org/maven2/org/apache/maven/doxia/doxia-sink-api/1.0-alpha-9/doxia-sink-api-1.0-alpha-9.jar
Downloaded from central: https://repo.maven.apache.org/maven2/org/apache/maven/maven-plugin-descriptor/2.0.8/maven-plugin-descriptor-2.0.8.jar (37 kB at 15 kB/s)
Downloading from central: https://repo.maven.apache.org/maven2/org/apache/maven/maven-project/2.0.8/maven-project-2.0.8.jar
Progress (2): 53/88 kB | 13 kBProgress (2): 57/88 kB | 13 kBProgress (2): 61/88 kB | 13 kBProgress (2): 66/88 kB | 13 kBProgress (2): 70/88 kB | 13 kBProgress (2): 74/88 kB | 13 kBProgress (2): 78/88 kB | 13 kBProgress (2): 82/88 kB | 13 kBProgress (2): 86/88 kB | 13 kBProgress (2): 88 kB | 13 kB                              Downloaded from central: https://repo.maven.apache.org/maven2/org/apache/maven/maven-plugin-api/2.0.8/maven-plugin-api-2.0.8.jar (13 kB at 5.3 kB/s)
Downloading from central: https://repo.maven.apache.org/maven2/org/apache/maven/maven-plugin-registry/2.0.8/maven-plugin-registry-2.0.8.jar
Progress (2): 88 kB | 4.1/10 kBProgress (2): 88 kB | 8.2/10 kBProgress (2): 88 kB | 10 kB    Progress (3): 88 kB | 10 kB | 4.1/9.9 kBProgress (3): 88 kB | 10 kB | 8.2/9.9 kBProgress (3): 88 kB | 10 kB | 9.9 kB                                        Downloaded from central: https://repo.maven.apache.org/maven2/org/apache/maven/maven-artifact/2.0.8/maven-artifact-2.0.8.jar (88 kB at 35 kB/s)
Downloading from central: https://repo.maven.apache.org/maven2/org/apache/maven/reporting/maven-reporting-impl/2.0.4.2/maven-reporting-impl-2.0.4.2.jar
Progress (3): 10 kB | 9.9 kB | 4.1/117 kBProgress (3): 10 kB | 9.9 kB | 8.2/117 kBProgress (3): 10 kB | 9.9 kB | 12/117 kB Progress (3): 10 kB | 9.9 kB | 16/117 kBProgress (4): 10 kB | 9.9 kB | 16/117 kB | 4.1/29 kBProgress (4): 10 kB | 9.9 kB | 16/117 kB | 8.2/29 kBProgress (4): 10 kB | 9.9 kB | 16/117 kB | 12/29 kB Progress (4): 10 kB | 9.9 kB | 16/117 kB | 16/29 kBProgress (4): 10 kB | 9.9 kB | 16/117 kB | 20/29 kBProgress (4): 10 kB | 9.9 kB | 16/117 kB | 25/29 kBProgress (4): 10 kB | 9.9 kB | 16/117 kB | 29/29 kBProgress (4): 10 kB | 9.9 kB | 16/117 kB | 29 kB                                                   Downloaded from central: https://repo.maven.apache.org/maven2/org/apache/maven/reporting/maven-reporting-api/2.0.8/maven-reporting-api-2.0.8.jar (10 kB at 4.0 kB/s)
Downloading from central: https://repo.maven.apache.org/maven2/commons-validator/commons-validator/1.2.0/commons-validator-1.2.0.jar
Progress (3): 9.9 kB | 20/117 kB | 29 kBProgress (3): 9.9 kB | 25/117 kB | 29 kBProgress (3): 9.9 kB | 29/117 kB | 29 kBProgress (3): 9.9 kB | 33/117 kB | 29 kBProgress (3): 9.9 kB | 37/117 kB | 29 kBProgress (3): 9.9 kB | 41/117 kB | 29 kBProgress (3): 9.9 kB | 45/117 kB | 29 kBProgress (3): 9.9 kB | 49/117 kB | 29 kB                                        Downloaded from central: https://repo.maven.apache.org/maven2/org/apache/maven/doxia/doxia-sink-api/1.0-alpha-9/doxia-sink-api-1.0-alpha-9.jar (9.9 kB at 3.8 kB/s)
Downloading from central: https://repo.maven.apache.org/maven2/commons-digester/commons-digester/1.6/commons-digester-1.6.jar
Progress (2): 53/117 kB | 29 kBProgress (2): 57/117 kB | 29 kBProgress (2): 61/117 kB | 29 kBProgress (2): 66/117 kB | 29 kBProgress (3): 66/117 kB | 29 kB | 4.1/20 kBProgress (3): 66/117 kB | 29 kB | 8.2/20 kBProgress (3): 66/117 kB | 29 kB | 12/20 kB Progress (3): 66/117 kB | 29 kB | 16/20 kBProgress (3): 66/117 kB | 29 kB | 20 kB                                          Downloaded from central: https://repo.maven.apache.org/maven2/org/apache/maven/maven-plugin-registry/2.0.8/maven-plugin-registry-2.0.8.jar (29 kB at 11 kB/s)
Downloading from central: https://repo.maven.apache.org/maven2/commons-logging/commons-logging/1.0.4/commons-logging-1.0.4.jar
Progress (2): 70/117 kB | 20 kBProgress (2): 74/117 kB | 20 kBProgress (3): 74/117 kB | 20 kB | 4.1/91 kBProgress (3): 78/117 kB | 20 kB | 4.1/91 kBProgress (3): 78/117 kB | 20 kB | 8.2/91 kBProgress (3): 82/117 kB | 20 kB | 8.2/91 kBProgress (3): 82/117 kB | 20 kB | 12/91 kB Progress (3): 82/117 kB | 20 kB | 16/91 kBProgress (3): 82/117 kB | 20 kB | 20/91 kBProgress (3): 82/117 kB | 20 kB | 25/91 kBProgress (3): 82/117 kB | 20 kB | 29/91 kBProgress (3): 82/117 kB | 20 kB | 33/91 kBProgress (3): 82/117 kB | 20 kB | 37/91 kBProgress (3): 82/117 kB | 20 kB | 41/91 kBProgress (3): 82/117 kB | 20 kB | 45/91 kBProgress (3): 82/117 kB | 20 kB | 49/91 kBProgress (3): 82/117 kB | 20 kB | 53/91 kBProgress (3): 82/117 kB | 20 kB | 57/91 kBProgress (3): 82/117 kB | 20 kB | 61/91 kBProgress (3): 82/117 kB | 20 kB | 66/91 kBProgress (3): 82/117 kB | 20 kB | 70/91 kBProgress (3): 82/117 kB | 20 kB | 74/91 kBProgress (3): 82/117 kB | 20 kB | 78/91 kBProgress (3): 82/117 kB | 20 kB | 82/91 kBProgress (3): 82/117 kB | 20 kB | 86/91 kBProgress (3): 82/117 kB | 20 kB | 90/91 kBProgress (3): 82/117 kB | 20 kB | 91 kB   Progress (3): 86/117 kB | 20 kB | 91 kBProgress (3): 90/117 kB | 20 kB | 91 kBProgress (3): 94/117 kB | 20 kB | 91 kBProgress (3): 98/117 kB | 20 kB | 91 kBProgress (4): 98/117 kB | 20 kB | 91 kB | 4.1/168 kBProgress (4): 98/117 kB | 20 kB | 91 kB | 8.2/168 kBProgress (4): 98/117 kB | 20 kB | 91 kB | 12/168 kB Progress (4): 98/117 kB | 20 kB | 91 kB | 16/168 kBProgress (4): 98/117 kB | 20 kB | 91 kB | 20/168 kBProgress (4): 98/117 kB | 20 kB | 91 kB | 25/168 kBProgress (4): 98/117 kB | 20 kB | 91 kB | 29/168 kBProgress (4): 98/117 kB | 20 kB | 91 kB | 33/168 kBProgress (4): 98/117 kB | 20 kB | 91 kB | 37/168 kBProgress (4): 98/117 kB | 20 kB | 91 kB | 41/168 kBProgress (4): 98/117 kB | 20 kB | 91 kB | 45/168 kBProgress (4): 98/117 kB | 20 kB | 91 kB | 49/168 kBProgress (4): 98/117 kB | 20 kB | 91 kB | 53/168 kBProgress (4): 98/117 kB | 20 kB | 91 kB | 57/168 kBProgress (4): 98/117 kB | 20 kB | 91 kB | 61/168 kBProgress (4): 98/117 kB | 20 kB | 91 kB | 66/168 kBProgress (4): 98/117 kB | 20 kB | 91 kB | 70/168 kBProgress (4): 98/117 kB | 20 kB | 91 kB | 74/168 kBProgress (4): 98/117 kB | 20 kB | 91 kB | 78/168 kBProgress (4): 98/117 kB | 20 kB | 91 kB | 82/168 kBProgress (4): 102/117 kB | 20 kB | 91 kB | 82/168 kBProgress (4): 106/117 kB | 20 kB | 91 kB | 82/168 kBProgress (4): 111/117 kB | 20 kB | 91 kB | 82/168 kBProgress (4): 115/117 kB | 20 kB | 91 kB | 82/168 kBProgress (4): 115/117 kB | 20 kB | 91 kB | 86/168 kBProgress (4): 115/117 kB | 20 kB | 91 kB | 90/168 kBProgress (4): 115/117 kB | 20 kB | 91 kB | 94/168 kBProgress (4): 115/117 kB | 20 kB | 91 kB | 98/168 kBProgress (4): 117 kB | 20 kB | 91 kB | 98/168 kB    Progress (4): 117 kB | 20 kB | 91 kB | 102/168 kBProgress (4): 117 kB | 20 kB | 91 kB | 106/168 kBProgress (4): 117 kB | 20 kB | 91 kB | 111/168 kBProgress (4): 117 kB | 20 kB | 91 kB | 115/168 kBProgress (4): 117 kB | 20 kB | 91 kB | 119/168 kBProgress (4): 117 kB | 20 kB | 91 kB | 123/168 kBProgress (4): 117 kB | 20 kB | 91 kB | 127/168 kBProgress (4): 117 kB | 20 kB | 91 kB | 131/168 kBProgress (4): 117 kB | 20 kB | 91 kB | 135/168 kBProgress (4): 117 kB | 20 kB | 91 kB | 139/168 kBProgress (4): 117 kB | 20 kB | 91 kB | 143/168 kBProgress (4): 117 kB | 20 kB | 91 kB | 146/168 kBProgress (4): 117 kB | 20 kB | 91 kB | 150/168 kBProgress (4): 117 kB | 20 kB | 91 kB | 154/168 kBProgress (4): 117 kB | 20 kB | 91 kB | 158/168 kBProgress (4): 117 kB | 20 kB | 91 kB | 162/168 kBProgress (4): 117 kB | 20 kB | 91 kB | 166/168 kBProgress (4): 117 kB | 20 kB | 91 kB | 168 kB                                                 Downloaded from central: https://repo.maven.apache.org/maven2/org/apache/maven/reporting/maven-reporting-impl/2.0.4.2/maven-reporting-impl-2.0.4.2.jar (20 kB at 7.3 kB/s)
Downloading from central: https://repo.maven.apache.org/maven2/org/apache/maven/doxia/doxia-core/1.0/doxia-core-1.0.jar
Progress (4): 117 kB | 91 kB | 168 kB | 4.1/38 kBProgress (4): 117 kB | 91 kB | 168 kB | 8.2/38 kBProgress (4): 117 kB | 91 kB | 168 kB | 12/38 kB Progress (4): 117 kB | 91 kB | 168 kB | 16/38 kBProgress (4): 117 kB | 91 kB | 168 kB | 20/38 kBProgress (4): 117 kB | 91 kB | 168 kB | 25/38 kBProgress (4): 117 kB | 91 kB | 168 kB | 29/38 kBProgress (4): 117 kB | 91 kB | 168 kB | 33/38 kBProgress (4): 117 kB | 91 kB | 168 kB | 37/38 kBProgress (4): 117 kB | 91 kB | 168 kB | 38 kB                                                Downloaded from central: https://repo.maven.apache.org/maven2/commons-validator/commons-validator/1.2.0/commons-validator-1.2.0.jar (91 kB at 33 kB/s)
Downloading from central: https://repo.maven.apache.org/maven2/org/apache/maven/doxia/doxia-site-renderer/1.0/doxia-site-renderer-1.0.jar
Downloaded from central: https://repo.maven.apache.org/maven2/org/apache/maven/maven-project/2.0.8/maven-project-2.0.8.jar (117 kB at 41 kB/s)
Downloading from central: https://repo.maven.apache.org/maven2/org/codehaus/plexus/plexus-i18n/1.0-beta-7/plexus-i18n-1.0-beta-7.jar
Downloaded from central: https://repo.maven.apache.org/maven2/commons-digester/commons-digester/1.6/commons-digester-1.6.jar (168 kB at 59 kB/s)
Downloading from central: https://repo.maven.apache.org/maven2/org/codehaus/plexus/plexus-velocity/1.1.7/plexus-velocity-1.1.7.jar
Downloaded from central: https://repo.maven.apache.org/maven2/commons-logging/commons-logging/1.0.4/commons-logging-1.0.4.jar (38 kB at 13 kB/s)
Downloading from central: https://repo.maven.apache.org/maven2/org/apache/velocity/velocity/1.5/velocity-1.5.jar
Progress (1): 4.1/55 kBProgress (1): 8.2/55 kBProgress (1): 12/55 kB Progress (1): 16/55 kBProgress (1): 20/55 kBProgress (1): 25/55 kBProgress (1): 29/55 kBProgress (1): 33/55 kBProgress (2): 33/55 kB | 4.1/47 kBProgress (2): 33/55 kB | 8.2/47 kBProgress (2): 33/55 kB | 12/47 kB Progress (2): 33/55 kB | 16/47 kBProgress (2): 33/55 kB | 20/47 kBProgress (2): 33/55 kB | 25/47 kBProgress (2): 33/55 kB | 29/47 kBProgress (2): 33/55 kB | 33/47 kBProgress (2): 37/55 kB | 33/47 kBProgress (2): 41/55 kB | 33/47 kBProgress (2): 45/55 kB | 33/47 kBProgress (2): 49/55 kB | 33/47 kBProgress (2): 49/55 kB | 37/47 kBProgress (2): 49/55 kB | 41/47 kBProgress (2): 49/55 kB | 45/47 kBProgress (2): 49/55 kB | 47 kB   Progress (2): 53/55 kB | 47 kBProgress (2): 55 kB | 47 kB   Progress (3): 55 kB | 47 kB | 4.1/7.7 kBProgress (3): 55 kB | 47 kB | 7.7 kB    Progress (4): 55 kB | 47 kB | 7.7 kB | 4.1/11 kBProgress (4): 55 kB | 47 kB | 7.7 kB | 8.2/11 kBProgress (4): 55 kB | 47 kB | 7.7 kB | 11 kB    Progress (5): 55 kB | 47 kB | 7.7 kB | 11 kB | 4.1/392 kBProgress (5): 55 kB | 47 kB | 7.7 kB | 11 kB | 8.2/392 kBProgress (5): 55 kB | 47 kB | 7.7 kB | 11 kB | 12/392 kB Progress (5): 55 kB | 47 kB | 7.7 kB | 11 kB | 16/392 kBProgress (5): 55 kB | 47 kB | 7.7 kB | 11 kB | 20/392 kBProgress (5): 55 kB | 47 kB | 7.7 kB | 11 kB | 25/392 kBProgress (5): 55 kB | 47 kB | 7.7 kB | 11 kB | 29/392 kBProgress (5): 55 kB | 47 kB | 7.7 kB | 11 kB | 33/392 kBProgress (5): 55 kB | 47 kB | 7.7 kB | 11 kB | 37/392 kBProgress (5): 55 kB | 47 kB | 7.7 kB | 11 kB | 41/392 kBProgress (5): 55 kB | 47 kB | 7.7 kB | 11 kB | 45/392 kBProgress (5): 55 kB | 47 kB | 7.7 kB | 11 kB | 49/392 kBProgress (5): 55 kB | 47 kB | 7.7 kB | 11 kB | 53/392 kBProgress (5): 55 kB | 47 kB | 7.7 kB | 11 kB | 57/392 kBProgress (5): 55 kB | 47 kB | 7.7 kB | 11 kB | 61/392 kBProgress (5): 55 kB | 47 kB | 7.7 kB | 11 kB | 66/392 kBProgress (5): 55 kB | 47 kB | 7.7 kB | 11 kB | 70/392 kBProgress (5): 55 kB | 47 kB | 7.7 kB | 11 kB | 74/392 kBProgress (5): 55 kB | 47 kB | 7.7 kB | 11 kB | 78/392 kBProgress (5): 55 kB | 47 kB | 7.7 kB | 11 kB | 82/392 kBProgress (5): 55 kB | 47 kB | 7.7 kB | 11 kB | 86/392 kBProgress (5): 55 kB | 47 kB | 7.7 kB | 11 kB | 90/392 kBProgress (5): 55 kB | 47 kB | 7.7 kB | 11 kB | 94/392 kBProgress (5): 55 kB | 47 kB | 7.7 kB | 11 kB | 98/392 kBProgress (5): 55 kB | 47 kB | 7.7 kB | 11 kB | 102/392 kBProgress (5): 55 kB | 47 kB | 7.7 kB | 11 kB | 106/392 kBProgress (5): 55 kB | 47 kB | 7.7 kB | 11 kB | 111/392 kBProgress (5): 55 kB | 47 kB | 7.7 kB | 11 kB | 115/392 kBProgress (5): 55 kB | 47 kB | 7.7 kB | 11 kB | 119/392 kBProgress (5): 55 kB | 47 kB | 7.7 kB | 11 kB | 123/392 kBProgress (5): 55 kB | 47 kB | 7.7 kB | 11 kB | 127/392 kBProgress (5): 55 kB | 47 kB | 7.7 kB | 11 kB | 131/392 kBProgress (5): 55 kB | 47 kB | 7.7 kB | 11 kB | 135/392 kBProgress (5): 55 kB | 47 kB | 7.7 kB | 11 kB | 139/392 kBProgress (5): 55 kB | 47 kB | 7.7 kB | 11 kB | 143/392 kBProgress (5): 55 kB | 47 kB | 7.7 kB | 11 kB | 147/392 kBProgress (5): 55 kB | 47 kB | 7.7 kB | 11 kB | 152/392 kBProgress (5): 55 kB | 47 kB | 7.7 kB | 11 kB | 156/392 kBProgress (5): 55 kB | 47 kB | 7.7 kB | 11 kB | 160/392 kBProgress (5): 55 kB | 47 kB | 7.7 kB | 11 kB | 164/392 kBProgress (5): 55 kB | 47 kB | 7.7 kB | 11 kB | 168/392 kBProgress (5): 55 kB | 47 kB | 7.7 kB | 11 kB | 172/392 kBProgress (5): 55 kB | 47 kB | 7.7 kB | 11 kB | 176/392 kBProgress (5): 55 kB | 47 kB | 7.7 kB | 11 kB | 180/392 kBProgress (5): 55 kB | 47 kB | 7.7 kB | 11 kB | 184/392 kBProgress (5): 55 kB | 47 kB | 7.7 kB | 11 kB | 188/392 kBProgress (5): 55 kB | 47 kB | 7.7 kB | 11 kB | 193/392 kBProgress (5): 55 kB | 47 kB | 7.7 kB | 11 kB | 197/392 kBProgress (5): 55 kB | 47 kB | 7.7 kB | 11 kB | 201/392 kBProgress (5): 55 kB | 47 kB | 7.7 kB | 11 kB | 205/392 kBProgress (5): 55 kB | 47 kB | 7.7 kB | 11 kB | 209/392 kBProgress (5): 55 kB | 47 kB | 7.7 kB | 11 kB | 213/392 kBProgress (5): 55 kB | 47 kB | 7.7 kB | 11 kB | 217/392 kBProgress (5): 55 kB | 47 kB | 7.7 kB | 11 kB | 221/392 kBProgress (5): 55 kB | 47 kB | 7.7 kB | 11 kB | 225/392 kBProgress (5): 55 kB | 47 kB | 7.7 kB | 11 kB | 229/392 kBProgress (5): 55 kB | 47 kB | 7.7 kB | 11 kB | 233/392 kBProgress (5): 55 kB | 47 kB | 7.7 kB | 11 kB | 238/392 kBProgress (5): 55 kB | 47 kB | 7.7 kB | 11 kB | 242/392 kBProgress (5): 55 kB | 47 kB | 7.7 kB | 11 kB | 246/392 kBProgress (5): 55 kB | 47 kB | 7.7 kB | 11 kB | 250/392 kBProgress (5): 55 kB | 47 kB | 7.7 kB | 11 kB | 254/392 kBProgress (5): 55 kB | 47 kB | 7.7 kB | 11 kB | 258/392 kBProgress (5): 55 kB | 47 kB | 7.7 kB | 11 kB | 262/392 kBProgress (5): 55 kB | 47 kB | 7.7 kB | 11 kB | 266/392 kBProgress (5): 55 kB | 47 kB | 7.7 kB | 11 kB | 270/392 kBProgress (5): 55 kB | 47 kB | 7.7 kB | 11 kB | 274/392 kBProgress (5): 55 kB | 47 kB | 7.7 kB | 11 kB | 279/392 kBProgress (5): 55 kB | 47 kB | 7.7 kB | 11 kB | 283/392 kBProgress (5): 55 kB | 47 kB | 7.7 kB | 11 kB | 287/392 kBProgress (5): 55 kB | 47 kB | 7.7 kB | 11 kB | 291/392 kBProgress (5): 55 kB | 47 kB | 7.7 kB | 11 kB | 295/392 kBProgress (5): 55 kB | 47 kB | 7.7 kB | 11 kB | 299/392 kBProgress (5): 55 kB | 47 kB | 7.7 kB | 11 kB | 303/392 kBProgress (5): 55 kB | 47 kB | 7.7 kB | 11 kB | 307/392 kBProgress (5): 55 kB | 47 kB | 7.7 kB | 11 kB | 311/392 kBProgress (5): 55 kB | 47 kB | 7.7 kB | 11 kB | 315/392 kBProgress (5): 55 kB | 47 kB | 7.7 kB | 11 kB | 319/392 kBProgress (5): 55 kB | 47 kB | 7.7 kB | 11 kB | 324/392 kBProgress (5): 55 kB | 47 kB | 7.7 kB | 11 kB | 328/392 kBProgress (5): 55 kB | 47 kB | 7.7 kB | 11 kB | 332/392 kBProgress (5): 55 kB | 47 kB | 7.7 kB | 11 kB | 336/392 kBProgress (5): 55 kB | 47 kB | 7.7 kB | 11 kB | 340/392 kBProgress (5): 55 kB | 47 kB | 7.7 kB | 11 kB | 344/392 kBProgress (5): 55 kB | 47 kB | 7.7 kB | 11 kB | 348/392 kBProgress (5): 55 kB | 47 kB | 7.7 kB | 11 kB | 352/392 kBProgress (5): 55 kB | 47 kB | 7.7 kB | 11 kB | 356/392 kBProgress (5): 55 kB | 47 kB | 7.7 kB | 11 kB | 360/392 kBProgress (5): 55 kB | 47 kB | 7.7 kB | 11 kB | 365/392 kBProgress (5): 55 kB | 47 kB | 7.7 kB | 11 kB | 369/392 kBProgress (5): 55 kB | 47 kB | 7.7 kB | 11 kB | 373/392 kBProgress (5): 55 kB | 47 kB | 7.7 kB | 11 kB | 377/392 kBProgress (5): 55 kB | 47 kB | 7.7 kB | 11 kB | 381/392 kBProgress (5): 55 kB | 47 kB | 7.7 kB | 11 kB | 385/392 kBProgress (5): 55 kB | 47 kB | 7.7 kB | 11 kB | 389/392 kBProgress (5): 55 kB | 47 kB | 7.7 kB | 11 kB | 392 kB                                                         Downloaded from central: https://repo.maven.apache.org/maven2/org/apache/maven/doxia/doxia-site-renderer/1.0/doxia-site-renderer-1.0.jar (47 kB at 15 kB/s)
Downloading from central: https://repo.maven.apache.org/maven2/org/apache/maven/doxia/doxia-decoration-model/1.0/doxia-decoration-model-1.0.jar
Downloaded from central: https://repo.maven.apache.org/maven2/org/apache/maven/doxia/doxia-core/1.0/doxia-core-1.0.jar (55 kB at 18 kB/s)
Downloading from central: https://repo.maven.apache.org/maven2/commons-collections/commons-collections/3.2/commons-collections-3.2.jar
Downloaded from central: https://repo.maven.apache.org/maven2/org/codehaus/plexus/plexus-velocity/1.1.7/plexus-velocity-1.1.7.jar (7.7 kB at 2.5 kB/s)
Downloading from central: https://repo.maven.apache.org/maven2/org/apache/maven/doxia/doxia-module-apt/1.0/doxia-module-apt-1.0.jar
Downloaded from central: https://repo.maven.apache.org/maven2/org/codehaus/plexus/plexus-i18n/1.0-beta-7/plexus-i18n-1.0-beta-7.jar (11 kB at 3.4 kB/s)
Downloading from central: https://repo.maven.apache.org/maven2/org/apache/maven/doxia/doxia-module-fml/1.0/doxia-module-fml-1.0.jar
Progress (2): 392 kB | 4.1/49 kBProgress (2): 392 kB | 8.2/49 kBProgress (2): 392 kB | 12/49 kB Progress (2): 392 kB | 16/49 kBProgress (2): 392 kB | 20/49 kBProgress (2): 392 kB | 25/49 kBProgress (2): 392 kB | 29/49 kBProgress (2): 392 kB | 33/49 kBProgress (2): 392 kB | 37/49 kBProgress (2): 392 kB | 41/49 kBProgress (2): 392 kB | 45/49 kBProgress (2): 392 kB | 49 kB                               Downloaded from central: https://repo.maven.apache.org/maven2/org/apache/velocity/velocity/1.5/velocity-1.5.jar (392 kB at 124 kB/s)
Downloading from central: https://repo.maven.apache.org/maven2/org/apache/maven/doxia/doxia-module-xdoc/1.0/doxia-module-xdoc-1.0.jar
Progress (2): 49 kB | 4.1/571 kBProgress (2): 49 kB | 8.2/571 kBProgress (2): 49 kB | 12/571 kB Progress (2): 49 kB | 16/571 kBProgress (2): 49 kB | 20/571 kBProgress (2): 49 kB | 25/571 kBProgress (2): 49 kB | 29/571 kBProgress (2): 49 kB | 33/571 kBProgress (2): 49 kB | 37/571 kBProgress (2): 49 kB | 41/571 kBProgress (2): 49 kB | 45/571 kBProgress (2): 49 kB | 49/571 kBProgress (3): 49 kB | 49/571 kB | 4.1/47 kBProgress (3): 49 kB | 49/571 kB | 8.2/47 kBProgress (3): 49 kB | 49/571 kB | 12/47 kB Progress (3): 49 kB | 49/571 kB | 16/47 kBProgress (3): 49 kB | 49/571 kB | 20/47 kBProgress (3): 49 kB | 49/571 kB | 25/47 kBProgress (3): 49 kB | 49/571 kB | 29/47 kBProgress (3): 49 kB | 49/571 kB | 33/47 kBProgress (3): 49 kB | 49/571 kB | 36/47 kBProgress (3): 49 kB | 49/571 kB | 40/47 kBProgress (3): 49 kB | 49/571 kB | 44/47 kBProgress (3): 49 kB | 49/571 kB | 47 kB   Progress (4): 49 kB | 49/571 kB | 47 kB | 4.1/19 kBProgress (4): 49 kB | 49/571 kB | 47 kB | 8.2/19 kBProgress (4): 49 kB | 49/571 kB | 47 kB | 12/19 kB Progress (4): 49 kB | 49/571 kB | 47 kB | 16/19 kBProgress (4): 49 kB | 49/571 kB | 47 kB | 19 kB   Progress (4): 49 kB | 53/571 kB | 47 kB | 19 kBProgress (4): 49 kB | 57/571 kB | 47 kB | 19 kBProgress (4): 49 kB | 61/571 kB | 47 kB | 19 kBProgress (4): 49 kB | 66/571 kB | 47 kB | 19 kB                                               Downloaded from central: https://repo.maven.apache.org/maven2/org/apache/maven/doxia/doxia-decoration-model/1.0/doxia-decoration-model-1.0.jar (49 kB at 15 kB/s)
Downloading from central: https://repo.maven.apache.org/maven2/org/apache/maven/doxia/doxia-module-xhtml/1.0/doxia-module-xhtml-1.0.jar
Progress (4): 66/571 kB | 47 kB | 19 kB | 4.1/28 kBProgress (4): 66/571 kB | 47 kB | 19 kB | 8.2/28 kBProgress (4): 66/571 kB | 47 kB | 19 kB | 12/28 kB Progress (4): 66/571 kB | 47 kB | 19 kB | 16/28 kBProgress (4): 70/571 kB | 47 kB | 19 kB | 16/28 kBProgress (4): 74/571 kB | 47 kB | 19 kB | 16/28 kBProgress (4): 78/571 kB | 47 kB | 19 kB | 16/28 kBProgress (4): 82/571 kB | 47 kB | 19 kB | 16/28 kBProgress (4): 82/571 kB | 47 kB | 19 kB | 20/28 kBProgress (4): 82/571 kB | 47 kB | 19 kB | 25/28 kBProgress (4): 82/571 kB | 47 kB | 19 kB | 28 kB   Progress (4): 86/571 kB | 47 kB | 19 kB | 28 kBProgress (4): 90/571 kB | 47 kB | 19 kB | 28 kBProgress (4): 94/571 kB | 47 kB | 19 kB | 28 kBProgress (4): 98/571 kB | 47 kB | 19 kB | 28 kB                                               Downloaded from central: https://repo.maven.apache.org/maven2/org/apache/maven/doxia/doxia-module-apt/1.0/doxia-module-apt-1.0.jar (47 kB at 14 kB/s)
Downloading from central: https://repo.maven.apache.org/maven2/org/codehaus/plexus/plexus-utils/2.0.2/plexus-utils-2.0.2.jar
Downloaded from central: https://repo.maven.apache.org/maven2/org/apache/maven/doxia/doxia-module-fml/1.0/doxia-module-fml-1.0.jar (19 kB at 5.5 kB/s)
Downloading from central: https://repo.maven.apache.org/maven2/org/apache/maven/shared/maven-invoker/2.0.11/maven-invoker-2.0.11.jar
Progress (2): 102/571 kB | 28 kBProgress (2): 106/571 kB | 28 kBProgress (2): 111/571 kB | 28 kBProgress (2): 115/571 kB | 28 kBProgress (3): 115/571 kB | 28 kB | 4.1/22 kBProgress (3): 115/571 kB | 28 kB | 8.2/22 kBProgress (3): 115/571 kB | 28 kB | 12/22 kB Progress (3): 115/571 kB | 28 kB | 16/22 kBProgress (3): 115/571 kB | 28 kB | 20/22 kBProgress (3): 115/571 kB | 28 kB | 22 kB   Progress (3): 119/571 kB | 28 kB | 22 kBProgress (3): 123/571 kB | 28 kB | 22 kBProgress (3): 127/571 kB | 28 kB | 22 kBProgress (3): 131/571 kB | 28 kB | 22 kB                                        Downloaded from central: https://repo.maven.apache.org/maven2/org/apache/maven/doxia/doxia-module-xdoc/1.0/doxia-module-xdoc-1.0.jar (28 kB at 8.2 kB/s)
Progress (2): 135/571 kB | 22 kBProgress (2): 139/571 kB | 22 kBProgress (2): 143/571 kB | 22 kBProgress (2): 147/571 kB | 22 kBProgress (2): 152/571 kB | 22 kBProgress (2): 156/571 kB | 22 kBProgress (2): 160/571 kB | 22 kBProgress (2): 164/571 kB | 22 kBProgress (3): 164/571 kB | 22 kB | 4.1/223 kBProgress (3): 164/571 kB | 22 kB | 8.2/223 kBProgress (3): 164/571 kB | 22 kB | 12/223 kB Progress (3): 164/571 kB | 22 kB | 16/223 kBProgress (3): 164/571 kB | 22 kB | 20/223 kBProgress (3): 164/571 kB | 22 kB | 25/223 kBProgress (3): 164/571 kB | 22 kB | 29/223 kBProgress (3): 164/571 kB | 22 kB | 33/223 kBProgress (3): 164/571 kB | 22 kB | 37/223 kBProgress (3): 164/571 kB | 22 kB | 41/223 kBProgress (3): 164/571 kB | 22 kB | 45/223 kBProgress (3): 164/571 kB | 22 kB | 49/223 kBProgress (3): 164/571 kB | 22 kB | 53/223 kBProgress (3): 164/571 kB | 22 kB | 57/223 kBProgress (3): 164/571 kB | 22 kB | 61/223 kBProgress (3): 164/571 kB | 22 kB | 66/223 kBProgress (3): 164/571 kB | 22 kB | 70/223 kBProgress (3): 164/571 kB | 22 kB | 74/223 kBProgress (3): 164/571 kB | 22 kB | 78/223 kBProgress (3): 164/571 kB | 22 kB | 82/223 kBProgress (3): 164/571 kB | 22 kB | 86/223 kBProgress (3): 164/571 kB | 22 kB | 90/223 kBProgress (3): 164/571 kB | 22 kB | 94/223 kBProgress (3): 164/571 kB | 22 kB | 98/223 kBProgress (3): 164/571 kB | 22 kB | 102/223 kBProgress (3): 164/571 kB | 22 kB | 106/223 kBProgress (3): 164/571 kB | 22 kB | 111/223 kBProgress (3): 164/571 kB | 22 kB | 115/223 kBProgress (3): 164/571 kB | 22 kB | 119/223 kBProgress (3): 164/571 kB | 22 kB | 123/223 kBProgress (3): 164/571 kB | 22 kB | 127/223 kBProgress (3): 164/571 kB | 22 kB | 131/223 kBProgress (3): 164/571 kB | 22 kB | 135/223 kBProgress (3): 164/571 kB | 22 kB | 139/223 kBProgress (3): 164/571 kB | 22 kB | 143/223 kBProgress (3): 164/571 kB | 22 kB | 147/223 kBProgress (3): 164/571 kB | 22 kB | 152/223 kBProgress (3): 164/571 kB | 22 kB | 156/223 kBProgress (3): 164/571 kB | 22 kB | 160/223 kBProgress (3): 164/571 kB | 22 kB | 164/223 kBProgress (3): 164/571 kB | 22 kB | 168/223 kBProgress (3): 164/571 kB | 22 kB | 172/223 kBProgress (3): 164/571 kB | 22 kB | 176/223 kBProgress (3): 164/571 kB | 22 kB | 180/223 kBProgress (3): 164/571 kB | 22 kB | 184/223 kBProgress (3): 164/571 kB | 22 kB | 188/223 kBProgress (3): 164/571 kB | 22 kB | 193/223 kBProgress (3): 164/571 kB | 22 kB | 197/223 kBProgress (3): 164/571 kB | 22 kB | 201/223 kBProgress (3): 164/571 kB | 22 kB | 205/223 kBProgress (3): 164/571 kB | 22 kB | 209/223 kBProgress (3): 164/571 kB | 22 kB | 213/223 kBProgress (3): 164/571 kB | 22 kB | 217/223 kBProgress (3): 164/571 kB | 22 kB | 221/223 kBProgress (3): 164/571 kB | 22 kB | 223 kB    Progress (3): 168/571 kB | 22 kB | 223 kBProgress (3): 172/571 kB | 22 kB | 223 kBProgress (3): 176/571 kB | 22 kB | 223 kBProgress (3): 180/571 kB | 22 kB | 223 kB                                         Downloaded from central: https://repo.maven.apache.org/maven2/org/apache/maven/doxia/doxia-module-xhtml/1.0/doxia-module-xhtml-1.0.jar (22 kB at 6.2 kB/s)
Progress (2): 184/571 kB | 223 kBProgress (2): 188/571 kB | 223 kBProgress (2): 193/571 kB | 223 kBProgress (2): 197/571 kB | 223 kBProgress (2): 201/571 kB | 223 kBProgress (2): 205/571 kB | 223 kBProgress (2): 209/571 kB | 223 kBProgress (2): 213/571 kB | 223 kBProgress (3): 213/571 kB | 223 kB | 4.1/29 kBProgress (3): 213/571 kB | 223 kB | 8.2/29 kBProgress (3): 213/571 kB | 223 kB | 12/29 kB Progress (3): 213/571 kB | 223 kB | 16/29 kBProgress (3): 213/571 kB | 223 kB | 20/29 kBProgress (3): 213/571 kB | 223 kB | 25/29 kBProgress (3): 213/571 kB | 223 kB | 29/29 kBProgress (3): 213/571 kB | 223 kB | 29 kB                                            Downloaded from central: https://repo.maven.apache.org/maven2/org/codehaus/plexus/plexus-utils/2.0.2/plexus-utils-2.0.2.jar (223 kB at 62 kB/s)
Progress (2): 217/571 kB | 29 kBProgress (2): 221/571 kB | 29 kBProgress (2): 225/571 kB | 29 kBProgress (2): 229/571 kB | 29 kBProgress (2): 233/571 kB | 29 kBProgress (2): 238/571 kB | 29 kBProgress (2): 242/571 kB | 29 kBProgress (2): 246/571 kB | 29 kBProgress (2): 250/571 kB | 29 kBProgress (2): 254/571 kB | 29 kBProgress (2): 258/571 kB | 29 kBProgress (2): 262/571 kB | 29 kBProgress (2): 266/571 kB | 29 kBProgress (2): 270/571 kB | 29 kBProgress (2): 274/571 kB | 29 kBProgress (2): 279/571 kB | 29 kB                                Downloaded from central: https://repo.maven.apache.org/maven2/org/apache/maven/shared/maven-invoker/2.0.11/maven-invoker-2.0.11.jar (29 kB at 7.9 kB/s)
Progress (1): 283/571 kBProgress (1): 287/571 kBProgress (1): 291/571 kBProgress (1): 295/571 kBProgress (1): 299/571 kBProgress (1): 303/571 kBProgress (1): 307/571 kBProgress (1): 311/571 kBProgress (1): 315/571 kBProgress (1): 319/571 kBProgress (1): 324/571 kBProgress (1): 328/571 kBProgress (1): 332/571 kBProgress (1): 336/571 kBProgress (1): 340/571 kBProgress (1): 344/571 kBProgress (1): 348/571 kBProgress (1): 352/571 kBProgress (1): 356/571 kBProgress (1): 360/571 kBProgress (1): 365/571 kBProgress (1): 369/571 kBProgress (1): 373/571 kBProgress (1): 377/571 kBProgress (1): 381/571 kBProgress (1): 385/571 kBProgress (1): 389/571 kBProgress (1): 393/571 kBProgress (1): 397/571 kBProgress (1): 401/571 kBProgress (1): 406/571 kBProgress (1): 410/571 kBProgress (1): 414/571 kBProgress (1): 418/571 kBProgress (1): 422/571 kBProgress (1): 426/571 kBProgress (1): 430/571 kBProgress (1): 434/571 kBProgress (1): 438/571 kBProgress (1): 442/571 kBProgress (1): 446/571 kBProgress (1): 451/571 kBProgress (1): 455/571 kBProgress (1): 459/571 kBProgress (1): 463/571 kBProgress (1): 467/571 kBProgress (1): 471/571 kBProgress (1): 475/571 kBProgress (1): 479/571 kBProgress (1): 483/571 kBProgress (1): 487/571 kBProgress (1): 492/571 kBProgress (1): 496/571 kBProgress (1): 500/571 kBProgress (1): 504/571 kBProgress (1): 508/571 kBProgress (1): 512/571 kBProgress (1): 516/571 kBProgress (1): 520/571 kBProgress (1): 524/571 kBProgress (1): 528/571 kBProgress (1): 532/571 kBProgress (1): 537/571 kBProgress (1): 541/571 kBProgress (1): 545/571 kBProgress (1): 549/571 kBProgress (1): 553/571 kBProgress (1): 557/571 kBProgress (1): 561/571 kBProgress (1): 565/571 kBProgress (1): 569/571 kBProgress (1): 571 kB                        Downloaded from central: https://repo.maven.apache.org/maven2/commons-collections/commons-collections/3.2/commons-collections-3.2.jar (571 kB at 129 kB/s)
[[1;34mINFO[m] Cobertura 2.1.1 - GNU GPL License (NO WARRANTY) - See COPYRIGHT file
[INFO] Cobertura: Saved information on 17 classes.
[INFO] Cobertura: Saved information on 17 classes.

[[1;31mERROR[m] SLF4J: Class path contains multiple SLF4J bindings.
SLF4J: Found binding in [jar:file:/var/lib/jenkins/.m2/repository/ch/qos/logback/logback-classic/1.0.13/logback-classic-1.0.13.jar!/org/slf4j/impl/StaticLoggerBinder.class]
SLF4J: Found binding in [jar:file:/var/lib/jenkins/.m2/repository/org/slf4j/slf4j-simple/1.7.7/slf4j-simple-1.7.7.jar!/org/slf4j/impl/StaticLoggerBinder.class]
SLF4J: Found binding in [jar:file:/var/lib/jenkins/.m2/repository/org/slf4j/slf4j-log4j12/1.7.7/slf4j-log4j12-1.7.7.jar!/org/slf4j/impl/StaticLoggerBinder.class]
SLF4J: See http://www.slf4j.org/codes.html#multiple_bindings for an explanation.
SLF4J: Actual binding is of type [ch.qos.logback.classic.util.ContextSelectorStaticBinder]

[[1;34mINFO[m] Instrumentation was successful.
[[1;34mINFO[m] NOT adding cobertura ser file to attached artifacts list.
[[1;34mINFO[m] 
[[1;34mINFO[m] [1m--- [0;32mmaven-resources-plugin:2.6:testResources[m [1m(default-testResources)[m @ [36maddressbook_main[0;1m ---[m
[[1;34mINFO[m] Using 'UTF-8' encoding to copy filtered resources.
[[1;34mINFO[m] Copying 1 resource
[[1;34mINFO[m] 
[[1;34mINFO[m] [1m--- [0;32mmaven-compiler-plugin:3.2:testCompile[m [1m(default-testCompile)[m @ [36maddressbook_main[0;1m ---[m
[[1;34mINFO[m] Changes detected - recompiling the module!
[[1;34mINFO[m] Compiling 6 source files to /var/lib/jenkins/workspace/Qa-metriccheck/addressbook_main/target/test-classes
[[1;34mINFO[m] 
[[1;34mINFO[m] [1m--- [0;32mmaven-surefire-plugin:2.19.1:test[m [1m(default-test)[m @ [36maddressbook_main[0;1m ---[m

-------------------------------------------------------
 T E S T S
-------------------------------------------------------
Running com.addressbookdemo.utilities.TestLogger
SLF4J: Class path contains multiple SLF4J bindings.
SLF4J: Found binding in [jar:file:/var/lib/jenkins/.m2/repository/org/slf4j/slf4j-simple/1.7.7/slf4j-simple-1.7.7.jar!/org/slf4j/impl/StaticLoggerBinder.class]
SLF4J: Found binding in [jar:file:/var/lib/jenkins/.m2/repository/org/slf4j/slf4j-log4j12/1.7.7/slf4j-log4j12-1.7.7.jar!/org/slf4j/impl/StaticLoggerBinder.class]
SLF4J: Found binding in [jar:file:/var/lib/jenkins/.m2/repository/ch/qos/logback/logback-classic/1.0.13/logback-classic-1.0.13.jar!/org/slf4j/impl/StaticLoggerBinder.class]
SLF4J: See http://www.slf4j.org/codes.html#multiple_bindings for an explanation.
SLF4J: Actual binding is of type [org.slf4j.impl.SimpleLoggerFactory]
[pool-1-thread-1] INFO com.addressbookdemo.utilities.TestLogger - java.lang.ArithmeticException: / by zero
Cause:at com.addressbookdemo.utilities.TestLogger.testGetErrorMessage1(TestLogger.java:14)
Cause:at sun.reflect.NativeMethodAccessorImpl.invoke0(Native Method)
[pool-1-thread-3] INFO com.addressbookdemo.utilities.TestLogger - java.lang.ArithmeticException: / by zero
Cause:at com.addressbookdemo.utilities.ExceptionThrower.getCounter(ExceptionThrower.java:13)
Cause:at com.addressbookdemo.utilities.TestLogger.testGetErrorMessage3(TestLogger.java:45)
[pool-1-thread-2] INFO com.addressbookdemo.utilities.TestLogger - java.lang.ArithmeticException: / by zero
Cause:at com.addressbookdemo.utilities.TestLogger.testGetErrorMessage2(TestLogger.java:30)
Cause:at sun.reflect.NativeMethodAccessorImpl.invoke0(Native Method)
[pool-1-thread-4] INFO com.addressbookdemo.utilities.TestLogger - java.io.IOException: TESTIOEXCEPTION
Cause:at com.addressbookdemo.utilities.ExceptionThrower.doNothing(ExceptionThrower.java:18)
Cause:at com.addressbookdemo.utilities.TestLogger.testGetErrorMessage4(TestLogger.java:60)
[pool-1-thread-5] ERROR com.addressbookdemo.utilities.ExceptionThrower - java.lang.Exception: DEAR
Cause:at com.addressbookdemo.utilities.ExceptionThrower.doYYY(ExceptionThrower.java:35)
Cause:at com.addressbookdemo.utilities.ExceptionThrower.doXXX(ExceptionThrower.java:23)
[pool-1-thread-5] INFO com.addressbookdemo.utilities.TestLogger - java.lang.Exception: TEST MESSAGE
Cause:at com.addressbookdemo.utilities.ExceptionThrower.doCheck(ExceptionThrower.java:43)
Cause:at com.addressbookdemo.utilities.TestLogger.testGetErrorMessage5(TestLogger.java:75)
***** java.lang.Exception: TEST MESSAGE
Cause:at com.addressbookdemo.utilities.ExceptionThrower.doCheck(ExceptionThrower.java:43)
Cause:at com.addressbookdemo.utilities.TestLogger.testGetErrorMessage5(TestLogger.java:75)
Tests run: 5, Failures: 0, Errors: 0, Skipped: 0, Time elapsed: 0.034 sec - in com.addressbookdemo.utilities.TestLogger
Running com.addressbookdemo.utilities.TestHexAsciiConversion
74657374696e6720617363696920636f6e76657274696f6e20696e746f2068657861646563696d616c
testing ascii convertion into hexadecimal
Tests run: 4, Failures: 0, Errors: 0, Skipped: 0, Time elapsed: 0.023 sec - in com.addressbookdemo.utilities.TestHexAsciiConversion
Running com.addressbookdemo.utilities.TestGenericComparator
Tests run: 14, Failures: 0, Errors: 0, Skipped: 0, Time elapsed: 0.011 sec - in com.addressbookdemo.utilities.TestGenericComparator

Results :

Tests run: 23, Failures: 0, Errors: 0, Skipped: 0

[[1;34mINFO[m] 
[[1;34mINFO[m] [1m<<< [0;32mcobertura-maven-plugin:2.7:cobertura[m [1m(default-cli)[0;1m < [0;1m[cobertura]test[m @ [36maddressbook_main[0;1m <<<[m
[[1;34mINFO[m] 
[[1;34mINFO[m] 
[[1;34mINFO[m] [1m--- [0;32mcobertura-maven-plugin:2.7:cobertura[m [1m(default-cli)[m @ [36maddressbook_main[0;1m ---[m
[[1;34mINFO[m] Cobertura 2.1.1 - GNU GPL License (NO WARRANTY) - See COPYRIGHT file
[INFO] Cobertura: Loaded information on 17 classes.
[WARN] JavaNCSS got an error while parsing the java file /var/lib/jenkins/workspace/Qa-metriccheck/addressbook_main/src/main/java/com/addressbookdemo/tutorial/addressbook/AddressbookUI.java
ParseException in STDIN
Last useful checkpoint: "com.addressbookdemo.tutorial.addressbook.AddressbookUI.configureComponents()"
Encountered " ">" "> "" at line 72, column 40.
Was expecting one of:
    "assert" ...
    "boolean" ...
    "byte" ...
    "char" ...
    "double" ...
    "enum" ...
    "false" ...
    "float" ...
    "int" ...
    "long" ...
    "new" ...
    "null" ...
    "short" ...
    "super" ...
    "this" ...
    "true" ...
    "void" ...
    <INTEGER_LITERAL> ...
    <FLOATING_POINT_LITERAL> ...
    <CHARACTER_LITERAL> ...
    <STRING_LITERAL> ...
    <IDENTIFIER> ...
    "(" ...
    "!" ...
    "~" ...
    "++" ...
    "--" ...
    "+" ...
    "-" ...
    

[WARN] JavaNCSS got an error while parsing the java file /var/lib/jenkins/workspace/Qa-metriccheck/addressbook_main/src/main/java/com/addressbookdemo/tutorial/addressbook/ContactForm.java
ParseException in STDIN
Last useful checkpoint: "com.addressbookdemo.tutorial.addressbook.ContactForm"
Encountered " ":" ": "" at line 26, column 42.
Was expecting one of:
    "assert" ...
    "instanceof" ...
    "new" ...
    <IDENTIFIER> ...
    ")" ...
    "," ...
    "." ...
    "=" ...
    ">" ...
    "<" ...
    "?" ...
    "==" ...
    "<=" ...
    ">=" ...
    "!=" ...
    "||" ...
    "&&" ...
    "++" ...
    "--" ...
    "+" ...
    "-" ...
    "*" ...
    "/" ...
    "&" ...
    "|" ...
    "^" ...
    "%" ...
    "+=" ...
    "-=" ...
    "*=" ...
    "/=" ...
    "&=" ...
    "|=" ...
    "^=" ...
    "%=" ...
    "<<=" ...
    ">>=" ...
    ">>>=" ...
    ">" ...
    "." ...
    "." ...
    "." ...
    "." ...
    

Report time: 243ms

[[1;31mERROR[m] net.sourceforge.cobertura.javancss.parser.ParseException: Encountered " ">" "> "" at line 72, column 40.
Was expecting one of:
    "assert" ...
    "boolean" ...
    "byte" ...
    "char" ...
    "double" ...
    "enum" ...
    "false" ...
    "float" ...
    "int" ...
    "long" ...
    "new" ...
    "null" ...
    "short" ...
    "super" ...
    "this" ...
    "true" ...
    "void" ...
    <INTEGER_LITERAL> ...
    <FLOATING_POINT_LITERAL> ...
    <CHARACTER_LITERAL> ...
    <STRING_LITERAL> ...
    <IDENTIFIER> ...
    "(" ...
    "!" ...
    "~" ...
    "++" ...
    "--" ...
    "+" ...
    "-" ...
    
	at net.sourceforge.cobertura.javancss.parser.JavaParser.generateParseException(JavaParser.java:10490)
	at net.sourceforge.cobertura.javancss.parser.JavaParser.jj_consume_token(JavaParser.java:10366)
	at net.sourceforge.cobertura.javancss.parser.JavaParser.UnaryExpression(JavaParser.java:3175)
	at net.sourceforge.cobertura.javancss.parser.JavaParser.MultiplicativeExpression(JavaParser.java:3090)
	at net.sourceforge.cobertura.javancss.parser.JavaParser.AdditiveExpression(JavaParser.java:3085)
	at net.sourceforge.cobertura.javancss.parser.JavaParser.ShiftExpression(JavaParser.java:3027)
	at net.sourceforge.cobertura.javancss.parser.JavaParser.RelationalExpression(JavaParser.java:2990)
	at net.sourceforge.cobertura.javancss.parser.JavaParser.InstanceOfExpression(JavaParser.java:2977)
	at net.sourceforge.cobertura.javancss.parser.JavaParser.AssigmentExpression(JavaParser.java:2959)
	at net.sourceforge.cobertura.javancss.parser.JavaParser.EqualityExpression(JavaParser.java:2886)
	at net.sourceforge.cobertura.javancss.parser.JavaParser.AndExpression(JavaParser.java:2860)
	at net.sourceforge.cobertura.javancss.parser.JavaParser.ExclusiveOrExpression(JavaParser.java:2843)
	at net.sourceforge.cobertura.javancss.parser.JavaParser.InclusiveOrExpression(JavaParser.java:2826)
	at net.sourceforge.cobertura.javancss.parser.JavaParser.ConditionalAndExpression(JavaParser.java:2808)
	at net.sourceforge.cobertura.javancss.parser.JavaParser.ConditionalOrExpression(JavaParser.java:2790)
	at net.sourceforge.cobertura.javancss.parser.JavaParser.ConditionalExpression(JavaParser.java:2774)
	at net.sourceforge.cobertura.javancss.parser.JavaParser.Expression(JavaParser.java:2718)
	at net.sourceforge.cobertura.javancss.parser.JavaParser.ArgumentList(JavaParser.java:3620)
	at net.sourceforge.cobertura.javancss.parser.JavaParser.Arguments(JavaParser.java:3610)
	at net.sourceforge.cobertura.javancss.parser.JavaParser.PrimarySuffix(JavaParser.java:3511)
	at net.sourceforge.cobertura.javancss.parser.JavaParser.PrimaryExpression(JavaParser.java:3384)
	at net.sourceforge.cobertura.javancss.parser.JavaParser.StatementExpression(JavaParser.java:4070)
	at net.sourceforge.cobertura.javancss.parser.JavaParser.Statement(JavaParser.java:3795)
	at net.sourceforge.cobertura.javancss.parser.JavaParser.BlockStatement(JavaParser.java:3984)
	at net.sourceforge.cobertura.javancss.parser.JavaParser.Block(JavaParser.java:3934)
	at net.sourceforge.cobertura.javancss.parser.JavaParser.MethodDeclaration(JavaParser.java:1987)
	at net.sourceforge.cobertura.javancss.parser.JavaParser.ClassBodyDeclaration(JavaParser.java:1039)
	at net.sourceforge.cobertura.javancss.parser.JavaParser.ClassBody(JavaParser.java:898)
	at net.sourceforge.cobertura.javancss.parser.JavaParser.UnmodifiedClassDeclaration(JavaParser.java:824)
	at net.sourceforge.cobertura.javancss.parser.JavaParser.ClassDeclaration(JavaParser.java:728)
	at net.sourceforge.cobertura.javancss.parser.JavaParser.TypeDeclaration(JavaParser.java:575)
	at net.sourceforge.cobertura.javancss.parser.JavaParser.CompilationUnit(JavaParser.java:318)
	at net.sourceforge.cobertura.javancss.parser.JavaParser.parse(JavaParser.java:100)
	at net.sourceforge.cobertura.javancss.Javancss._measureSource(Javancss.java:192)
	at net.sourceforge.cobertura.javancss.Javancss._measureRoot(Javancss.java:268)
	at net.sourceforge.cobertura.javancss.Javancss.<init>(Javancss.java:347)
	at net.sourceforge.cobertura.javancss.JavancssFactory.newInstance(JavancssFactory.java:40)
	at net.sourceforge.cobertura.reporting.ComplexityCalculator.getFunctionMetricsForSingleFile(ComplexityCalculator.java:243)
	at net.sourceforge.cobertura.reporting.ComplexityCalculator.getAccumlatedCCNForSingleFile(ComplexityCalculator.java:143)
	at net.sourceforge.cobertura.reporting.ComplexityCalculator.getCCNForSourceFileNameInternal(ComplexityCalculator.java:273)
	at net.sourceforge.cobertura.reporting.ComplexityCalculator.getCCNForPackageInternal(ComplexityCalculator.java:208)
	at net.sourceforge.cobertura.reporting.ComplexityCalculator.getCCNForProject(ComplexityCalculator.java:174)
	at net.sourceforge.cobertura.reporting.html.HTMLReport.generateTableRowForTotal(HTMLReport.java:606)
	at net.sourceforge.cobertura.reporting.html.HTMLReport.generateOverview(HTMLReport.java:290)
	at net.sourceforge.cobertura.reporting.html.HTMLReport.generateOverviews(HTMLReport.java:231)
	at net.sourceforge.cobertura.reporting.html.HTMLReport.<init>(HTMLReport.java:74)
	at net.sourceforge.cobertura.reporting.html.HTMLReportFormatStrategy.save(HTMLReportFormatStrategy.java:18)
	at net.sourceforge.cobertura.reporting.NativeReport.export(NativeReport.java:31)
	at net.sourceforge.cobertura.reporting.CompositeReport.export(CompositeReport.java:19)
	at net.sourceforge.cobertura.reporting.ReportMain.parseArgumentsAndReport(ReportMain.java:91)
	at net.sourceforge.cobertura.reporting.ReportMain.generateReport(ReportMain.java:141)
	at net.sourceforge.cobertura.reporting.ReportMain.main(ReportMain.java:151)
net.sourceforge.cobertura.javancss.parser.ParseException: Encountered " ":" ": "" at line 26, column 42.
Was expecting one of:
    "assert" ...
    "instanceof" ...
    "new" ...
    <IDENTIFIER> ...
    ")" ...
    "," ...
    "." ...
    "=" ...
    ">" ...
    "<" ...
    "?" ...
    "==" ...
    "<=" ...
    ">=" ...
    "!=" ...
    "||" ...
    "&&" ...
    "++" ...
    "--" ...
    "+" ...
    "-" ...
    "*" ...
    "/" ...
    "&" ...
    "|" ...
    "^" ...
    "%" ...
    "+=" ...
    "-=" ...
    "*=" ...
    "/=" ...
    "&=" ...
    "|=" ...
    "^=" ...
    "%=" ...
    "<<=" ...
    ">>=" ...
    ">>>=" ...
    ">" ...
    "." ...
    "." ...
    "." ...
    "." ...
    
	at net.sourceforge.cobertura.javancss.parser.JavaParser.generateParseException(JavaParser.java:10490)
	at net.sourceforge.cobertura.javancss.parser.JavaParser.jj_consume_token(JavaParser.java:10366)
	at net.sourceforge.cobertura.javancss.parser.JavaParser.Arguments(JavaParser.java:3616)
	at net.sourceforge.cobertura.javancss.parser.JavaParser.AllocationExpression(JavaParser.java:3665)
	at net.sourceforge.cobertura.javancss.parser.JavaParser.PrimaryPrefix(JavaParser.java:3456)
	at net.sourceforge.cobertura.javancss.parser.JavaParser.PrimaryExpression(JavaParser.java:3376)
	at net.sourceforge.cobertura.javancss.parser.JavaParser.PostfixExpression(JavaParser.java:3330)
	at net.sourceforge.cobertura.javancss.parser.JavaParser.UnaryExpressionNotPlusMinus(JavaParser.java:3237)
	at net.sourceforge.cobertura.javancss.parser.JavaParser.UnaryExpression(JavaParser.java:3171)
	at net.sourceforge.cobertura.javancss.parser.JavaParser.MultiplicativeExpression(JavaParser.java:3090)
	at net.sourceforge.cobertura.javancss.parser.JavaParser.AdditiveExpression(JavaParser.java:3061)
	at net.sourceforge.cobertura.javancss.parser.JavaParser.ShiftExpression(JavaParser.java:3027)
	at net.sourceforge.cobertura.javancss.parser.JavaParser.RelationalExpression(JavaParser.java:2990)
	at net.sourceforge.cobertura.javancss.parser.JavaParser.InstanceOfExpression(JavaParser.java:2977)
	at net.sourceforge.cobertura.javancss.parser.JavaParser.AssigmentExpression(JavaParser.java:2959)
	at net.sourceforge.cobertura.javancss.parser.JavaParser.EqualityExpression(JavaParser.java:2886)
	at net.sourceforge.cobertura.javancss.parser.JavaParser.AndExpression(JavaParser.java:2860)
	at net.sourceforge.cobertura.javancss.parser.JavaParser.ExclusiveOrExpression(JavaParser.java:2843)
	at net.sourceforge.cobertura.javancss.parser.JavaParser.InclusiveOrExpression(JavaParser.java:2826)
	at net.sourceforge.cobertura.javancss.parser.JavaParser.ConditionalAndExpression(JavaParser.java:2808)
	at net.sourceforge.cobertura.javancss.parser.JavaParser.ConditionalOrExpression(JavaParser.java:2790)
	at net.sourceforge.cobertura.javancss.parser.JavaParser.ConditionalExpression(JavaParser.java:2774)
	at net.sourceforge.cobertura.javancss.parser.JavaParser.Expression(JavaParser.java:2718)
	at net.sourceforge.cobertura.javancss.parser.JavaParser.VariableInitializer(JavaParser.java:1744)
	at net.sourceforge.cobertura.javancss.parser.JavaParser.VariableDeclarator(JavaParser.java:1672)
	at net.sourceforge.cobertura.javancss.parser.JavaParser.FieldDeclaration(JavaParser.java:1649)
	at net.sourceforge.cobertura.javancss.parser.JavaParser.ClassBodyDeclaration(JavaParser.java:1071)
	at net.sourceforge.cobertura.javancss.parser.JavaParser.ClassBody(JavaParser.java:898)
	at net.sourceforge.cobertura.javancss.parser.JavaParser.UnmodifiedClassDeclaration(JavaParser.java:824)
	at net.sourceforge.cobertura.javancss.parser.JavaParser.ClassDeclaration(JavaParser.java:728)
	at net.sourceforge.cobertura.javancss.parser.JavaParser.TypeDeclaration(JavaParser.java:575)
	at net.sourceforge.cobertura.javancss.parser.JavaParser.CompilationUnit(JavaParser.java:318)
	at net.sourceforge.cobertura.javancss.parser.JavaParser.parse(JavaParser.java:100)
	at net.sourceforge.cobertura.javancss.Javancss._measureSource(Javancss.java:192)
	at net.sourceforge.cobertura.javancss.Javancss._measureRoot(Javancss.java:268)
	at net.sourceforge.cobertura.javancss.Javancss.<init>(Javancss.java:347)
	at net.sourceforge.cobertura.javancss.JavancssFactory.newInstance(JavancssFactory.java:40)
	at net.sourceforge.cobertura.reporting.ComplexityCalculator.getFunctionMetricsForSingleFile(ComplexityCalculator.java:243)
	at net.sourceforge.cobertura.reporting.ComplexityCalculator.getAccumlatedCCNForSingleFile(ComplexityCalculator.java:143)
	at net.sourceforge.cobertura.reporting.ComplexityCalculator.getCCNForSourceFileNameInternal(ComplexityCalculator.java:273)
	at net.sourceforge.cobertura.reporting.ComplexityCalculator.getCCNForPackageInternal(ComplexityCalculator.java:208)
	at net.sourceforge.cobertura.reporting.ComplexityCalculator.getCCNForProject(ComplexityCalculator.java:174)
	at net.sourceforge.cobertura.reporting.html.HTMLReport.generateTableRowForTotal(HTMLReport.java:606)
	at net.sourceforge.cobertura.reporting.html.HTMLReport.generateOverview(HTMLReport.java:290)
	at net.sourceforge.cobertura.reporting.html.HTMLReport.generateOverviews(HTMLReport.java:231)
	at net.sourceforge.cobertura.reporting.html.HTMLReport.<init>(HTMLReport.java:74)
	at net.sourceforge.cobertura.reporting.html.HTMLReportFormatStrategy.save(HTMLReportFormatStrategy.java:18)
	at net.sourceforge.cobertura.reporting.NativeReport.export(NativeReport.java:31)
	at net.sourceforge.cobertura.reporting.CompositeReport.export(CompositeReport.java:19)
	at net.sourceforge.cobertura.reporting.ReportMain.parseArgumentsAndReport(ReportMain.java:91)
	at net.sourceforge.cobertura.reporting.ReportMain.generateReport(ReportMain.java:141)
	at net.sourceforge.cobertura.reporting.ReportMain.main(ReportMain.java:151)

[[1;34mINFO[m] Cobertura Report generation was successful.
[[1;34mINFO[m] 
[[1;34mINFO[m] [1m-------------------< [0;36mcom.demo.tutorial:addressbook[0;1m >--------------------[m
[[1;34mINFO[m] [1mBuilding Address Book Demo 1.0-SNAPSHOT                            [2/2][m
[[1;34mINFO[m] [1m--------------------------------[ pom ]---------------------------------[m
[[1;34mINFO[m] 
[[1;34mINFO[m] [1m>>> [0;32mcobertura-maven-plugin:2.7:cobertura[m [1m(default-cli)[0;1m > [0;1m[cobertura]test[m @ [36maddressbook[0;1m >>>[m
[[1;34mINFO[m] 
[[1;34mINFO[m] [1m--- [0;32mcobertura-maven-plugin:2.7:instrument[m [1m(default-cli)[m @ [36maddressbook[0;1m ---[m
[[1;34mINFO[m] Skipping cobertura mojo for project with packaging type 'pom'
[[1;34mINFO[m] 
[[1;34mINFO[m] [1m<<< [0;32mcobertura-maven-plugin:2.7:cobertura[m [1m(default-cli)[0;1m < [0;1m[cobertura]test[m @ [36maddressbook[0;1m <<<[m
[[1;34mINFO[m] 
[[1;34mINFO[m] 
[[1;34mINFO[m] [1m--- [0;32mcobertura-maven-plugin:2.7:cobertura[m [1m(default-cli)[m @ [36maddressbook[0;1m ---[m
[[1;34mINFO[m] [1m------------------------------------------------------------------------[m
[[1;34mINFO[m] [1mReactor Summary:[m
[[1;34mINFO[m] 
[[1;34mINFO[m] Vaadin Addressbook example 2.0 ..................... [1;32mSUCCESS[m [ 30.478 s]
[[1;34mINFO[m] Address Book Demo 1.0-SNAPSHOT ..................... [1;32mSUCCESS[m [  0.184 s]
[[1;34mINFO[m] [1m------------------------------------------------------------------------[m
[[1;34mINFO[m] [1;32mBUILD SUCCESS[m
[[1;34mINFO[m] [1m------------------------------------------------------------------------[m
[[1;34mINFO[m] Total time:  33.509 s
[[1;34mINFO[m] Finished at: 2021-08-25T08:46:52Z
[[1;34mINFO[m] [1m------------------------------------------------------------------------[m
[Checks API] No suitable checks publisher found.
Finished: SUCCESS
