Started by user [8mha:////4FTCqNFiKLpyn30lOIdVm1IpFtll+75UhAowWr8E/lnxAAAAlx+LCAAAAAAAAP9b85aBtbiIQTGjNKU4P08vOT+vOD8nVc83PyU1x6OyILUoJzMv2y+/JJUBAhiZGBgqihhk0NSjKDWzXb3RdlLBUSYGJk8GtpzUvPSSDB8G5tKinBIGIZ+sxLJE/ZzEvHT94JKizLx0a6BxUmjGOUNodHsLgAz2EgZu/dLi1CL9xJTczDwAHhAahcAAAAA=[0mlakshmi
Running as SYSTEM
Building in workspace /var/lib/jenkins/workspace/package
The recommended git tool is: NONE
No credentials specified
Cloning the remote Git repository
Cloning repository https://github.com/lakshmi4025/addressbook.git
 > git init /var/lib/jenkins/workspace/package # timeout=10
Fetching upstream changes from https://github.com/lakshmi4025/addressbook.git
 > git --version # timeout=10
 > git --version # 'git version 2.25.1'
 > git fetch --tags --force --progress -- https://github.com/lakshmi4025/addressbook.git +refs/heads/*:refs/remotes/origin/* # timeout=10
 > git config remote.origin.url https://github.com/lakshmi4025/addressbook.git # timeout=10
 > git config --add remote.origin.fetch +refs/heads/*:refs/remotes/origin/* # timeout=10
Avoid second fetch
 > git rev-parse refs/remotes/origin/master^{commit} # timeout=10
Checking out Revision 2dc00f3e6d58238b2c398866c03e445bee71c5d8 (refs/remotes/origin/master)
 > git config core.sparsecheckout # timeout=10
 > git checkout -f 2dc00f3e6d58238b2c398866c03e445bee71c5d8 # timeout=10
Commit message: "Update build.xml"
First time build. Skipping changelog.
[Checks API] No suitable checks publisher found.
[package] $ /usr/share/maven/bin/mvn package
[[1;34mINFO[m] Scanning for projects...
[[1;34mINFO[m] [1m------------------------------------------------------------------------[m
[[1;34mINFO[m] [1mReactor Build Order:[m
[[1;34mINFO[m] 
[[1;34mINFO[m] Vaadin Addressbook example                                         [war]
[[1;34mINFO[m] Address Book Demo                                                  [pom]
[[1;34mINFO[m] 
[[1;34mINFO[m] [1m-----------< [0;36mcom.addressbookdemo.tutorial:addressbook_main[0;1m >------------[m
[[1;34mINFO[m] [1mBuilding Vaadin Addressbook example 2.0                            [1/2][m
[[1;34mINFO[m] [1m--------------------------------[ war ]---------------------------------[m
[[1;34mINFO[m] 
[[1;34mINFO[m] [1m--- [0;32mmaven-enforcer-plugin:1.0:enforce[m [1m(enforce-versions)[m @ [36maddressbook_main[0;1m ---[m
[[1;34mINFO[m] 
[[1;34mINFO[m] [1m--- [0;32mmaven-resources-plugin:2.6:resources[m [1m(default-resources)[m @ [36maddressbook_main[0;1m ---[m
[[1;34mINFO[m] Using 'UTF-8' encoding to copy filtered resources.
[[1;34mINFO[m] skip non existing resourceDirectory /var/lib/jenkins/workspace/package/addressbook_main/src/main/resources
[[1;34mINFO[m] 
[[1;34mINFO[m] [1m--- [0;32mmaven-compiler-plugin:3.2:compile[m [1m(default-compile)[m @ [36maddressbook_main[0;1m ---[m
[[1;34mINFO[m] Changes detected - recompiling the module!
[[1;34mINFO[m] Compiling 13 source files to /var/lib/jenkins/workspace/package/addressbook_main/target/classes
[[1;34mINFO[m] /var/lib/jenkins/workspace/package/addressbook_main/src/main/java/com/addressbookdemo/tutorial/addressbook/AddressbookUI.java: Some input files use or override a deprecated API.
[[1;34mINFO[m] /var/lib/jenkins/workspace/package/addressbook_main/src/main/java/com/addressbookdemo/tutorial/addressbook/AddressbookUI.java: Recompile with -Xlint:deprecation for details.
[[1;34mINFO[m] /var/lib/jenkins/workspace/package/addressbook_main/src/main/java/com/addressbookdemo/tutorial/addressbook/backend/ContactService.java: /var/lib/jenkins/workspace/package/addressbook_main/src/main/java/com/addressbookdemo/tutorial/addressbook/backend/ContactService.java uses unchecked or unsafe operations.
[[1;34mINFO[m] /var/lib/jenkins/workspace/package/addressbook_main/src/main/java/com/addressbookdemo/tutorial/addressbook/backend/ContactService.java: Recompile with -Xlint:unchecked for details.
[[1;34mINFO[m] 
[[1;34mINFO[m] [1m--- [0;32mmaven-resources-plugin:2.6:testResources[m [1m(default-testResources)[m @ [36maddressbook_main[0;1m ---[m
[[1;34mINFO[m] Using 'UTF-8' encoding to copy filtered resources.
[[1;34mINFO[m] Copying 1 resource
[[1;34mINFO[m] 
[[1;34mINFO[m] [1m--- [0;32mmaven-compiler-plugin:3.2:testCompile[m [1m(default-testCompile)[m @ [36maddressbook_main[0;1m ---[m
[[1;34mINFO[m] Changes detected - recompiling the module!
[[1;34mINFO[m] Compiling 6 source files to /var/lib/jenkins/workspace/package/addressbook_main/target/test-classes
[[1;34mINFO[m] 
[[1;34mINFO[m] [1m--- [0;32mmaven-surefire-plugin:2.19.1:test[m [1m(default-test)[m @ [36maddressbook_main[0;1m ---[m

-------------------------------------------------------
 T E S T S
-------------------------------------------------------
Running com.addressbookdemo.utilities.TestLogger
[pool-1-thread-1] INFO com.addressbookdemo.utilities.TestLogger - java.lang.ArithmeticException: / by zero
Cause:at com.addressbookdemo.utilities.TestLogger.testGetErrorMessage1(TestLogger.java:14)
Cause:at sun.reflect.NativeMethodAccessorImpl.invoke0(Native Method)
[pool-1-thread-2] INFO com.addressbookdemo.utilities.TestLogger - java.lang.ArithmeticException: / by zero
Cause:at com.addressbookdemo.utilities.TestLogger.testGetErrorMessage2(TestLogger.java:30)
Cause:at sun.reflect.NativeMethodAccessorImpl.invoke0(Native Method)
SLF4J: Class path contains multiple SLF4J bindings.
SLF4J: Found binding in [jar:file:/var/lib/jenkins/.m2/repository/org/slf4j/slf4j-simple/1.7.7/slf4j-simple-1.7.7.jar!/org/slf4j/impl/StaticLoggerBinder.class]
SLF4J: Found binding in [jar:file:/var/lib/jenkins/.m2/repository/org/slf4j/slf4j-log4j12/1.7.7/slf4j-log4j12-1.7.7.jar!/org/slf4j/impl/StaticLoggerBinder.class]
SLF4J: See http://www.slf4j.org/codes.html#multiple_bindings for an explanation.
SLF4J: Actual binding is of type [org.slf4j.impl.SimpleLoggerFactory]
[pool-1-thread-3] INFO com.addressbookdemo.utilities.TestLogger - java.lang.ArithmeticException: / by zero
Cause:at com.addressbookdemo.utilities.ExceptionThrower.getCounter(ExceptionThrower.java:13)
Cause:at com.addressbookdemo.utilities.TestLogger.testGetErrorMessage3(TestLogger.java:45)
[pool-1-thread-4] INFO com.addressbookdemo.utilities.TestLogger - java.io.IOException: TESTIOEXCEPTION
Cause:at com.addressbookdemo.utilities.ExceptionThrower.doNothing(ExceptionThrower.java:18)
Cause:at com.addressbookdemo.utilities.TestLogger.testGetErrorMessage4(TestLogger.java:60)
[pool-1-thread-5] ERROR com.addressbookdemo.utilities.ExceptionThrower - java.lang.Exception: DEAR
Cause:at com.addressbookdemo.utilities.ExceptionThrower.doYYY(ExceptionThrower.java:35)
Cause:at com.addressbookdemo.utilities.ExceptionThrower.doXXX(ExceptionThrower.java:23)
[pool-1-thread-5] INFO com.addressbookdemo.utilities.TestLogger - java.lang.Exception: TEST MESSAGE
Cause:at com.addressbookdemo.utilities.ExceptionThrower.doCheck(ExceptionThrower.java:43)
Cause:at com.addressbookdemo.utilities.TestLogger.testGetErrorMessage5(TestLogger.java:75)
***** java.lang.Exception: TEST MESSAGE
Cause:at com.addressbookdemo.utilities.ExceptionThrower.doCheck(ExceptionThrower.java:43)
Cause:at com.addressbookdemo.utilities.TestLogger.testGetErrorMessage5(TestLogger.java:75)
Tests run: 5, Failures: 0, Errors: 0, Skipped: 0, Time elapsed: 0.048 sec - in com.addressbookdemo.utilities.TestLogger
Running com.addressbookdemo.utilities.TestHexAsciiConversion
74657374696e6720617363696920636f6e76657274696f6e20696e746f2068657861646563696d616c
testing ascii convertion into hexadecimal
Tests run: 4, Failures: 0, Errors: 0, Skipped: 0, Time elapsed: 0.044 sec - in com.addressbookdemo.utilities.TestHexAsciiConversion
Running com.addressbookdemo.utilities.TestGenericComparator
Tests run: 14, Failures: 0, Errors: 0, Skipped: 0, Time elapsed: 0.011 sec - in com.addressbookdemo.utilities.TestGenericComparator

Results :

Tests run: 23, Failures: 0, Errors: 0, Skipped: 0

[[1;34mINFO[m] 
[[1;34mINFO[m] [1m--- [0;32mmaven-war-plugin:2.2:war[m [1m(default-war)[m @ [36maddressbook_main[0;1m ---[m
Downloading from central: https://repo.maven.apache.org/maven2/com/thoughtworks/xstream/xstream/1.3.1/xstream-1.3.1.pom
Progress (1): 2.7/11 kBProgress (1): 5.5/11 kBProgress (1): 8.2/11 kBProgress (1): 11/11 kB Progress (1): 11 kB                      Downloaded from central: https://repo.maven.apache.org/maven2/com/thoughtworks/xstream/xstream/1.3.1/xstream-1.3.1.pom (11 kB at 13 kB/s)
Downloading from central: https://repo.maven.apache.org/maven2/com/thoughtworks/xstream/xstream-parent/1.3.1/xstream-parent-1.3.1.pom
Progress (1): 2.7/14 kBProgress (1): 5.5/14 kBProgress (1): 8.2/14 kBProgress (1): 11/14 kB Progress (1): 14/14 kBProgress (1): 14 kB                      Downloaded from central: https://repo.maven.apache.org/maven2/com/thoughtworks/xstream/xstream-parent/1.3.1/xstream-parent-1.3.1.pom (14 kB at 53 kB/s)
Downloading from central: https://repo.maven.apache.org/maven2/org/apache/maven/shared/maven-filtering/1.0-beta-2/maven-filtering-1.0-beta-2.pom
Progress (1): 2.7/4.0 kBProgress (1): 4.0 kB                        Downloaded from central: https://repo.maven.apache.org/maven2/org/apache/maven/shared/maven-filtering/1.0-beta-2/maven-filtering-1.0-beta-2.pom (4.0 kB at 16 kB/s)
Downloading from central: https://repo.maven.apache.org/maven2/org/apache/maven/shared/maven-shared-components/10/maven-shared-components-10.pom
Progress (1): 2.7/8.4 kBProgress (1): 5.5/8.4 kBProgress (1): 8.2/8.4 kBProgress (1): 8.4 kB                        Downloaded from central: https://repo.maven.apache.org/maven2/org/apache/maven/shared/maven-shared-components/10/maven-shared-components-10.pom (8.4 kB at 33 kB/s)
Downloading from central: https://repo.maven.apache.org/maven2/org/codehaus/plexus/plexus-interpolation/1.6/plexus-interpolation-1.6.pom
Progress (1): 2.7/2.9 kBProgress (1): 2.9 kB                        Downloaded from central: https://repo.maven.apache.org/maven2/org/codehaus/plexus/plexus-interpolation/1.6/plexus-interpolation-1.6.pom (2.9 kB at 11 kB/s)
Downloading from central: https://repo.maven.apache.org/maven2/com/thoughtworks/xstream/xstream/1.3.1/xstream-1.3.1.jar
Downloading from central: https://repo.maven.apache.org/maven2/org/apache/maven/shared/maven-filtering/1.0-beta-2/maven-filtering-1.0-beta-2.jar
Progress (1): 2.7/431 kBProgress (1): 5.5/431 kBProgress (1): 8.2/431 kBProgress (1): 11/431 kB Progress (1): 14/431 kBProgress (1): 16/431 kBProgress (1): 19/431 kBProgress (1): 23/431 kBProgress (1): 27/431 kBProgress (1): 31/431 kBProgress (1): 36/431 kBProgress (1): 40/431 kBProgress (1): 44/431 kBProgress (1): 48/431 kBProgress (1): 52/431 kBProgress (1): 56/431 kBProgress (1): 60/431 kBProgress (1): 64/431 kBProgress (1): 68/431 kBProgress (1): 72/431 kBProgress (1): 77/431 kBProgress (1): 81/431 kBProgress (1): 85/431 kBProgress (1): 89/431 kBProgress (1): 93/431 kBProgress (1): 97/431 kBProgress (1): 101/431 kBProgress (1): 105/431 kBProgress (1): 109/431 kBProgress (1): 113/431 kBProgress (1): 117/431 kBProgress (1): 122/431 kBProgress (1): 126/431 kBProgress (1): 130/431 kBProgress (1): 134/431 kBProgress (1): 138/431 kBProgress (1): 142/431 kBProgress (1): 146/431 kBProgress (1): 150/431 kBProgress (2): 150/431 kB | 2.7/33 kBProgress (2): 154/431 kB | 2.7/33 kBProgress (2): 154/431 kB | 5.5/33 kBProgress (2): 158/431 kB | 5.5/33 kBProgress (2): 163/431 kB | 5.5/33 kBProgress (2): 163/431 kB | 8.2/33 kBProgress (2): 167/431 kB | 8.2/33 kBProgress (2): 167/431 kB | 11/33 kB Progress (2): 167/431 kB | 14/33 kBProgress (2): 167/431 kB | 16/33 kBProgress (2): 167/431 kB | 19/33 kBProgress (2): 167/431 kB | 22/33 kBProgress (2): 171/431 kB | 22/33 kBProgress (2): 175/431 kB | 22/33 kBProgress (2): 179/431 kB | 22/33 kBProgress (2): 183/431 kB | 22/33 kBProgress (2): 183/431 kB | 25/33 kBProgress (2): 183/431 kB | 27/33 kBProgress (2): 183/431 kB | 30/33 kBProgress (2): 187/431 kB | 30/33 kBProgress (2): 191/431 kB | 30/33 kBProgress (2): 195/431 kB | 30/33 kBProgress (2): 199/431 kB | 30/33 kBProgress (2): 199/431 kB | 33/33 kBProgress (2): 199/431 kB | 33 kB   Progress (2): 204/431 kB | 33 kBProgress (2): 208/431 kB | 33 kBProgress (2): 212/431 kB | 33 kBProgress (2): 216/431 kB | 33 kBProgress (2): 220/431 kB | 33 kBProgress (2): 224/431 kB | 33 kBProgress (2): 228/431 kB | 33 kBProgress (2): 232/431 kB | 33 kBProgress (2): 236/431 kB | 33 kBProgress (2): 240/431 kB | 33 kBProgress (2): 244/431 kB | 33 kBProgress (2): 249/431 kB | 33 kBProgress (2): 253/431 kB | 33 kBProgress (2): 257/431 kB | 33 kBProgress (2): 261/431 kB | 33 kBProgress (2): 265/431 kB | 33 kBProgress (2): 269/431 kB | 33 kBProgress (2): 273/431 kB | 33 kBProgress (2): 277/431 kB | 33 kBProgress (2): 281/431 kB | 33 kBProgress (2): 285/431 kB | 33 kBProgress (2): 290/431 kB | 33 kBProgress (2): 294/431 kB | 33 kBProgress (2): 298/431 kB | 33 kBProgress (2): 302/431 kB | 33 kBProgress (2): 306/431 kB | 33 kBProgress (2): 310/431 kB | 33 kBProgress (2): 314/431 kB | 33 kBProgress (2): 318/431 kB | 33 kBProgress (2): 322/431 kB | 33 kBProgress (2): 326/431 kB | 33 kBProgress (2): 330/431 kB | 33 kBProgress (2): 335/431 kB | 33 kBProgress (2): 339/431 kB | 33 kBProgress (2): 343/431 kB | 33 kBProgress (2): 347/431 kB | 33 kBProgress (2): 351/431 kB | 33 kBProgress (2): 355/431 kB | 33 kBProgress (2): 359/431 kB | 33 kBProgress (2): 363/431 kB | 33 kBProgress (2): 367/431 kB | 33 kBProgress (2): 371/431 kB | 33 kBProgress (2): 376/431 kB | 33 kBProgress (2): 380/431 kB | 33 kBProgress (2): 384/431 kB | 33 kBProgress (2): 388/431 kB | 33 kBProgress (2): 392/431 kB | 33 kBProgress (2): 396/431 kB | 33 kBProgress (2): 400/431 kB | 33 kBProgress (2): 404/431 kB | 33 kBProgress (2): 408/431 kB | 33 kBProgress (2): 412/431 kB | 33 kBProgress (2): 417/431 kB | 33 kBProgress (2): 421/431 kB | 33 kBProgress (2): 425/431 kB | 33 kBProgress (2): 429/431 kB | 33 kBProgress (2): 431 kB | 33 kB                                Downloaded from central: https://repo.maven.apache.org/maven2/org/apache/maven/shared/maven-filtering/1.0-beta-2/maven-filtering-1.0-beta-2.jar (33 kB at 62 kB/s)
Downloaded from central: https://repo.maven.apache.org/maven2/com/thoughtworks/xstream/xstream/1.3.1/xstream-1.3.1.jar (431 kB at 665 kB/s)
[[1;34mINFO[m] Packaging webapp
[[1;34mINFO[m] Assembling webapp [addressbook_main] in [/var/lib/jenkins/workspace/package/addressbook_main/target/addressbook]
[[1;34mINFO[m] Processing war project
[[1;34mINFO[m] Webapp assembled in [104 msecs]
[[1;34mINFO[m] Building war: /var/lib/jenkins/workspace/package/addressbook_main/target/addressbook.war
[[1;34mINFO[m] 
[[1;34mINFO[m] [1m-------------------< [0;36mcom.demo.tutorial:addressbook[0;1m >--------------------[m
[[1;34mINFO[m] [1mBuilding Address Book Demo 1.0-SNAPSHOT                            [2/2][m
[[1;34mINFO[m] [1m--------------------------------[ pom ]---------------------------------[m
[[1;34mINFO[m] [1m------------------------------------------------------------------------[m
[[1;34mINFO[m] [1mReactor Summary:[m
[[1;34mINFO[m] 
[[1;34mINFO[m] Vaadin Addressbook example 2.0 ..................... [1;32mSUCCESS[m [  8.202 s]
[[1;34mINFO[m] Address Book Demo 1.0-SNAPSHOT ..................... [1;32mSUCCESS[m [  0.002 s]
[[1;34mINFO[m] [1m------------------------------------------------------------------------[m
[[1;34mINFO[m] [1;32mBUILD SUCCESS[m
[[1;34mINFO[m] [1m------------------------------------------------------------------------[m
[[1;34mINFO[m] Total time:  8.337 s
[[1;34mINFO[m] Finished at: 2021-08-25T08:50:14Z
[[1;34mINFO[m] [1m------------------------------------------------------------------------[m
[Checks API] No suitable checks publisher found.
Finished: SUCCESS
