Started by user [8mha:////4FTCqNFiKLpyn30lOIdVm1IpFtll+75UhAowWr8E/lnxAAAAlx+LCAAAAAAAAP9b85aBtbiIQTGjNKU4P08vOT+vOD8nVc83PyU1x6OyILUoJzMv2y+/JJUBAhiZGBgqihhk0NSjKDWzXb3RdlLBUSYGJk8GtpzUvPSSDB8G5tKinBIGIZ+sxLJE/ZzEvHT94JKizLx0a6BxUmjGOUNodHsLgAz2EgZu/dLi1CL9xJTczDwAHhAahcAAAAA=[0mlakshmi
Running as SYSTEM
Building in workspace /var/lib/jenkins/workspace/Qa-unittest
The recommended git tool is: NONE
No credentials specified
Cloning the remote Git repository
Cloning repository https://github.com/lakshmi4025/addressbook.git
 > git init /var/lib/jenkins/workspace/Qa-unittest # timeout=10
Fetching upstream changes from https://github.com/lakshmi4025/addressbook.git
 > git --version # timeout=10
 > git --version # 'git version 2.25.1'
 > git fetch --tags --force --progress -- https://github.com/lakshmi4025/addressbook.git +refs/heads/*:refs/remotes/origin/* # timeout=10
 > git config remote.origin.url https://github.com/lakshmi4025/addressbook.git # timeout=10
 > git config --add remote.origin.fetch +refs/heads/*:refs/remotes/origin/* # timeout=10
Avoid second fetch
 > git rev-parse refs/remotes/origin/master^{commit} # timeout=10
Checking out Revision 2dc00f3e6d58238b2c398866c03e445bee71c5d8 (refs/remotes/origin/master)
 > git config core.sparsecheckout # timeout=10
 > git checkout -f 2dc00f3e6d58238b2c398866c03e445bee71c5d8 # timeout=10
Commit message: "Update build.xml"
First time build. Skipping changelog.
[Checks API] No suitable checks publisher found.
[Qa-unittest] $ /usr/share/maven/bin/mvn test
[[1;34mINFO[m] Scanning for projects...
[[1;34mINFO[m] [1m------------------------------------------------------------------------[m
[[1;34mINFO[m] [1mReactor Build Order:[m
[[1;34mINFO[m] 
[[1;34mINFO[m] Vaadin Addressbook example                                         [war]
[[1;34mINFO[m] Address Book Demo                                                  [pom]
[[1;34mINFO[m] 
[[1;34mINFO[m] [1m-----------< [0;36mcom.addressbookdemo.tutorial:addressbook_main[0;1m >------------[m
[[1;34mINFO[m] [1mBuilding Vaadin Addressbook example 2.0                            [1/2][m
[[1;34mINFO[m] [1m--------------------------------[ war ]---------------------------------[m
[[1;34mINFO[m] 
[[1;34mINFO[m] [1m--- [0;32mmaven-enforcer-plugin:1.0:enforce[m [1m(enforce-versions)[m @ [36maddressbook_main[0;1m ---[m
[[1;34mINFO[m] 
[[1;34mINFO[m] [1m--- [0;32mmaven-resources-plugin:2.6:resources[m [1m(default-resources)[m @ [36maddressbook_main[0;1m ---[m
[[1;34mINFO[m] Using 'UTF-8' encoding to copy filtered resources.
[[1;34mINFO[m] skip non existing resourceDirectory /var/lib/jenkins/workspace/Qa-unittest/addressbook_main/src/main/resources
[[1;34mINFO[m] 
[[1;34mINFO[m] [1m--- [0;32mmaven-compiler-plugin:3.2:compile[m [1m(default-compile)[m @ [36maddressbook_main[0;1m ---[m
[[1;34mINFO[m] Changes detected - recompiling the module!
[[1;34mINFO[m] Compiling 13 source files to /var/lib/jenkins/workspace/Qa-unittest/addressbook_main/target/classes
[[1;34mINFO[m] /var/lib/jenkins/workspace/Qa-unittest/addressbook_main/src/main/java/com/addressbookdemo/tutorial/addressbook/AddressbookUI.java: Some input files use or override a deprecated API.
[[1;34mINFO[m] /var/lib/jenkins/workspace/Qa-unittest/addressbook_main/src/main/java/com/addressbookdemo/tutorial/addressbook/AddressbookUI.java: Recompile with -Xlint:deprecation for details.
[[1;34mINFO[m] /var/lib/jenkins/workspace/Qa-unittest/addressbook_main/src/main/java/com/addressbookdemo/tutorial/addressbook/backend/ContactService.java: /var/lib/jenkins/workspace/Qa-unittest/addressbook_main/src/main/java/com/addressbookdemo/tutorial/addressbook/backend/ContactService.java uses unchecked or unsafe operations.
[[1;34mINFO[m] /var/lib/jenkins/workspace/Qa-unittest/addressbook_main/src/main/java/com/addressbookdemo/tutorial/addressbook/backend/ContactService.java: Recompile with -Xlint:unchecked for details.
[[1;34mINFO[m] 
[[1;34mINFO[m] [1m--- [0;32mmaven-resources-plugin:2.6:testResources[m [1m(default-testResources)[m @ [36maddressbook_main[0;1m ---[m
[[1;34mINFO[m] Using 'UTF-8' encoding to copy filtered resources.
[[1;34mINFO[m] Copying 1 resource
[[1;34mINFO[m] 
[[1;34mINFO[m] [1m--- [0;32mmaven-compiler-plugin:3.2:testCompile[m [1m(default-testCompile)[m @ [36maddressbook_main[0;1m ---[m
[[1;34mINFO[m] Changes detected - recompiling the module!
[[1;34mINFO[m] Compiling 6 source files to /var/lib/jenkins/workspace/Qa-unittest/addressbook_main/target/test-classes
[[1;34mINFO[m] 
[[1;34mINFO[m] [1m--- [0;32mmaven-surefire-plugin:2.19.1:test[m [1m(default-test)[m @ [36maddressbook_main[0;1m ---[m
Downloading from central: https://repo.maven.apache.org/maven2/org/apache/maven/surefire/maven-surefire-common/2.19.1/maven-surefire-common-2.19.1.pom
Progress (1): 2.7/7.3 kBProgress (1): 5.5/7.3 kBProgress (1): 7.3 kB                        Downloaded from central: https://repo.maven.apache.org/maven2/org/apache/maven/surefire/maven-surefire-common/2.19.1/maven-surefire-common-2.19.1.pom (7.3 kB at 8.0 kB/s)
Downloading from central: https://repo.maven.apache.org/maven2/org/apache/maven/plugin-tools/maven-plugin-annotations/3.3/maven-plugin-annotations-3.3.pom
Progress (1): 1.6 kB                    Downloaded from central: https://repo.maven.apache.org/maven2/org/apache/maven/plugin-tools/maven-plugin-annotations/3.3/maven-plugin-annotations-3.3.pom (1.6 kB at 6.6 kB/s)
Downloading from central: https://repo.maven.apache.org/maven2/org/apache/maven/plugin-tools/maven-plugin-tools/3.3/maven-plugin-tools-3.3.pom
Progress (1): 2.7/13 kBProgress (1): 5.5/13 kBProgress (1): 8.2/13 kBProgress (1): 11/13 kB Progress (1): 13 kB                      Downloaded from central: https://repo.maven.apache.org/maven2/org/apache/maven/plugin-tools/maven-plugin-tools/3.3/maven-plugin-tools-3.3.pom (13 kB at 48 kB/s)
Downloading from central: https://repo.maven.apache.org/maven2/org/apache/maven/surefire/surefire-api/2.19.1/surefire-api-2.19.1.pom
Progress (1): 2.7/3.5 kBProgress (1): 3.5 kB                        Downloaded from central: https://repo.maven.apache.org/maven2/org/apache/maven/surefire/surefire-api/2.19.1/surefire-api-2.19.1.pom (3.5 kB at 14 kB/s)
Downloading from central: https://repo.maven.apache.org/maven2/org/apache/maven/surefire/surefire-booter/2.19.1/surefire-booter-2.19.1.pom
Progress (1): 2.7/3.2 kBProgress (1): 3.2 kB                        Downloaded from central: https://repo.maven.apache.org/maven2/org/apache/maven/surefire/surefire-booter/2.19.1/surefire-booter-2.19.1.pom (3.2 kB at 13 kB/s)
Downloading from central: https://repo.maven.apache.org/maven2/org/apache/maven/surefire/maven-surefire-common/2.19.1/maven-surefire-common-2.19.1.jar
Downloading from central: https://repo.maven.apache.org/maven2/org/apache/maven/surefire/surefire-api/2.19.1/surefire-api-2.19.1.jar
Downloading from central: https://repo.maven.apache.org/maven2/org/apache/maven/surefire/surefire-booter/2.19.1/surefire-booter-2.19.1.jar
Downloading from central: https://repo.maven.apache.org/maven2/org/apache/maven/plugin-tools/maven-plugin-annotations/3.3/maven-plugin-annotations-3.3.jar
Progress (1): 2.7/293 kBProgress (1): 5.5/293 kBProgress (1): 8.2/293 kBProgress (1): 11/293 kB Progress (1): 14/293 kBProgress (1): 16/293 kBProgress (1): 19/293 kBProgress (1): 22/293 kBProgress (1): 25/293 kBProgress (1): 27/293 kBProgress (1): 30/293 kBProgress (1): 34/293 kBProgress (1): 38/293 kBProgress (1): 42/293 kBProgress (1): 47/293 kBProgress (1): 51/293 kBProgress (1): 55/293 kBProgress (1): 59/293 kBProgress (1): 63/293 kBProgress (1): 67/293 kBProgress (1): 71/293 kBProgress (1): 75/293 kBProgress (1): 79/293 kBProgress (1): 83/293 kBProgress (1): 88/293 kBProgress (1): 92/293 kBProgress (1): 96/293 kBProgress (1): 100/293 kBProgress (1): 104/293 kBProgress (1): 108/293 kBProgress (1): 112/293 kBProgress (1): 116/293 kBProgress (1): 120/293 kBProgress (1): 124/293 kBProgress (1): 128/293 kBProgress (1): 133/293 kBProgress (1): 137/293 kBProgress (1): 141/293 kBProgress (1): 145/293 kBProgress (1): 149/293 kBProgress (1): 153/293 kBProgress (1): 157/293 kBProgress (1): 161/293 kBProgress (2): 161/293 kB | 2.7/196 kBProgress (2): 161/293 kB | 5.5/196 kBProgress (2): 161/293 kB | 8.2/196 kBProgress (3): 161/293 kB | 8.2/196 kB | 2.7/46 kBProgress (3): 161/293 kB | 11/196 kB | 2.7/46 kB Progress (3): 161/293 kB | 11/196 kB | 5.5/46 kBProgress (3): 161/293 kB | 11/196 kB | 8.2/46 kBProgress (3): 161/293 kB | 14/196 kB | 8.2/46 kBProgress (3): 161/293 kB | 14/196 kB | 11/46 kB Progress (3): 165/293 kB | 14/196 kB | 11/46 kBProgress (3): 165/293 kB | 16/196 kB | 11/46 kBProgress (3): 165/293 kB | 19/196 kB | 11/46 kBProgress (3): 165/293 kB | 22/196 kB | 11/46 kBProgress (3): 165/293 kB | 25/196 kB | 11/46 kBProgress (3): 165/293 kB | 27/196 kB | 11/46 kBProgress (3): 165/293 kB | 30/196 kB | 11/46 kBProgress (3): 165/293 kB | 30/196 kB | 14/46 kBProgress (3): 165/293 kB | 30/196 kB | 16/46 kBProgress (3): 165/293 kB | 30/196 kB | 19/46 kBProgress (3): 165/293 kB | 30/196 kB | 22/46 kBProgress (3): 165/293 kB | 30/196 kB | 25/46 kBProgress (3): 165/293 kB | 30/196 kB | 27/46 kBProgress (4): 165/293 kB | 30/196 kB | 27/46 kB | 2.7/14 kBProgress (4): 165/293 kB | 30/196 kB | 27/46 kB | 5.5/14 kBProgress (4): 165/293 kB | 30/196 kB | 27/46 kB | 8.2/14 kBProgress (4): 165/293 kB | 30/196 kB | 27/46 kB | 11/14 kB Progress (4): 165/293 kB | 30/196 kB | 27/46 kB | 14/14 kBProgress (4): 165/293 kB | 30/196 kB | 27/46 kB | 14 kB   Progress (4): 169/293 kB | 30/196 kB | 27/46 kB | 14 kBProgress (4): 174/293 kB | 30/196 kB | 27/46 kB | 14 kBProgress (4): 178/293 kB | 30/196 kB | 27/46 kB | 14 kBProgress (4): 178/293 kB | 30/196 kB | 30/46 kB | 14 kBProgress (4): 178/293 kB | 30/196 kB | 33/46 kB | 14 kBProgress (4): 178/293 kB | 30/196 kB | 36/46 kB | 14 kBProgress (4): 178/293 kB | 30/196 kB | 38/46 kB | 14 kBProgress (4): 178/293 kB | 30/196 kB | 41/46 kB | 14 kBProgress (4): 182/293 kB | 30/196 kB | 41/46 kB | 14 kBProgress (4): 186/293 kB | 30/196 kB | 41/46 kB | 14 kBProgress (4): 190/293 kB | 30/196 kB | 41/46 kB | 14 kBProgress (4): 194/293 kB | 30/196 kB | 41/46 kB | 14 kBProgress (4): 198/293 kB | 30/196 kB | 41/46 kB | 14 kBProgress (4): 202/293 kB | 30/196 kB | 41/46 kB | 14 kBProgress (4): 206/293 kB | 30/196 kB | 41/46 kB | 14 kBProgress (4): 210/293 kB | 30/196 kB | 41/46 kB | 14 kBProgress (4): 214/293 kB | 30/196 kB | 41/46 kB | 14 kBProgress (4): 219/293 kB | 30/196 kB | 41/46 kB | 14 kBProgress (4): 223/293 kB | 30/196 kB | 41/46 kB | 14 kBProgress (4): 227/293 kB | 30/196 kB | 41/46 kB | 14 kBProgress (4): 231/293 kB | 30/196 kB | 41/46 kB | 14 kBProgress (4): 235/293 kB | 30/196 kB | 41/46 kB | 14 kBProgress (4): 239/293 kB | 30/196 kB | 41/46 kB | 14 kBProgress (4): 243/293 kB | 30/196 kB | 41/46 kB | 14 kBProgress (4): 247/293 kB | 30/196 kB | 41/46 kB | 14 kBProgress (4): 251/293 kB | 30/196 kB | 41/46 kB | 14 kBProgress (4): 255/293 kB | 30/196 kB | 41/46 kB | 14 kBProgress (4): 260/293 kB | 30/196 kB | 41/46 kB | 14 kBProgress (4): 264/293 kB | 30/196 kB | 41/46 kB | 14 kBProgress (4): 268/293 kB | 30/196 kB | 41/46 kB | 14 kBProgress (4): 272/293 kB | 30/196 kB | 41/46 kB | 14 kBProgress (4): 276/293 kB | 30/196 kB | 41/46 kB | 14 kBProgress (4): 276/293 kB | 33/196 kB | 41/46 kB | 14 kBProgress (4): 276/293 kB | 36/196 kB | 41/46 kB | 14 kBProgress (4): 276/293 kB | 38/196 kB | 41/46 kB | 14 kBProgress (4): 276/293 kB | 41/196 kB | 41/46 kB | 14 kBProgress (4): 280/293 kB | 41/196 kB | 41/46 kB | 14 kBProgress (4): 284/293 kB | 41/196 kB | 41/46 kB | 14 kBProgress (4): 288/293 kB | 41/196 kB | 41/46 kB | 14 kBProgress (4): 292/293 kB | 41/196 kB | 41/46 kB | 14 kBProgress (4): 293 kB | 41/196 kB | 41/46 kB | 14 kB    Progress (4): 293 kB | 44/196 kB | 41/46 kB | 14 kBProgress (4): 293 kB | 47/196 kB | 41/46 kB | 14 kBProgress (4): 293 kB | 47/196 kB | 44/46 kB | 14 kBProgress (4): 293 kB | 47/196 kB | 46 kB | 14 kB   Progress (4): 293 kB | 49/196 kB | 46 kB | 14 kBProgress (4): 293 kB | 52/196 kB | 46 kB | 14 kBProgress (4): 293 kB | 55/196 kB | 46 kB | 14 kBProgress (4): 293 kB | 58/196 kB | 46 kB | 14 kBProgress (4): 293 kB | 60/196 kB | 46 kB | 14 kBProgress (4): 293 kB | 63/196 kB | 46 kB | 14 kBProgress (4): 293 kB | 66/196 kB | 46 kB | 14 kB                                                Downloaded from central: https://repo.maven.apache.org/maven2/org/apache/maven/plugin-tools/maven-plugin-annotations/3.3/maven-plugin-annotations-3.3.jar (14 kB at 25 kB/s)
Downloaded from central: https://repo.maven.apache.org/maven2/org/apache/maven/surefire/maven-surefire-common/2.19.1/maven-surefire-common-2.19.1.jar (293 kB at 494 kB/s)
Progress (2): 70/196 kB | 46 kBProgress (2): 74/196 kB | 46 kBProgress (2): 78/196 kB | 46 kBProgress (2): 82/196 kB | 46 kB                               Downloaded from central: https://repo.maven.apache.org/maven2/org/apache/maven/surefire/surefire-booter/2.19.1/surefire-booter-2.19.1.jar (46 kB at 71 kB/s)
Progress (1): 86/196 kBProgress (1): 90/196 kBProgress (1): 94/196 kBProgress (1): 99/196 kBProgress (1): 103/196 kBProgress (1): 107/196 kBProgress (1): 111/196 kBProgress (1): 115/196 kBProgress (1): 119/196 kBProgress (1): 123/196 kBProgress (1): 127/196 kBProgress (1): 131/196 kBProgress (1): 135/196 kBProgress (1): 140/196 kBProgress (1): 144/196 kBProgress (1): 148/196 kBProgress (1): 152/196 kBProgress (1): 156/196 kBProgress (1): 160/196 kBProgress (1): 164/196 kBProgress (1): 168/196 kBProgress (1): 172/196 kBProgress (1): 176/196 kBProgress (1): 180/196 kBProgress (1): 185/196 kBProgress (1): 189/196 kBProgress (1): 193/196 kBProgress (1): 196 kB                        Downloaded from central: https://repo.maven.apache.org/maven2/org/apache/maven/surefire/surefire-api/2.19.1/surefire-api-2.19.1.jar (196 kB at 198 kB/s)
Downloading from central: https://repo.maven.apache.org/maven2/org/apache/maven/surefire/surefire-junit47/2.19.1/surefire-junit47-2.19.1.pom
Progress (1): 4.1/6.2 kBProgress (1): 6.2 kB                        Downloaded from central: https://repo.maven.apache.org/maven2/org/apache/maven/surefire/surefire-junit47/2.19.1/surefire-junit47-2.19.1.pom (6.2 kB at 23 kB/s)
Downloading from central: https://repo.maven.apache.org/maven2/org/apache/maven/surefire/surefire-providers/2.19.1/surefire-providers-2.19.1.pom
Progress (1): 2.6 kB                    Downloaded from central: https://repo.maven.apache.org/maven2/org/apache/maven/surefire/surefire-providers/2.19.1/surefire-providers-2.19.1.pom (2.6 kB at 10 kB/s)
Downloading from central: https://repo.maven.apache.org/maven2/org/apache/maven/surefire/common-junit48/2.19.1/common-junit48-2.19.1.pom
Progress (1): 3.1 kB                    Downloaded from central: https://repo.maven.apache.org/maven2/org/apache/maven/surefire/common-junit48/2.19.1/common-junit48-2.19.1.pom (3.1 kB at 12 kB/s)
Downloading from central: https://repo.maven.apache.org/maven2/org/apache/maven/surefire/common-junit4/2.19.1/common-junit4-2.19.1.pom
Progress (1): 2.1 kB                    Downloaded from central: https://repo.maven.apache.org/maven2/org/apache/maven/surefire/common-junit4/2.19.1/common-junit4-2.19.1.pom (2.1 kB at 8.8 kB/s)
Downloading from central: https://repo.maven.apache.org/maven2/org/apache/maven/surefire/common-junit3/2.19.1/common-junit3-2.19.1.pom
Progress (1): 1.6 kB                    Downloaded from central: https://repo.maven.apache.org/maven2/org/apache/maven/surefire/common-junit3/2.19.1/common-junit3-2.19.1.pom (1.6 kB at 6.5 kB/s)
Downloading from central: https://repo.maven.apache.org/maven2/org/apache/maven/surefire/common-java5/2.19.1/common-java5-2.19.1.pom
Progress (1): 2.7 kB                    Downloaded from central: https://repo.maven.apache.org/maven2/org/apache/maven/surefire/common-java5/2.19.1/common-java5-2.19.1.pom (2.7 kB at 11 kB/s)
Downloading from central: https://repo.maven.apache.org/maven2/org/apache/maven/shared/maven-shared-utils/0.9/maven-shared-utils-0.9.pom
Progress (1): 4.1/6.2 kBProgress (1): 6.2 kB                        Downloaded from central: https://repo.maven.apache.org/maven2/org/apache/maven/shared/maven-shared-utils/0.9/maven-shared-utils-0.9.pom (6.2 kB at 23 kB/s)
Downloading from central: https://repo.maven.apache.org/maven2/org/apache/maven/surefire/surefire-grouper/2.19.1/surefire-grouper-2.19.1.pom
Progress (1): 2.6 kB                    Downloaded from central: https://repo.maven.apache.org/maven2/org/apache/maven/surefire/surefire-grouper/2.19.1/surefire-grouper-2.19.1.pom (2.6 kB at 11 kB/s)
Downloading from central: https://repo.maven.apache.org/maven2/org/apache/maven/surefire/surefire-junit47/2.19.1/surefire-junit47-2.19.1.jar
Downloading from central: https://repo.maven.apache.org/maven2/org/apache/maven/surefire/common-junit48/2.19.1/common-junit48-2.19.1.jar
Downloading from central: https://repo.maven.apache.org/maven2/org/apache/maven/surefire/common-junit3/2.19.1/common-junit3-2.19.1.jar
Downloading from central: https://repo.maven.apache.org/maven2/org/apache/maven/surefire/common-java5/2.19.1/common-java5-2.19.1.jar
Downloading from central: https://repo.maven.apache.org/maven2/org/apache/maven/surefire/common-junit4/2.19.1/common-junit4-2.19.1.jar
Progress (1): 4.1/44 kBProgress (1): 8.2/44 kBProgress (1): 12/44 kB Progress (1): 16/44 kBProgress (1): 20/44 kBProgress (1): 25/44 kBProgress (1): 29/44 kBProgress (1): 33/44 kBProgress (2): 33/44 kB | 2.7/12 kBProgress (3): 33/44 kB | 2.7/12 kB | 2.7/23 kBProgress (3): 33/44 kB | 5.5/12 kB | 2.7/23 kBProgress (3): 37/44 kB | 5.5/12 kB | 2.7/23 kBProgress (3): 41/44 kB | 5.5/12 kB | 2.7/23 kBProgress (3): 44 kB | 5.5/12 kB | 2.7/23 kB   Progress (3): 44 kB | 8.2/12 kB | 2.7/23 kBProgress (3): 44 kB | 8.2/12 kB | 5.5/23 kBProgress (3): 44 kB | 11/12 kB | 5.5/23 kB Progress (3): 44 kB | 12 kB | 5.5/23 kB   Progress (3): 44 kB | 12 kB | 8.2/23 kBProgress (4): 44 kB | 12 kB | 8.2/23 kB | 4.1/153 kBProgress (4): 44 kB | 12 kB | 8.2/23 kB | 8.2/153 kBProgress (4): 44 kB | 12 kB | 8.2/23 kB | 12/153 kB Progress (4): 44 kB | 12 kB | 8.2/23 kB | 16/153 kBProgress (4): 44 kB | 12 kB | 11/23 kB | 16/153 kB Progress (4): 44 kB | 12 kB | 14/23 kB | 16/153 kBProgress (4): 44 kB | 12 kB | 16/23 kB | 16/153 kBProgress (4): 44 kB | 12 kB | 19/23 kB | 16/153 kBProgress (4): 44 kB | 12 kB | 22/23 kB | 16/153 kBProgress (4): 44 kB | 12 kB | 23 kB | 16/153 kB   Progress (4): 44 kB | 12 kB | 23 kB | 20/153 kBProgress (4): 44 kB | 12 kB | 23 kB | 25/153 kBProgress (4): 44 kB | 12 kB | 23 kB | 29/153 kBProgress (4): 44 kB | 12 kB | 23 kB | 33/153 kBProgress (4): 44 kB | 12 kB | 23 kB | 36/153 kBProgress (4): 44 kB | 12 kB | 23 kB | 40/153 kBProgress (4): 44 kB | 12 kB | 23 kB | 44/153 kBProgress (4): 44 kB | 12 kB | 23 kB | 48/153 kBProgress (4): 44 kB | 12 kB | 23 kB | 52/153 kBProgress (4): 44 kB | 12 kB | 23 kB | 56/153 kBProgress (4): 44 kB | 12 kB | 23 kB | 61/153 kBProgress (4): 44 kB | 12 kB | 23 kB | 65/153 kBProgress (4): 44 kB | 12 kB | 23 kB | 69/153 kB                                               Downloaded from central: https://repo.maven.apache.org/maven2/org/apache/maven/surefire/common-java5/2.19.1/common-java5-2.19.1.jar (44 kB at 171 kB/s)
Downloading from central: https://repo.maven.apache.org/maven2/org/apache/maven/shared/maven-shared-utils/0.9/maven-shared-utils-0.9.jar
Downloaded from central: https://repo.maven.apache.org/maven2/org/apache/maven/surefire/common-junit3/2.19.1/common-junit3-2.19.1.jar (12 kB at 44 kB/s)
Downloading from central: https://repo.maven.apache.org/maven2/org/apache/maven/surefire/surefire-grouper/2.19.1/surefire-grouper-2.19.1.jar
Downloaded from central: https://repo.maven.apache.org/maven2/org/apache/maven/surefire/common-junit48/2.19.1/common-junit48-2.19.1.jar (23 kB at 81 kB/s)
Progress (1): 73/153 kBProgress (1): 77/153 kBProgress (1): 81/153 kBProgress (1): 85/153 kBProgress (1): 89/153 kBProgress (1): 93/153 kBProgress (1): 97/153 kBProgress (1): 102/153 kBProgress (1): 106/153 kBProgress (1): 110/153 kBProgress (1): 114/153 kBProgress (1): 118/153 kBProgress (2): 118/153 kB | 2.7/26 kBProgress (2): 118/153 kB | 5.5/26 kBProgress (2): 118/153 kB | 8.2/26 kBProgress (2): 118/153 kB | 11/26 kB Progress (2): 118/153 kB | 14/26 kBProgress (2): 118/153 kB | 16/26 kBProgress (2): 118/153 kB | 19/26 kBProgress (3): 118/153 kB | 19/26 kB | 4.1/172 kBProgress (3): 118/153 kB | 19/26 kB | 8.2/172 kBProgress (3): 118/153 kB | 19/26 kB | 12/172 kB Progress (3): 118/153 kB | 19/26 kB | 16/172 kBProgress (3): 118/153 kB | 22/26 kB | 16/172 kBProgress (3): 118/153 kB | 22/26 kB | 20/172 kBProgress (3): 118/153 kB | 22/26 kB | 25/172 kBProgress (3): 118/153 kB | 22/26 kB | 29/172 kBProgress (3): 118/153 kB | 22/26 kB | 33/172 kBProgress (4): 118/153 kB | 22/26 kB | 33/172 kB | 2.7/38 kBProgress (4): 118/153 kB | 25/26 kB | 33/172 kB | 2.7/38 kBProgress (4): 118/153 kB | 25/26 kB | 37/172 kB | 2.7/38 kBProgress (4): 118/153 kB | 25/26 kB | 41/172 kB | 2.7/38 kBProgress (4): 118/153 kB | 25/26 kB | 45/172 kB | 2.7/38 kBProgress (4): 118/153 kB | 25/26 kB | 49/172 kB | 2.7/38 kBProgress (4): 118/153 kB | 25/26 kB | 49/172 kB | 5.5/38 kBProgress (4): 118/153 kB | 25/26 kB | 53/172 kB | 5.5/38 kBProgress (4): 118/153 kB | 26 kB | 53/172 kB | 5.5/38 kB   Progress (4): 118/153 kB | 26 kB | 57/172 kB | 5.5/38 kBProgress (4): 118/153 kB | 26 kB | 61/172 kB | 5.5/38 kBProgress (4): 118/153 kB | 26 kB | 66/172 kB | 5.5/38 kBProgress (4): 118/153 kB | 26 kB | 70/172 kB | 5.5/38 kBProgress (4): 118/153 kB | 26 kB | 74/172 kB | 5.5/38 kBProgress (4): 118/153 kB | 26 kB | 78/172 kB | 5.5/38 kBProgress (4): 118/153 kB | 26 kB | 82/172 kB | 5.5/38 kBProgress (4): 122/153 kB | 26 kB | 82/172 kB | 5.5/38 kBProgress (4): 126/153 kB | 26 kB | 82/172 kB | 5.5/38 kBProgress (4): 130/153 kB | 26 kB | 82/172 kB | 5.5/38 kBProgress (4): 134/153 kB | 26 kB | 82/172 kB | 5.5/38 kBProgress (4): 134/153 kB | 26 kB | 86/172 kB | 5.5/38 kBProgress (4): 134/153 kB | 26 kB | 90/172 kB | 5.5/38 kBProgress (4): 134/153 kB | 26 kB | 94/172 kB | 5.5/38 kBProgress (4): 134/153 kB | 26 kB | 98/172 kB | 5.5/38 kBProgress (4): 134/153 kB | 26 kB | 98/172 kB | 9.6/38 kBProgress (4): 134/153 kB | 26 kB | 98/172 kB | 14/38 kB Progress (4): 134/153 kB | 26 kB | 98/172 kB | 18/38 kBProgress (4): 134/153 kB | 26 kB | 98/172 kB | 22/38 kBProgress (4): 134/153 kB | 26 kB | 102/172 kB | 22/38 kBProgress (4): 134/153 kB | 26 kB | 106/172 kB | 22/38 kBProgress (4): 134/153 kB | 26 kB | 111/172 kB | 22/38 kBProgress (4): 134/153 kB | 26 kB | 115/172 kB | 22/38 kBProgress (4): 134/153 kB | 26 kB | 119/172 kB | 22/38 kBProgress (4): 134/153 kB | 26 kB | 123/172 kB | 22/38 kBProgress (4): 134/153 kB | 26 kB | 127/172 kB | 22/38 kBProgress (4): 134/153 kB | 26 kB | 131/172 kB | 22/38 kBProgress (4): 134/153 kB | 26 kB | 135/172 kB | 22/38 kBProgress (4): 134/153 kB | 26 kB | 139/172 kB | 22/38 kBProgress (4): 134/153 kB | 26 kB | 143/172 kB | 22/38 kBProgress (4): 134/153 kB | 26 kB | 147/172 kB | 22/38 kBProgress (4): 134/153 kB | 26 kB | 147/172 kB | 26/38 kBProgress (4): 134/153 kB | 26 kB | 147/172 kB | 30/38 kBProgress (4): 134/153 kB | 26 kB | 147/172 kB | 34/38 kBProgress (4): 134/153 kB | 26 kB | 147/172 kB | 38/38 kBProgress (4): 134/153 kB | 26 kB | 147/172 kB | 38 kB   Progress (4): 134/153 kB | 26 kB | 152/172 kB | 38 kBProgress (4): 134/153 kB | 26 kB | 156/172 kB | 38 kBProgress (4): 134/153 kB | 26 kB | 160/172 kB | 38 kBProgress (4): 134/153 kB | 26 kB | 164/172 kB | 38 kBProgress (4): 134/153 kB | 26 kB | 168/172 kB | 38 kBProgress (4): 134/153 kB | 26 kB | 172 kB | 38 kB    Progress (4): 138/153 kB | 26 kB | 172 kB | 38 kBProgress (4): 143/153 kB | 26 kB | 172 kB | 38 kBProgress (4): 147/153 kB | 26 kB | 172 kB | 38 kBProgress (4): 151/153 kB | 26 kB | 172 kB | 38 kBProgress (4): 153 kB | 26 kB | 172 kB | 38 kB                                                 Downloaded from central: https://repo.maven.apache.org/maven2/org/apache/maven/surefire/common-junit4/2.19.1/common-junit4-2.19.1.jar (26 kB at 50 kB/s)
Downloaded from central: https://repo.maven.apache.org/maven2/org/apache/maven/surefire/surefire-grouper/2.19.1/surefire-grouper-2.19.1.jar (38 kB at 141 kB/s)
Downloaded from central: https://repo.maven.apache.org/maven2/org/apache/maven/shared/maven-shared-utils/0.9/maven-shared-utils-0.9.jar (172 kB at 607 kB/s)
Downloaded from central: https://repo.maven.apache.org/maven2/org/apache/maven/surefire/surefire-junit47/2.19.1/surefire-junit47-2.19.1.jar (153 kB at 270 kB/s)

-------------------------------------------------------
 T E S T S
-------------------------------------------------------
Running com.addressbookdemo.utilities.TestLogger
SLF4J: Class path contains multiple SLF4J bindings.
SLF4J: Found binding in [jar:file:/var/lib/jenkins/.m2/repository/org/slf4j/slf4j-simple/1.7.7/slf4j-simple-1.7.7.jar!/org/slf4j/impl/StaticLoggerBinder.class]
SLF4J: Found binding in [jar:file:/var/lib/jenkins/.m2/repository/org/slf4j/slf4j-log4j12/1.7.7/slf4j-log4j12-1.7.7.jar!/org/slf4j/impl/StaticLoggerBinder.class]
SLF4J: See http://www.slf4j.org/codes.html#multiple_bindings for an explanation.
SLF4J: Actual binding is of type [org.slf4j.impl.SimpleLoggerFactory]
[pool-1-thread-1] INFO com.addressbookdemo.utilities.TestLogger - java.lang.ArithmeticException: / by zero
Cause:at com.addressbookdemo.utilities.TestLogger.testGetErrorMessage1(TestLogger.java:14)
Cause:at sun.reflect.NativeMethodAccessorImpl.invoke0(Native Method)
[pool-1-thread-2] INFO com.addressbookdemo.utilities.TestLogger - java.lang.ArithmeticException: / by zero
Cause:at com.addressbookdemo.utilities.TestLogger.testGetErrorMessage2(TestLogger.java:30)
Cause:at sun.reflect.NativeMethodAccessorImpl.invoke0(Native Method)
[pool-1-thread-3] INFO com.addressbookdemo.utilities.TestLogger - java.lang.ArithmeticException: / by zero
Cause:at com.addressbookdemo.utilities.ExceptionThrower.getCounter(ExceptionThrower.java:13)
Cause:at com.addressbookdemo.utilities.TestLogger.testGetErrorMessage3(TestLogger.java:45)
[pool-1-thread-4] INFO com.addressbookdemo.utilities.TestLogger - java.io.IOException: TESTIOEXCEPTION
Cause:at com.addressbookdemo.utilities.ExceptionThrower.doNothing(ExceptionThrower.java:18)
Cause:at com.addressbookdemo.utilities.TestLogger.testGetErrorMessage4(TestLogger.java:60)
[pool-1-thread-5] ERROR com.addressbookdemo.utilities.ExceptionThrower - java.lang.Exception: DEAR
Cause:at com.addressbookdemo.utilities.ExceptionThrower.doYYY(ExceptionThrower.java:35)
Cause:at com.addressbookdemo.utilities.ExceptionThrower.doXXX(ExceptionThrower.java:23)
[pool-1-thread-5] INFO com.addressbookdemo.utilities.TestLogger - java.lang.Exception: TEST MESSAGE
Cause:at com.addressbookdemo.utilities.ExceptionThrower.doCheck(ExceptionThrower.java:43)
Cause:at com.addressbookdemo.utilities.TestLogger.testGetErrorMessage5(TestLogger.java:75)
***** java.lang.Exception: TEST MESSAGE
Cause:at com.addressbookdemo.utilities.ExceptionThrower.doCheck(ExceptionThrower.java:43)
Cause:at com.addressbookdemo.utilities.TestLogger.testGetErrorMessage5(TestLogger.java:75)
Tests run: 5, Failures: 0, Errors: 0, Skipped: 0, Time elapsed: 0.042 sec - in com.addressbookdemo.utilities.TestLogger
Running com.addressbookdemo.utilities.TestHexAsciiConversion
74657374696e6720617363696920636f6e76657274696f6e20696e746f2068657861646563696d616c
testing ascii convertion into hexadecimal
Tests run: 4, Failures: 0, Errors: 0, Skipped: 0, Time elapsed: 0.032 sec - in com.addressbookdemo.utilities.TestHexAsciiConversion
Running com.addressbookdemo.utilities.TestGenericComparator
Tests run: 14, Failures: 0, Errors: 0, Skipped: 0, Time elapsed: 0.015 sec - in com.addressbookdemo.utilities.TestGenericComparator

Results :

Tests run: 23, Failures: 0, Errors: 0, Skipped: 0

[[1;34mINFO[m] 
[[1;34mINFO[m] [1m-------------------< [0;36mcom.demo.tutorial:addressbook[0;1m >--------------------[m
[[1;34mINFO[m] [1mBuilding Address Book Demo 1.0-SNAPSHOT                            [2/2][m
[[1;34mINFO[m] [1m--------------------------------[ pom ]---------------------------------[m
[[1;34mINFO[m] [1m------------------------------------------------------------------------[m
[[1;34mINFO[m] [1mReactor Summary:[m
[[1;34mINFO[m] 
[[1;34mINFO[m] Vaadin Addressbook example 2.0 ..................... [1;32mSUCCESS[m [  8.916 s]
[[1;34mINFO[m] Address Book Demo 1.0-SNAPSHOT ..................... [1;32mSUCCESS[m [  0.000 s]
[[1;34mINFO[m] [1m------------------------------------------------------------------------[m
[[1;34mINFO[m] [1;32mBUILD SUCCESS[m
[[1;34mINFO[m] [1m------------------------------------------------------------------------[m
[[1;34mINFO[m] Total time:  9.023 s
[[1;34mINFO[m] Finished at: 2021-08-25T08:39:32Z
[[1;34mINFO[m] [1m------------------------------------------------------------------------[m
[Checks API] No suitable checks publisher found.
Finished: SUCCESS
